[2025-09-22T00:40:55.803+0000] {taskinstance.py:1956} INFO - Dependencies all met for dep_context=non-requeueable deps ti=<TaskInstance: processamento_silver.translation_to_silver manual__2025-09-22T00:40:46.287154+00:00 [queued]>
[2025-09-22T00:40:55.929+0000] {taskinstance.py:1956} INFO - Dependencies all met for dep_context=requeueable deps ti=<TaskInstance: processamento_silver.translation_to_silver manual__2025-09-22T00:40:46.287154+00:00 [queued]>
[2025-09-22T00:40:55.932+0000] {taskinstance.py:2170} INFO - Starting attempt 1 of 2
[2025-09-22T00:40:56.019+0000] {taskinstance.py:2191} INFO - Executing <Task(PostgresOperator): translation_to_silver> on 2025-09-22 00:40:46.287154+00:00
[2025-09-22T00:40:56.100+0000] {standard_task_runner.py:60} INFO - Started process 1025 to run task
[2025-09-22T00:40:56.121+0000] {standard_task_runner.py:87} INFO - Running: ['***', 'tasks', 'run', 'processamento_silver', 'translation_to_silver', 'manual__2025-09-22T00:40:46.287154+00:00', '--job-id', '106', '--raw', '--subdir', 'DAGS_FOLDER/processamento_silver.py', '--cfg-path', '/tmp/tmpmrhadpom']
[2025-09-22T00:40:56.171+0000] {standard_task_runner.py:88} INFO - Job 106: Subtask translation_to_silver
[2025-09-22T00:40:56.470+0000] {task_command.py:423} INFO - Running <TaskInstance: processamento_silver.translation_to_silver manual__2025-09-22T00:40:46.287154+00:00 [running]> on host e833383cbb8e
[2025-09-22T00:40:56.886+0000] {taskinstance.py:2480} INFO - Exporting env vars: AIRFLOW_CTX_DAG_OWNER='***' AIRFLOW_CTX_DAG_ID='processamento_silver' AIRFLOW_CTX_TASK_ID='translation_to_silver' AIRFLOW_CTX_EXECUTION_DATE='2025-09-22T00:40:46.287154+00:00' AIRFLOW_CTX_TRY_NUMBER='1' AIRFLOW_CTX_DAG_RUN_ID='manual__2025-09-22T00:40:46.287154+00:00'
[2025-09-22T00:40:56.900+0000] {sql.py:276} INFO - Executing: CREATE SCHEMA IF NOT EXISTS silver;

DROP TABLE IF EXISTS silver.product_category_name_translation;

CREATE TABLE silver.product_category_name_translation AS
SELECT
    lower(trim(product_category_name)) AS product_category_name,
    lower(trim(product_category_name_english)) AS product_category_name_english
FROM bronze.product_category_name_translation;
[2025-09-22T00:40:56.930+0000] {base.py:83} INFO - Using connection ID '***_db' for task execution.
[2025-09-22T00:40:56.987+0000] {base.py:83} INFO - Using connection ID '***_db' for task execution.
[2025-09-22T00:40:57.015+0000] {sql.py:450} INFO - Running statement: CREATE SCHEMA IF NOT EXISTS silver;

DROP TABLE IF EXISTS silver.product_category_name_translation;

CREATE TABLE silver.product_category_name_translation AS
SELECT
    lower(trim(product_category_name)) AS product_category_name,
    lower(trim(product_category_name_english)) AS product_category_name_english
FROM bronze.product_category_name_translation;, parameters: None
[2025-09-22T00:40:57.309+0000] {taskinstance.py:2698} ERROR - Task failed with exception
Traceback (most recent call last):
  File "/home/airflow/.local/lib/python3.8/site-packages/airflow/models/taskinstance.py", line 433, in _execute_task
    result = execute_callable(context=context, **execute_callable_kwargs)
  File "/home/airflow/.local/lib/python3.8/site-packages/airflow/providers/common/sql/operators/sql.py", line 282, in execute
    output = hook.run(
  File "/home/airflow/.local/lib/python3.8/site-packages/airflow/providers/common/sql/hooks/sql.py", line 398, in run
    self._run_command(cur, sql_statement, parameters)
  File "/home/airflow/.local/lib/python3.8/site-packages/airflow/providers/common/sql/hooks/sql.py", line 455, in _run_command
    cur.execute(sql_statement)
psycopg2.errors.UniqueViolation: duplicate key value violates unique constraint "pg_namespace_nspname_index"
DETAIL:  Key (nspname)=(silver) already exists.

[2025-09-22T00:40:57.378+0000] {taskinstance.py:1138} INFO - Marking task as UP_FOR_RETRY. dag_id=processamento_silver, task_id=translation_to_silver, execution_date=20250922T004046, start_date=20250922T004055, end_date=20250922T004057
[2025-09-22T00:40:57.844+0000] {standard_task_runner.py:107} ERROR - Failed to execute job 106 for task translation_to_silver (duplicate key value violates unique constraint "pg_namespace_nspname_index"
DETAIL:  Key (nspname)=(silver) already exists.
; 1025)
[2025-09-22T00:40:57.901+0000] {local_task_job_runner.py:234} INFO - Task exited with return code 1
[2025-09-22T00:40:58.118+0000] {taskinstance.py:3280} INFO - 0 downstream tasks scheduled from follow-on schedule check
