[2025-09-22T00:40:56.864+0000] {taskinstance.py:1956} INFO - Dependencies all met for dep_context=non-requeueable deps ti=<TaskInstance: processamento_silver.sellers_to_silver manual__2025-09-22T00:40:46.287154+00:00 [queued]>
[2025-09-22T00:40:56.939+0000] {taskinstance.py:1956} INFO - Dependencies all met for dep_context=requeueable deps ti=<TaskInstance: processamento_silver.sellers_to_silver manual__2025-09-22T00:40:46.287154+00:00 [queued]>
[2025-09-22T00:40:56.939+0000] {taskinstance.py:2170} INFO - Starting attempt 1 of 2
[2025-09-22T00:40:57.037+0000] {taskinstance.py:2191} INFO - Executing <Task(PostgresOperator): sellers_to_silver> on 2025-09-22 00:40:46.287154+00:00
[2025-09-22T00:40:57.057+0000] {standard_task_runner.py:60} INFO - Started process 1030 to run task
[2025-09-22T00:40:57.081+0000] {standard_task_runner.py:87} INFO - Running: ['***', 'tasks', 'run', 'processamento_silver', 'sellers_to_silver', 'manual__2025-09-22T00:40:46.287154+00:00', '--job-id', '111', '--raw', '--subdir', 'DAGS_FOLDER/processamento_silver.py', '--cfg-path', '/tmp/tmp_urbehoh']
[2025-09-22T00:40:57.091+0000] {standard_task_runner.py:88} INFO - Job 111: Subtask sellers_to_silver
[2025-09-22T00:40:57.301+0000] {task_command.py:423} INFO - Running <TaskInstance: processamento_silver.sellers_to_silver manual__2025-09-22T00:40:46.287154+00:00 [running]> on host e833383cbb8e
[2025-09-22T00:40:57.800+0000] {taskinstance.py:2480} INFO - Exporting env vars: AIRFLOW_CTX_DAG_OWNER='***' AIRFLOW_CTX_DAG_ID='processamento_silver' AIRFLOW_CTX_TASK_ID='sellers_to_silver' AIRFLOW_CTX_EXECUTION_DATE='2025-09-22T00:40:46.287154+00:00' AIRFLOW_CTX_TRY_NUMBER='1' AIRFLOW_CTX_DAG_RUN_ID='manual__2025-09-22T00:40:46.287154+00:00'
[2025-09-22T00:40:57.806+0000] {sql.py:276} INFO - Executing: CREATE SCHEMA IF NOT EXISTS silver;

DROP TABLE IF EXISTS silver.olist_sellers_dataset;

CREATE TABLE silver.olist_sellers_dataset AS
SELECT
    seller_id,
    regexp_replace(seller_zip_code_prefix, '[^0-9]', '', 'g') AS seller_zip_code_prefix,
    lower(trim(seller_city)) AS seller_city,
    upper(trim(seller_state)) AS seller_state
FROM bronze.olist_sellers_dataset;
[2025-09-22T00:40:57.839+0000] {base.py:83} INFO - Using connection ID '***_db' for task execution.
[2025-09-22T00:40:57.857+0000] {base.py:83} INFO - Using connection ID '***_db' for task execution.
[2025-09-22T00:40:57.876+0000] {sql.py:450} INFO - Running statement: CREATE SCHEMA IF NOT EXISTS silver;

DROP TABLE IF EXISTS silver.olist_sellers_dataset;

CREATE TABLE silver.olist_sellers_dataset AS
SELECT
    seller_id,
    regexp_replace(seller_zip_code_prefix, '[^0-9]', '', 'g') AS seller_zip_code_prefix,
    lower(trim(seller_city)) AS seller_city,
    upper(trim(seller_state)) AS seller_state
FROM bronze.olist_sellers_dataset;, parameters: None
[2025-09-22T00:40:57.885+0000] {taskinstance.py:2698} ERROR - Task failed with exception
Traceback (most recent call last):
  File "/home/airflow/.local/lib/python3.8/site-packages/airflow/models/taskinstance.py", line 433, in _execute_task
    result = execute_callable(context=context, **execute_callable_kwargs)
  File "/home/airflow/.local/lib/python3.8/site-packages/airflow/providers/common/sql/operators/sql.py", line 282, in execute
    output = hook.run(
  File "/home/airflow/.local/lib/python3.8/site-packages/airflow/providers/common/sql/hooks/sql.py", line 398, in run
    self._run_command(cur, sql_statement, parameters)
  File "/home/airflow/.local/lib/python3.8/site-packages/airflow/providers/common/sql/hooks/sql.py", line 455, in _run_command
    cur.execute(sql_statement)
psycopg2.errors.UndefinedFunction: function regexp_replace(bigint, unknown, unknown, unknown) does not exist
LINE 8:     regexp_replace(seller_zip_code_prefix, '[^0-9]', '', 'g'...
            ^
HINT:  No function matches the given name and argument types. You might need to add explicit type casts.

[2025-09-22T00:40:57.956+0000] {taskinstance.py:1138} INFO - Marking task as UP_FOR_RETRY. dag_id=processamento_silver, task_id=sellers_to_silver, execution_date=20250922T004046, start_date=20250922T004056, end_date=20250922T004057
[2025-09-22T00:40:58.025+0000] {standard_task_runner.py:107} ERROR - Failed to execute job 111 for task sellers_to_silver (function regexp_replace(bigint, unknown, unknown, unknown) does not exist
LINE 8:     regexp_replace(seller_zip_code_prefix, '[^0-9]', '', 'g'...
            ^
HINT:  No function matches the given name and argument types. You might need to add explicit type casts.
; 1030)
[2025-09-22T00:40:58.081+0000] {local_task_job_runner.py:234} INFO - Task exited with return code 1
[2025-09-22T00:40:58.214+0000] {taskinstance.py:3280} INFO - 0 downstream tasks scheduled from follow-on schedule check
