[2025-09-22T00:44:36.008+0000] {taskinstance.py:1956} INFO - Dependencies all met for dep_context=non-requeueable deps ti=<TaskInstance: processamento_silver.order_items_to_silver manual__2025-09-22T00:40:46.287154+00:00 [queued]>
[2025-09-22T00:44:36.054+0000] {taskinstance.py:1956} INFO - Dependencies all met for dep_context=requeueable deps ti=<TaskInstance: processamento_silver.order_items_to_silver manual__2025-09-22T00:40:46.287154+00:00 [queued]>
[2025-09-22T00:44:36.064+0000] {taskinstance.py:2170} INFO - Starting attempt 2 of 2
[2025-09-22T00:44:36.429+0000] {taskinstance.py:2191} INFO - Executing <Task(PostgresOperator): order_items_to_silver> on 2025-09-22 00:40:46.287154+00:00
[2025-09-22T00:44:36.444+0000] {standard_task_runner.py:60} INFO - Started process 1088 to run task
[2025-09-22T00:44:36.470+0000] {standard_task_runner.py:87} INFO - Running: ['***', 'tasks', 'run', 'processamento_silver', 'order_items_to_silver', 'manual__2025-09-22T00:40:46.287154+00:00', '--job-id', '112', '--raw', '--subdir', 'DAGS_FOLDER/processamento_silver.py', '--cfg-path', '/tmp/tmp36uboxlz']
[2025-09-22T00:44:36.481+0000] {standard_task_runner.py:88} INFO - Job 112: Subtask order_items_to_silver
[2025-09-22T00:44:36.727+0000] {task_command.py:423} INFO - Running <TaskInstance: processamento_silver.order_items_to_silver manual__2025-09-22T00:40:46.287154+00:00 [running]> on host e833383cbb8e
[2025-09-22T00:44:36.980+0000] {taskinstance.py:2480} INFO - Exporting env vars: AIRFLOW_CTX_DAG_OWNER='***' AIRFLOW_CTX_DAG_ID='processamento_silver' AIRFLOW_CTX_TASK_ID='order_items_to_silver' AIRFLOW_CTX_EXECUTION_DATE='2025-09-22T00:40:46.287154+00:00' AIRFLOW_CTX_TRY_NUMBER='2' AIRFLOW_CTX_DAG_RUN_ID='manual__2025-09-22T00:40:46.287154+00:00'
[2025-09-22T00:44:36.988+0000] {sql.py:276} INFO - Executing: CREATE SCHEMA IF NOT EXISTS silver;

DROP TABLE IF EXISTS silver.olist_order_items_dataset;

CREATE TABLE silver.olist_order_items_dataset AS
SELECT DISTINCT
    order_id,
    order_item_id::INTEGER,
    product_id,
    seller_id,
    CAST(shipping_limit_date AS TIMESTAMP) AS shipping_limit_date,
    CAST(price AS NUMERIC(18,6)) AS price,
    CAST(freight_value AS NUMERIC(18,6)) AS freight_value
FROM bronze.olist_order_items_dataset;
[2025-09-22T00:44:37.011+0000] {base.py:83} INFO - Using connection ID '***_db' for task execution.
[2025-09-22T00:44:37.053+0000] {base.py:83} INFO - Using connection ID '***_db' for task execution.
[2025-09-22T00:44:37.073+0000] {sql.py:450} INFO - Running statement: CREATE SCHEMA IF NOT EXISTS silver;

DROP TABLE IF EXISTS silver.olist_order_items_dataset;

CREATE TABLE silver.olist_order_items_dataset AS
SELECT DISTINCT
    order_id,
    order_item_id::INTEGER,
    product_id,
    seller_id,
    CAST(shipping_limit_date AS TIMESTAMP) AS shipping_limit_date,
    CAST(price AS NUMERIC(18,6)) AS price,
    CAST(freight_value AS NUMERIC(18,6)) AS freight_value
FROM bronze.olist_order_items_dataset;, parameters: None
[2025-09-22T00:44:39.490+0000] {sql.py:459} INFO - Rows affected: 112650
[2025-09-22T00:44:39.709+0000] {taskinstance.py:1138} INFO - Marking task as SUCCESS. dag_id=processamento_silver, task_id=order_items_to_silver, execution_date=20250922T004046, start_date=20250922T004436, end_date=20250922T004439
[2025-09-22T00:44:39.877+0000] {local_task_job_runner.py:234} INFO - Task exited with return code 0
[2025-09-22T00:44:39.900+0000] {taskinstance.py:3280} INFO - 0 downstream tasks scheduled from follow-on schedule check
