[2025-09-21T19:19:32.849+0000] {taskinstance.py:1956} INFO - Dependencies all met for dep_context=non-requeueable deps ti=<TaskInstance: ingestao_bronze.load_olist_order_payments_dataset_to_bronze manual__2025-09-21T19:19:25.590560+00:00 [queued]>
[2025-09-21T19:19:32.880+0000] {taskinstance.py:1956} INFO - Dependencies all met for dep_context=requeueable deps ti=<TaskInstance: ingestao_bronze.load_olist_order_payments_dataset_to_bronze manual__2025-09-21T19:19:25.590560+00:00 [queued]>
[2025-09-21T19:19:32.881+0000] {taskinstance.py:2170} INFO - Starting attempt 1 of 2
[2025-09-21T19:19:32.933+0000] {taskinstance.py:2191} INFO - Executing <Task(PythonOperator): load_olist_order_payments_dataset_to_bronze> on 2025-09-21 19:19:25.590560+00:00
[2025-09-21T19:19:32.949+0000] {standard_task_runner.py:60} INFO - Started process 202 to run task
[2025-09-21T19:19:32.966+0000] {standard_task_runner.py:87} INFO - Running: ['***', 'tasks', 'run', 'ingestao_bronze', 'load_olist_order_payments_dataset_to_bronze', 'manual__2025-09-21T19:19:25.590560+00:00', '--job-id', '60', '--raw', '--subdir', 'DAGS_FOLDER/ingestao_bronze.py', '--cfg-path', '/tmp/tmpjb_iq5qp']
[2025-09-21T19:19:32.971+0000] {standard_task_runner.py:88} INFO - Job 60: Subtask load_olist_order_payments_dataset_to_bronze
[2025-09-21T19:19:33.363+0000] {task_command.py:423} INFO - Running <TaskInstance: ingestao_bronze.load_olist_order_payments_dataset_to_bronze manual__2025-09-21T19:19:25.590560+00:00 [running]> on host 4fed29f7994a
[2025-09-21T19:19:33.662+0000] {taskinstance.py:2480} INFO - Exporting env vars: AIRFLOW_CTX_DAG_OWNER='***' AIRFLOW_CTX_DAG_ID='ingestao_bronze' AIRFLOW_CTX_TASK_ID='load_olist_order_payments_dataset_to_bronze' AIRFLOW_CTX_EXECUTION_DATE='2025-09-21T19:19:25.590560+00:00' AIRFLOW_CTX_TRY_NUMBER='1' AIRFLOW_CTX_DAG_RUN_ID='manual__2025-09-21T19:19:25.590560+00:00'
[2025-09-21T19:19:33.671+0000] {taskinstance.py:2698} ERROR - Task failed with exception
Traceback (most recent call last):
  File "/home/airflow/.local/lib/python3.8/site-packages/airflow/models/taskinstance.py", line 433, in _execute_task
    result = execute_callable(context=context, **execute_callable_kwargs)
  File "/home/airflow/.local/lib/python3.8/site-packages/airflow/operators/python.py", line 199, in execute
    return_value = self.execute_callable()
  File "/home/airflow/.local/lib/python3.8/site-packages/airflow/operators/python.py", line 216, in execute_callable
    return self.python_callable(*self.op_args, **self.op_kwargs)
  File "/opt/airflow/dags/ingestao_bronze.py", line 31, in load_csv_to_bronze
    raise FileNotFoundError(f"Arquivo {file_name} não encontrado em {DATA_PATH}")
FileNotFoundError: Arquivo olist_order_payments_dataset.csv não encontrado em /opt/***/data
[2025-09-21T19:19:33.700+0000] {taskinstance.py:1138} INFO - Marking task as UP_FOR_RETRY. dag_id=ingestao_bronze, task_id=load_olist_order_payments_dataset_to_bronze, execution_date=20250921T191925, start_date=20250921T191932, end_date=20250921T191933
[2025-09-21T19:19:33.777+0000] {standard_task_runner.py:107} ERROR - Failed to execute job 60 for task load_olist_order_payments_dataset_to_bronze (Arquivo olist_order_payments_dataset.csv não encontrado em /opt/***/data; 202)
[2025-09-21T19:19:33.840+0000] {local_task_job_runner.py:234} INFO - Task exited with return code 1
[2025-09-21T19:19:33.923+0000] {taskinstance.py:3280} INFO - 0 downstream tasks scheduled from follow-on schedule check
