[2025-09-22T00:49:00.022+0000] {taskinstance.py:1956} INFO - Dependencies all met for dep_context=non-requeueable deps ti=<TaskInstance: processamento_silver.sellers_to_silver manual__2025-09-22T00:48:47.181291+00:00 [queued]>
[2025-09-22T00:49:00.112+0000] {taskinstance.py:1956} INFO - Dependencies all met for dep_context=requeueable deps ti=<TaskInstance: processamento_silver.sellers_to_silver manual__2025-09-22T00:48:47.181291+00:00 [queued]>
[2025-09-22T00:49:00.112+0000] {taskinstance.py:2170} INFO - Starting attempt 1 of 2
[2025-09-22T00:49:00.227+0000] {taskinstance.py:2191} INFO - Executing <Task(PostgresOperator): sellers_to_silver> on 2025-09-22 00:48:47.181291+00:00
[2025-09-22T00:49:00.321+0000] {standard_task_runner.py:60} INFO - Started process 1181 to run task
[2025-09-22T00:49:00.372+0000] {standard_task_runner.py:87} INFO - Running: ['***', 'tasks', 'run', 'processamento_silver', 'sellers_to_silver', 'manual__2025-09-22T00:48:47.181291+00:00', '--job-id', '122', '--raw', '--subdir', 'DAGS_FOLDER/processamento_silver.py', '--cfg-path', '/tmp/tmp5s2y_14m']
[2025-09-22T00:49:00.434+0000] {standard_task_runner.py:88} INFO - Job 122: Subtask sellers_to_silver
[2025-09-22T00:49:00.788+0000] {task_command.py:423} INFO - Running <TaskInstance: processamento_silver.sellers_to_silver manual__2025-09-22T00:48:47.181291+00:00 [running]> on host e833383cbb8e
[2025-09-22T00:49:01.183+0000] {taskinstance.py:2480} INFO - Exporting env vars: AIRFLOW_CTX_DAG_OWNER='***' AIRFLOW_CTX_DAG_ID='processamento_silver' AIRFLOW_CTX_TASK_ID='sellers_to_silver' AIRFLOW_CTX_EXECUTION_DATE='2025-09-22T00:48:47.181291+00:00' AIRFLOW_CTX_TRY_NUMBER='1' AIRFLOW_CTX_DAG_RUN_ID='manual__2025-09-22T00:48:47.181291+00:00'
[2025-09-22T00:49:01.186+0000] {sql.py:276} INFO - Executing: CREATE SCHEMA IF NOT EXISTS silver;

DROP TABLE IF EXISTS silver.olist_sellers_dataset;

CREATE TABLE silver.olist_sellers_dataset AS
SELECT
    seller_id,
    regexp_replace(seller_zip_code_prefix::text, '[^0-9]', '', 'g') AS seller_zip_code_prefix,
    lower(trim(seller_city)) AS seller_city,
    upper(trim(seller_state)) AS seller_state
FROM bronze.olist_sellers_dataset;
[2025-09-22T00:51:02.492+0000] {base.py:83} INFO - Using connection ID '***_db' for task execution.
[2025-09-22T00:49:01.524+0000] {base.py:83} INFO - Using connection ID '***_db' for task execution.
[2025-09-22T00:49:01.608+0000] {sql.py:450} INFO - Running statement: CREATE SCHEMA IF NOT EXISTS silver;

DROP TABLE IF EXISTS silver.olist_sellers_dataset;

CREATE TABLE silver.olist_sellers_dataset AS
SELECT
    seller_id,
    regexp_replace(seller_zip_code_prefix::text, '[^0-9]', '', 'g') AS seller_zip_code_prefix,
    lower(trim(seller_city)) AS seller_city,
    upper(trim(seller_state)) AS seller_state
FROM bronze.olist_sellers_dataset;, parameters: None
[2025-09-22T00:49:01.712+0000] {sql.py:459} INFO - Rows affected: 3095
[2025-09-22T00:49:01.747+0000] {taskinstance.py:1138} INFO - Marking task as SUCCESS. dag_id=processamento_silver, task_id=sellers_to_silver, execution_date=20250922T004847, start_date=20250922T004900, end_date=20250922T004901
[2025-09-22T00:49:01.810+0000] {local_task_job_runner.py:234} INFO - Task exited with return code 0
[2025-09-22T00:49:01.947+0000] {taskinstance.py:3280} INFO - 0 downstream tasks scheduled from follow-on schedule check
