[2025-09-22T00:48:59.775+0000] {taskinstance.py:1956} INFO - Dependencies all met for dep_context=non-requeueable deps ti=<TaskInstance: processamento_silver.orders_to_silver manual__2025-09-22T00:48:47.181291+00:00 [queued]>
[2025-09-22T00:48:59.807+0000] {taskinstance.py:1956} INFO - Dependencies all met for dep_context=requeueable deps ti=<TaskInstance: processamento_silver.orders_to_silver manual__2025-09-22T00:48:47.181291+00:00 [queued]>
[2025-09-22T00:48:59.807+0000] {taskinstance.py:2170} INFO - Starting attempt 1 of 2
[2025-09-22T00:48:59.904+0000] {taskinstance.py:2191} INFO - Executing <Task(PostgresOperator): orders_to_silver> on 2025-09-22 00:48:47.181291+00:00
[2025-09-22T00:48:59.971+0000] {standard_task_runner.py:60} INFO - Started process 1180 to run task
[2025-09-22T00:49:00.014+0000] {standard_task_runner.py:87} INFO - Running: ['***', 'tasks', 'run', 'processamento_silver', 'orders_to_silver', 'manual__2025-09-22T00:48:47.181291+00:00', '--job-id', '121', '--raw', '--subdir', 'DAGS_FOLDER/processamento_silver.py', '--cfg-path', '/tmp/tmpftb3qjm0']
[2025-09-22T00:49:00.029+0000] {standard_task_runner.py:88} INFO - Job 121: Subtask orders_to_silver
[2025-09-22T00:49:00.357+0000] {task_command.py:423} INFO - Running <TaskInstance: processamento_silver.orders_to_silver manual__2025-09-22T00:48:47.181291+00:00 [running]> on host e833383cbb8e
[2025-09-22T00:49:01.018+0000] {taskinstance.py:2480} INFO - Exporting env vars: AIRFLOW_CTX_DAG_OWNER='***' AIRFLOW_CTX_DAG_ID='processamento_silver' AIRFLOW_CTX_TASK_ID='orders_to_silver' AIRFLOW_CTX_EXECUTION_DATE='2025-09-22T00:48:47.181291+00:00' AIRFLOW_CTX_TRY_NUMBER='1' AIRFLOW_CTX_DAG_RUN_ID='manual__2025-09-22T00:48:47.181291+00:00'
[2025-09-22T00:49:01.024+0000] {sql.py:276} INFO - Executing: CREATE SCHEMA IF NOT EXISTS silver;

DROP TABLE IF EXISTS silver.olist_orders_dataset;

CREATE TABLE silver.olist_orders_dataset AS
SELECT
    order_id,
    customer_id,
    lower(trim(order_status)) AS order_status,
    CAST(order_purchase_timestamp AS TIMESTAMP) AS order_purchase_timestamp,
    CAST(order_approved_at AS TIMESTAMP) AS order_approved_at,
    CAST(order_delivered_carrier_date AS TIMESTAMP) AS order_delivered_carrier_date,
    CAST(order_delivered_customer_date AS TIMESTAMP) AS order_delivered_customer_date,
    CAST(order_estimated_delivery_date AS TIMESTAMP) AS order_estimated_delivery_date
FROM bronze.olist_orders_dataset;
[2025-09-22T00:49:01.041+0000] {base.py:83} INFO - Using connection ID '***_db' for task execution.
[2025-09-22T00:49:01.066+0000] {base.py:83} INFO - Using connection ID '***_db' for task execution.
[2025-09-22T00:49:01.074+0000] {sql.py:450} INFO - Running statement: CREATE SCHEMA IF NOT EXISTS silver;

DROP TABLE IF EXISTS silver.olist_orders_dataset;

CREATE TABLE silver.olist_orders_dataset AS
SELECT
    order_id,
    customer_id,
    lower(trim(order_status)) AS order_status,
    CAST(order_purchase_timestamp AS TIMESTAMP) AS order_purchase_timestamp,
    CAST(order_approved_at AS TIMESTAMP) AS order_approved_at,
    CAST(order_delivered_carrier_date AS TIMESTAMP) AS order_delivered_carrier_date,
    CAST(order_delivered_customer_date AS TIMESTAMP) AS order_delivered_customer_date,
    CAST(order_estimated_delivery_date AS TIMESTAMP) AS order_estimated_delivery_date
FROM bronze.olist_orders_dataset;, parameters: None
[2025-09-22T00:49:03.620+0000] {sql.py:459} INFO - Rows affected: 99441
[2025-09-22T00:49:03.777+0000] {taskinstance.py:1138} INFO - Marking task as SUCCESS. dag_id=processamento_silver, task_id=orders_to_silver, execution_date=20250922T004847, start_date=20250922T004859, end_date=20250922T004903
[2025-09-22T00:49:03.924+0000] {local_task_job_runner.py:234} INFO - Task exited with return code 0
[2025-09-22T00:49:04.052+0000] {taskinstance.py:3280} INFO - 0 downstream tasks scheduled from follow-on schedule check
