[2025-09-22T00:40:56.411+0000] {taskinstance.py:1956} INFO - Dependencies all met for dep_context=non-requeueable deps ti=<TaskInstance: processamento_silver.order_payments_to_silver manual__2025-09-22T00:40:46.287154+00:00 [queued]>
[2025-09-22T00:40:56.487+0000] {taskinstance.py:1956} INFO - Dependencies all met for dep_context=requeueable deps ti=<TaskInstance: processamento_silver.order_payments_to_silver manual__2025-09-22T00:40:46.287154+00:00 [queued]>
[2025-09-22T00:40:56.495+0000] {taskinstance.py:2170} INFO - Starting attempt 1 of 2
[2025-09-22T00:40:56.589+0000] {taskinstance.py:2191} INFO - Executing <Task(PostgresOperator): order_payments_to_silver> on 2025-09-22 00:40:46.287154+00:00
[2025-09-22T00:40:56.640+0000] {standard_task_runner.py:60} INFO - Started process 1028 to run task
[2025-09-22T00:40:56.671+0000] {standard_task_runner.py:87} INFO - Running: ['***', 'tasks', 'run', 'processamento_silver', 'order_payments_to_silver', 'manual__2025-09-22T00:40:46.287154+00:00', '--job-id', '110', '--raw', '--subdir', 'DAGS_FOLDER/processamento_silver.py', '--cfg-path', '/tmp/tmp3ld03ttf']
[2025-09-22T00:40:56.701+0000] {standard_task_runner.py:88} INFO - Job 110: Subtask order_payments_to_silver
[2025-09-22T00:40:57.101+0000] {task_command.py:423} INFO - Running <TaskInstance: processamento_silver.order_payments_to_silver manual__2025-09-22T00:40:46.287154+00:00 [running]> on host e833383cbb8e
[2025-09-22T00:40:57.439+0000] {taskinstance.py:2480} INFO - Exporting env vars: AIRFLOW_CTX_DAG_OWNER='***' AIRFLOW_CTX_DAG_ID='processamento_silver' AIRFLOW_CTX_TASK_ID='order_payments_to_silver' AIRFLOW_CTX_EXECUTION_DATE='2025-09-22T00:40:46.287154+00:00' AIRFLOW_CTX_TRY_NUMBER='1' AIRFLOW_CTX_DAG_RUN_ID='manual__2025-09-22T00:40:46.287154+00:00'
[2025-09-22T00:40:57.442+0000] {sql.py:276} INFO - Executing: CREATE SCHEMA IF NOT EXISTS silver;

DROP TABLE IF EXISTS silver.olist_order_payments_dataset;

CREATE TABLE silver.olist_order_payments_dataset AS
SELECT
    order_id,
    payment_sequential::INTEGER,
    lower(trim(payment_type)) AS payment_type,
    payment_installments::INTEGER,
    CAST(payment_value AS NUMERIC(18,6)) AS payment_value
FROM bronze.olist_order_payments_dataset;
[2025-09-22T00:40:57.467+0000] {base.py:83} INFO - Using connection ID '***_db' for task execution.
[2025-09-22T00:40:57.543+0000] {base.py:83} INFO - Using connection ID '***_db' for task execution.
[2025-09-22T00:40:57.566+0000] {sql.py:450} INFO - Running statement: CREATE SCHEMA IF NOT EXISTS silver;

DROP TABLE IF EXISTS silver.olist_order_payments_dataset;

CREATE TABLE silver.olist_order_payments_dataset AS
SELECT
    order_id,
    payment_sequential::INTEGER,
    lower(trim(payment_type)) AS payment_type,
    payment_installments::INTEGER,
    CAST(payment_value AS NUMERIC(18,6)) AS payment_value
FROM bronze.olist_order_payments_dataset;, parameters: None
[2025-09-22T00:40:58.469+0000] {sql.py:459} INFO - Rows affected: 103886
[2025-09-22T00:40:58.524+0000] {taskinstance.py:1138} INFO - Marking task as SUCCESS. dag_id=processamento_silver, task_id=order_payments_to_silver, execution_date=20250922T004046, start_date=20250922T004056, end_date=20250922T004058
[2025-09-22T00:40:58.670+0000] {local_task_job_runner.py:234} INFO - Task exited with return code 0
[2025-09-22T00:40:58.722+0000] {taskinstance.py:3280} INFO - 0 downstream tasks scheduled from follow-on schedule check
