[2025-09-22T00:10:54.855+0000] {taskinstance.py:1956} INFO - Dependencies all met for dep_context=non-requeueable deps ti=<TaskInstance: processamento_silver.order_items_to_silver manual__2025-09-22T00:10:23.597638+00:00 [queued]>
[2025-09-22T00:10:54.872+0000] {taskinstance.py:1956} INFO - Dependencies all met for dep_context=requeueable deps ti=<TaskInstance: processamento_silver.order_items_to_silver manual__2025-09-22T00:10:23.597638+00:00 [queued]>
[2025-09-22T00:10:54.876+0000] {taskinstance.py:2170} INFO - Starting attempt 1 of 2
[2025-09-22T00:10:54.956+0000] {taskinstance.py:2191} INFO - Executing <Task(PostgresOperator): order_items_to_silver> on 2025-09-22 00:10:23.597638+00:00
[2025-09-22T00:10:55.029+0000] {standard_task_runner.py:60} INFO - Started process 361 to run task
[2025-09-22T00:10:55.047+0000] {standard_task_runner.py:87} INFO - Running: ['***', 'tasks', 'run', 'processamento_silver', 'order_items_to_silver', 'manual__2025-09-22T00:10:23.597638+00:00', '--job-id', '32', '--raw', '--subdir', 'DAGS_FOLDER/processamento_silver.py', '--cfg-path', '/tmp/tmpq955c2hj']
[2025-09-22T00:10:55.054+0000] {standard_task_runner.py:88} INFO - Job 32: Subtask order_items_to_silver
[2025-09-22T00:10:55.184+0000] {task_command.py:423} INFO - Running <TaskInstance: processamento_silver.order_items_to_silver manual__2025-09-22T00:10:23.597638+00:00 [running]> on host e833383cbb8e
[2025-09-22T00:10:55.270+0000] {abstractoperator.py:707} ERROR - Exception rendering Jinja template for task 'order_items_to_silver', field 'sql'. Template: '/opt/***/sql/silver/order_items_to_silver.sql'
Traceback (most recent call last):
  File "/home/airflow/.local/lib/python3.8/site-packages/airflow/models/abstractoperator.py", line 699, in _do_render_template_fields
    rendered_content = self.render_template(
  File "/home/airflow/.local/lib/python3.8/site-packages/airflow/template/templater.py", line 171, in render_template
    template = jinja_env.get_template(value)
  File "/home/airflow/.local/lib/python3.8/site-packages/jinja2/environment.py", line 1010, in get_template
    return self._load_template(name, globals)
  File "/home/airflow/.local/lib/python3.8/site-packages/jinja2/environment.py", line 969, in _load_template
    template = self.loader.load(self, name, self.make_globals(globals))
  File "/home/airflow/.local/lib/python3.8/site-packages/jinja2/loaders.py", line 125, in load
    source, filename, uptodate = self.get_source(environment, name)
  File "/home/airflow/.local/lib/python3.8/site-packages/jinja2/loaders.py", line 204, in get_source
    raise TemplateNotFound(template)
jinja2.exceptions.TemplateNotFound: /opt/airflow/sql/silver/order_items_to_silver.sql
[2025-09-22T00:10:55.271+0000] {taskinstance.py:2698} ERROR - Task failed with exception
Traceback (most recent call last):
  File "/home/airflow/.local/lib/python3.8/site-packages/airflow/models/taskinstance.py", line 2334, in _run_raw_task
    self._execute_task_with_callbacks(context, test_mode, session=session)
  File "/home/airflow/.local/lib/python3.8/site-packages/airflow/models/taskinstance.py", line 2465, in _execute_task_with_callbacks
    task_orig = self.render_templates(context=context)
  File "/home/airflow/.local/lib/python3.8/site-packages/airflow/models/taskinstance.py", line 2877, in render_templates
    original_task.render_template_fields(context)
  File "/home/airflow/.local/lib/python3.8/site-packages/airflow/models/baseoperator.py", line 1241, in render_template_fields
    self._do_render_template_fields(self, self.template_fields, context, jinja_env, set())
  File "/home/airflow/.local/lib/python3.8/site-packages/airflow/utils/session.py", line 79, in wrapper
    return func(*args, session=session, **kwargs)
  File "/home/airflow/.local/lib/python3.8/site-packages/airflow/models/abstractoperator.py", line 699, in _do_render_template_fields
    rendered_content = self.render_template(
  File "/home/airflow/.local/lib/python3.8/site-packages/airflow/template/templater.py", line 171, in render_template
    template = jinja_env.get_template(value)
  File "/home/airflow/.local/lib/python3.8/site-packages/jinja2/environment.py", line 1010, in get_template
    return self._load_template(name, globals)
  File "/home/airflow/.local/lib/python3.8/site-packages/jinja2/environment.py", line 969, in _load_template
    template = self.loader.load(self, name, self.make_globals(globals))
  File "/home/airflow/.local/lib/python3.8/site-packages/jinja2/loaders.py", line 125, in load
    source, filename, uptodate = self.get_source(environment, name)
  File "/home/airflow/.local/lib/python3.8/site-packages/jinja2/loaders.py", line 204, in get_source
    raise TemplateNotFound(template)
jinja2.exceptions.TemplateNotFound: /opt/airflow/sql/silver/order_items_to_silver.sql
[2025-09-22T00:10:55.295+0000] {taskinstance.py:1138} INFO - Marking task as UP_FOR_RETRY. dag_id=processamento_silver, task_id=order_items_to_silver, execution_date=20250922T001023, start_date=20250922T001054, end_date=20250922T001055
[2025-09-22T00:10:55.360+0000] {standard_task_runner.py:107} ERROR - Failed to execute job 32 for task order_items_to_silver (/opt/airflow/sql/silver/order_items_to_silver.sql; 361)
[2025-09-22T00:10:55.430+0000] {local_task_job_runner.py:234} INFO - Task exited with return code 1
[2025-09-22T00:10:55.491+0000] {taskinstance.py:3280} INFO - 0 downstream tasks scheduled from follow-on schedule check
