[2025-09-22T00:48:59.375+0000] {taskinstance.py:1956} INFO - Dependencies all met for dep_context=non-requeueable deps ti=<TaskInstance: processamento_silver.translation_to_silver manual__2025-09-22T00:48:47.181291+00:00 [queued]>
[2025-09-22T00:48:59.521+0000] {taskinstance.py:1956} INFO - Dependencies all met for dep_context=requeueable deps ti=<TaskInstance: processamento_silver.translation_to_silver manual__2025-09-22T00:48:47.181291+00:00 [queued]>
[2025-09-22T00:48:59.573+0000] {taskinstance.py:2170} INFO - Starting attempt 1 of 2
[2025-09-22T00:48:59.619+0000] {taskinstance.py:2191} INFO - Executing <Task(PostgresOperator): translation_to_silver> on 2025-09-22 00:48:47.181291+00:00
[2025-09-22T00:48:59.644+0000] {standard_task_runner.py:60} INFO - Started process 1178 to run task
[2025-09-22T00:48:59.653+0000] {standard_task_runner.py:87} INFO - Running: ['***', 'tasks', 'run', 'processamento_silver', 'translation_to_silver', 'manual__2025-09-22T00:48:47.181291+00:00', '--job-id', '119', '--raw', '--subdir', 'DAGS_FOLDER/processamento_silver.py', '--cfg-path', '/tmp/tmpftmlj3fz']
[2025-09-22T00:48:59.658+0000] {standard_task_runner.py:88} INFO - Job 119: Subtask translation_to_silver
[2025-09-22T00:48:59.999+0000] {task_command.py:423} INFO - Running <TaskInstance: processamento_silver.translation_to_silver manual__2025-09-22T00:48:47.181291+00:00 [running]> on host e833383cbb8e
[2025-09-22T00:49:00.538+0000] {taskinstance.py:2480} INFO - Exporting env vars: AIRFLOW_CTX_DAG_OWNER='***' AIRFLOW_CTX_DAG_ID='processamento_silver' AIRFLOW_CTX_TASK_ID='translation_to_silver' AIRFLOW_CTX_EXECUTION_DATE='2025-09-22T00:48:47.181291+00:00' AIRFLOW_CTX_TRY_NUMBER='1' AIRFLOW_CTX_DAG_RUN_ID='manual__2025-09-22T00:48:47.181291+00:00'
[2025-09-22T00:49:00.584+0000] {sql.py:276} INFO - Executing: CREATE SCHEMA IF NOT EXISTS silver;

DROP TABLE IF EXISTS silver.product_category_name_translation;

CREATE TABLE silver.product_category_name_translation AS
SELECT
    lower(trim(product_category_name)) AS product_category_name,
    lower(trim(product_category_name_english)) AS product_category_name_english
FROM bronze.product_category_name_translation;
[2025-09-22T00:49:00.671+0000] {base.py:83} INFO - Using connection ID '***_db' for task execution.
[2025-09-22T00:49:00.718+0000] {base.py:83} INFO - Using connection ID '***_db' for task execution.
[2025-09-22T00:49:00.736+0000] {sql.py:450} INFO - Running statement: CREATE SCHEMA IF NOT EXISTS silver;

DROP TABLE IF EXISTS silver.product_category_name_translation;

CREATE TABLE silver.product_category_name_translation AS
SELECT
    lower(trim(product_category_name)) AS product_category_name,
    lower(trim(product_category_name_english)) AS product_category_name_english
FROM bronze.product_category_name_translation;, parameters: None
[2025-09-22T00:49:00.803+0000] {sql.py:459} INFO - Rows affected: 71
[2025-09-22T00:49:00.941+0000] {taskinstance.py:1138} INFO - Marking task as SUCCESS. dag_id=processamento_silver, task_id=translation_to_silver, execution_date=20250922T004847, start_date=20250922T004859, end_date=20250922T004900
[2025-09-22T00:49:01.086+0000] {local_task_job_runner.py:234} INFO - Task exited with return code 0
[2025-09-22T00:49:01.165+0000] {taskinstance.py:3280} INFO - 0 downstream tasks scheduled from follow-on schedule check
