[2025-09-19T03:11:02.640+0000] {processor.py:161} INFO - Started process (PID=73) to work on /home/airflow/.local/lib/python3.8/site-packages/airflow/example_dags/example_complex.py
[2025-09-19T03:11:02.642+0000] {processor.py:830} INFO - Processing file /home/airflow/.local/lib/python3.8/site-packages/airflow/example_dags/example_complex.py for tasks to queue
[2025-09-19T03:11:02.646+0000] {logging_mixin.py:188} INFO - [2025-09-19T03:11:02.645+0000] {dagbag.py:538} INFO - Filling up the DagBag from /home/airflow/.local/lib/python3.8/site-packages/airflow/example_dags/example_complex.py
[2025-09-19T03:11:02.675+0000] {processor.py:840} INFO - DAG(s) 'example_complex' retrieved from /home/airflow/.local/lib/python3.8/site-packages/airflow/example_dags/example_complex.py
[2025-09-19T03:11:02.915+0000] {logging_mixin.py:188} INFO - [2025-09-19T03:11:02.915+0000] {dag.py:3036} INFO - Sync 1 DAGs
[2025-09-19T03:11:02.954+0000] {logging_mixin.py:188} INFO - [2025-09-19T03:11:02.953+0000] {dag.py:3823} INFO - Setting next_dagrun for example_complex to None, run_after=None
[2025-09-19T03:11:03.060+0000] {processor.py:183} INFO - Processing /home/airflow/.local/lib/python3.8/site-packages/airflow/example_dags/example_complex.py took 0.427 seconds
[2025-09-19T03:11:28.723+0000] {processor.py:161} INFO - Started process (PID=127) to work on /home/airflow/.local/lib/python3.8/site-packages/airflow/example_dags/example_complex.py
[2025-09-19T03:11:28.725+0000] {processor.py:830} INFO - Processing file /home/airflow/.local/lib/python3.8/site-packages/airflow/example_dags/example_complex.py for tasks to queue
[2025-09-19T03:11:28.726+0000] {logging_mixin.py:188} INFO - [2025-09-19T03:11:28.726+0000] {dagbag.py:538} INFO - Filling up the DagBag from /home/airflow/.local/lib/python3.8/site-packages/airflow/example_dags/example_complex.py
[2025-09-19T03:11:28.746+0000] {processor.py:840} INFO - DAG(s) 'example_complex' retrieved from /home/airflow/.local/lib/python3.8/site-packages/airflow/example_dags/example_complex.py
[2025-09-19T03:11:28.763+0000] {logging_mixin.py:188} INFO - [2025-09-19T03:11:28.763+0000] {dag.py:3036} INFO - Sync 1 DAGs
[2025-09-19T03:11:28.785+0000] {logging_mixin.py:188} INFO - [2025-09-19T03:11:28.785+0000] {dag.py:3823} INFO - Setting next_dagrun for example_complex to None, run_after=None
[2025-09-19T03:11:28.813+0000] {processor.py:183} INFO - Processing /home/airflow/.local/lib/python3.8/site-packages/airflow/example_dags/example_complex.py took 0.096 seconds
[2025-09-19T03:11:54.382+0000] {processor.py:161} INFO - Started process (PID=172) to work on /home/airflow/.local/lib/python3.8/site-packages/airflow/example_dags/example_complex.py
[2025-09-19T03:11:54.385+0000] {processor.py:830} INFO - Processing file /home/airflow/.local/lib/python3.8/site-packages/airflow/example_dags/example_complex.py for tasks to queue
[2025-09-19T03:11:54.386+0000] {logging_mixin.py:188} INFO - [2025-09-19T03:11:54.386+0000] {dagbag.py:538} INFO - Filling up the DagBag from /home/airflow/.local/lib/python3.8/site-packages/airflow/example_dags/example_complex.py
[2025-09-19T03:11:54.409+0000] {processor.py:840} INFO - DAG(s) 'example_complex' retrieved from /home/airflow/.local/lib/python3.8/site-packages/airflow/example_dags/example_complex.py
[2025-09-19T03:11:54.477+0000] {logging_mixin.py:188} INFO - [2025-09-19T03:11:54.476+0000] {dag.py:3036} INFO - Sync 1 DAGs
[2025-09-19T03:11:54.498+0000] {logging_mixin.py:188} INFO - [2025-09-19T03:11:54.498+0000] {dag.py:3823} INFO - Setting next_dagrun for example_complex to None, run_after=None
[2025-09-19T03:11:54.556+0000] {processor.py:183} INFO - Processing /home/airflow/.local/lib/python3.8/site-packages/airflow/example_dags/example_complex.py took 0.197 seconds
[2025-09-19T03:12:09.799+0000] {processor.py:161} INFO - Started process (PID=225) to work on /home/airflow/.local/lib/python3.8/site-packages/airflow/example_dags/example_complex.py
[2025-09-19T03:12:09.802+0000] {processor.py:830} INFO - Processing file /home/airflow/.local/lib/python3.8/site-packages/airflow/example_dags/example_complex.py for tasks to queue
[2025-09-19T03:12:09.803+0000] {logging_mixin.py:188} INFO - [2025-09-19T03:12:09.803+0000] {dagbag.py:538} INFO - Filling up the DagBag from /home/airflow/.local/lib/python3.8/site-packages/airflow/example_dags/example_complex.py
[2025-09-19T03:12:09.826+0000] {processor.py:840} INFO - DAG(s) 'example_complex' retrieved from /home/airflow/.local/lib/python3.8/site-packages/airflow/example_dags/example_complex.py
[2025-09-19T03:12:09.883+0000] {logging_mixin.py:188} INFO - [2025-09-19T03:12:09.882+0000] {dag.py:3036} INFO - Sync 1 DAGs
[2025-09-19T03:12:09.902+0000] {logging_mixin.py:188} INFO - [2025-09-19T03:12:09.902+0000] {dag.py:3823} INFO - Setting next_dagrun for example_complex to None, run_after=None
[2025-09-19T03:12:09.933+0000] {processor.py:183} INFO - Processing /home/airflow/.local/lib/python3.8/site-packages/airflow/example_dags/example_complex.py took 0.139 seconds
[2025-09-19T03:12:21.093+0000] {processor.py:161} INFO - Started process (PID=272) to work on /home/airflow/.local/lib/python3.8/site-packages/airflow/example_dags/example_complex.py
[2025-09-19T03:12:21.096+0000] {processor.py:830} INFO - Processing file /home/airflow/.local/lib/python3.8/site-packages/airflow/example_dags/example_complex.py for tasks to queue
[2025-09-19T03:12:21.098+0000] {logging_mixin.py:188} INFO - [2025-09-19T03:12:21.097+0000] {dagbag.py:538} INFO - Filling up the DagBag from /home/airflow/.local/lib/python3.8/site-packages/airflow/example_dags/example_complex.py
[2025-09-19T03:12:21.114+0000] {processor.py:840} INFO - DAG(s) 'example_complex' retrieved from /home/airflow/.local/lib/python3.8/site-packages/airflow/example_dags/example_complex.py
[2025-09-19T03:12:21.159+0000] {logging_mixin.py:188} INFO - [2025-09-19T03:12:21.159+0000] {dag.py:3036} INFO - Sync 1 DAGs
[2025-09-19T03:12:21.177+0000] {logging_mixin.py:188} INFO - [2025-09-19T03:12:21.176+0000] {dag.py:3823} INFO - Setting next_dagrun for example_complex to None, run_after=None
[2025-09-19T03:12:21.204+0000] {processor.py:183} INFO - Processing /home/airflow/.local/lib/python3.8/site-packages/airflow/example_dags/example_complex.py took 0.117 seconds
[2025-09-19T03:16:32.479+0000] {processor.py:161} INFO - Started process (PID=86) to work on /home/airflow/.local/lib/python3.8/site-packages/airflow/example_dags/example_complex.py
[2025-09-19T03:16:32.485+0000] {processor.py:830} INFO - Processing file /home/airflow/.local/lib/python3.8/site-packages/airflow/example_dags/example_complex.py for tasks to queue
[2025-09-19T03:16:32.487+0000] {logging_mixin.py:188} INFO - [2025-09-19T03:16:32.486+0000] {dagbag.py:538} INFO - Filling up the DagBag from /home/airflow/.local/lib/python3.8/site-packages/airflow/example_dags/example_complex.py
[2025-09-19T03:16:32.524+0000] {processor.py:840} INFO - DAG(s) 'example_complex' retrieved from /home/airflow/.local/lib/python3.8/site-packages/airflow/example_dags/example_complex.py
[2025-09-19T03:16:32.613+0000] {logging_mixin.py:188} INFO - [2025-09-19T03:16:32.613+0000] {dag.py:3036} INFO - Sync 1 DAGs
[2025-09-19T03:16:32.643+0000] {logging_mixin.py:188} INFO - [2025-09-19T03:16:32.643+0000] {dag.py:3823} INFO - Setting next_dagrun for example_complex to None, run_after=None
[2025-09-19T03:16:32.686+0000] {processor.py:183} INFO - Processing /home/airflow/.local/lib/python3.8/site-packages/airflow/example_dags/example_complex.py took 0.218 seconds
