[2025-09-19T03:10:56.727+0000] {processor.py:161} INFO - Started process (PID=52) to work on /home/airflow/.local/lib/python3.8/site-packages/airflow/example_dags/example_nested_branch_dag.py
[2025-09-19T03:10:56.731+0000] {processor.py:830} INFO - Processing file /home/airflow/.local/lib/python3.8/site-packages/airflow/example_dags/example_nested_branch_dag.py for tasks to queue
[2025-09-19T03:10:56.734+0000] {logging_mixin.py:188} INFO - [2025-09-19T03:10:56.733+0000] {dagbag.py:538} INFO - Filling up the DagBag from /home/airflow/.local/lib/python3.8/site-packages/airflow/example_dags/example_nested_branch_dag.py
[2025-09-19T03:10:56.765+0000] {processor.py:840} INFO - DAG(s) 'example_nested_branch_dag' retrieved from /home/airflow/.local/lib/python3.8/site-packages/airflow/example_dags/example_nested_branch_dag.py
[2025-09-19T03:10:57.009+0000] {logging_mixin.py:188} INFO - [2025-09-19T03:10:57.009+0000] {dag.py:3036} INFO - Sync 1 DAGs
[2025-09-19T03:10:57.098+0000] {logging_mixin.py:188} INFO - [2025-09-19T03:10:57.098+0000] {dag.py:3823} INFO - Setting next_dagrun for example_nested_branch_dag to 2025-09-18 00:00:00+00:00, run_after=2025-09-19 00:00:00+00:00
[2025-09-19T03:10:57.233+0000] {processor.py:183} INFO - Processing /home/airflow/.local/lib/python3.8/site-packages/airflow/example_dags/example_nested_branch_dag.py took 0.517 seconds
[2025-09-19T03:13:25.536+0000] {processor.py:161} INFO - Started process (PID=101) to work on /home/airflow/.local/lib/python3.8/site-packages/airflow/example_dags/example_nested_branch_dag.py
[2025-09-19T03:13:25.541+0000] {processor.py:830} INFO - Processing file /home/airflow/.local/lib/python3.8/site-packages/airflow/example_dags/example_nested_branch_dag.py for tasks to queue
[2025-09-19T03:13:25.543+0000] {logging_mixin.py:188} INFO - [2025-09-19T03:13:25.542+0000] {dagbag.py:538} INFO - Filling up the DagBag from /home/airflow/.local/lib/python3.8/site-packages/airflow/example_dags/example_nested_branch_dag.py
[2025-09-19T03:13:25.560+0000] {processor.py:840} INFO - DAG(s) 'example_nested_branch_dag' retrieved from /home/airflow/.local/lib/python3.8/site-packages/airflow/example_dags/example_nested_branch_dag.py
[2025-09-19T03:13:25.600+0000] {logging_mixin.py:188} INFO - [2025-09-19T03:13:25.600+0000] {dag.py:3036} INFO - Sync 1 DAGs
[2025-09-19T03:11:26.709+0000] {logging_mixin.py:188} INFO - [2025-09-19T03:11:26.709+0000] {dag.py:3823} INFO - Setting next_dagrun for example_nested_branch_dag to 2025-09-18 00:00:00+00:00, run_after=2025-09-19 00:00:00+00:00
[2025-09-19T03:11:26.995+0000] {processor.py:183} INFO - Processing /home/airflow/.local/lib/python3.8/site-packages/airflow/example_dags/example_nested_branch_dag.py took 0.402 seconds
[2025-09-19T03:13:47.920+0000] {processor.py:161} INFO - Started process (PID=151) to work on /home/airflow/.local/lib/python3.8/site-packages/airflow/example_dags/example_nested_branch_dag.py
[2025-09-19T03:13:47.925+0000] {processor.py:830} INFO - Processing file /home/airflow/.local/lib/python3.8/site-packages/airflow/example_dags/example_nested_branch_dag.py for tasks to queue
[2025-09-19T03:13:47.927+0000] {logging_mixin.py:188} INFO - [2025-09-19T03:13:47.926+0000] {dagbag.py:538} INFO - Filling up the DagBag from /home/airflow/.local/lib/python3.8/site-packages/airflow/example_dags/example_nested_branch_dag.py
[2025-09-19T03:13:47.952+0000] {processor.py:840} INFO - DAG(s) 'example_nested_branch_dag' retrieved from /home/airflow/.local/lib/python3.8/site-packages/airflow/example_dags/example_nested_branch_dag.py
[2025-09-19T03:13:48.032+0000] {logging_mixin.py:188} INFO - [2025-09-19T03:13:48.031+0000] {dag.py:3036} INFO - Sync 1 DAGs
[2025-09-19T03:11:49.161+0000] {logging_mixin.py:188} INFO - [2025-09-19T03:11:49.160+0000] {dag.py:3823} INFO - Setting next_dagrun for example_nested_branch_dag to 2025-09-18 00:00:00+00:00, run_after=2025-09-19 00:00:00+00:00
[2025-09-19T03:11:49.234+0000] {processor.py:183} INFO - Processing /home/airflow/.local/lib/python3.8/site-packages/airflow/example_dags/example_nested_branch_dag.py took 0.266 seconds
[2025-09-19T03:12:07.170+0000] {processor.py:161} INFO - Started process (PID=206) to work on /home/airflow/.local/lib/python3.8/site-packages/airflow/example_dags/example_nested_branch_dag.py
[2025-09-19T03:12:07.367+0000] {processor.py:830} INFO - Processing file /home/airflow/.local/lib/python3.8/site-packages/airflow/example_dags/example_nested_branch_dag.py for tasks to queue
[2025-09-19T03:12:07.368+0000] {logging_mixin.py:188} INFO - [2025-09-19T03:12:07.368+0000] {dagbag.py:538} INFO - Filling up the DagBag from /home/airflow/.local/lib/python3.8/site-packages/airflow/example_dags/example_nested_branch_dag.py
[2025-09-19T03:12:07.391+0000] {processor.py:840} INFO - DAG(s) 'example_nested_branch_dag' retrieved from /home/airflow/.local/lib/python3.8/site-packages/airflow/example_dags/example_nested_branch_dag.py
[2025-09-19T03:12:07.430+0000] {logging_mixin.py:188} INFO - [2025-09-19T03:12:07.430+0000] {dag.py:3036} INFO - Sync 1 DAGs
[2025-09-19T03:12:07.466+0000] {logging_mixin.py:188} INFO - [2025-09-19T03:12:07.465+0000] {dag.py:3823} INFO - Setting next_dagrun for example_nested_branch_dag to 2025-09-18 00:00:00+00:00, run_after=2025-09-19 00:00:00+00:00
[2025-09-19T03:12:07.494+0000] {processor.py:183} INFO - Processing /home/airflow/.local/lib/python3.8/site-packages/airflow/example_dags/example_nested_branch_dag.py took 0.337 seconds
[2025-09-19T03:12:19.406+0000] {processor.py:161} INFO - Started process (PID=253) to work on /home/airflow/.local/lib/python3.8/site-packages/airflow/example_dags/example_nested_branch_dag.py
[2025-09-19T03:12:19.411+0000] {processor.py:830} INFO - Processing file /home/airflow/.local/lib/python3.8/site-packages/airflow/example_dags/example_nested_branch_dag.py for tasks to queue
[2025-09-19T03:12:19.412+0000] {logging_mixin.py:188} INFO - [2025-09-19T03:12:19.412+0000] {dagbag.py:538} INFO - Filling up the DagBag from /home/airflow/.local/lib/python3.8/site-packages/airflow/example_dags/example_nested_branch_dag.py
[2025-09-19T03:12:19.427+0000] {processor.py:840} INFO - DAG(s) 'example_nested_branch_dag' retrieved from /home/airflow/.local/lib/python3.8/site-packages/airflow/example_dags/example_nested_branch_dag.py
[2025-09-19T03:12:19.462+0000] {logging_mixin.py:188} INFO - [2025-09-19T03:12:19.462+0000] {dag.py:3036} INFO - Sync 1 DAGs
[2025-09-19T03:12:19.498+0000] {logging_mixin.py:188} INFO - [2025-09-19T03:12:19.498+0000] {dag.py:3823} INFO - Setting next_dagrun for example_nested_branch_dag to 2025-09-18 00:00:00+00:00, run_after=2025-09-19 00:00:00+00:00
[2025-09-19T03:12:19.529+0000] {processor.py:183} INFO - Processing /home/airflow/.local/lib/python3.8/site-packages/airflow/example_dags/example_nested_branch_dag.py took 0.128 seconds
[2025-09-19T03:16:28.239+0000] {processor.py:161} INFO - Started process (PID=65) to work on /home/airflow/.local/lib/python3.8/site-packages/airflow/example_dags/example_nested_branch_dag.py
[2025-09-19T03:16:28.241+0000] {processor.py:830} INFO - Processing file /home/airflow/.local/lib/python3.8/site-packages/airflow/example_dags/example_nested_branch_dag.py for tasks to queue
[2025-09-19T03:16:28.244+0000] {logging_mixin.py:188} INFO - [2025-09-19T03:16:28.244+0000] {dagbag.py:538} INFO - Filling up the DagBag from /home/airflow/.local/lib/python3.8/site-packages/airflow/example_dags/example_nested_branch_dag.py
[2025-09-19T03:16:28.284+0000] {processor.py:840} INFO - DAG(s) 'example_nested_branch_dag' retrieved from /home/airflow/.local/lib/python3.8/site-packages/airflow/example_dags/example_nested_branch_dag.py
[2025-09-19T03:16:28.382+0000] {logging_mixin.py:188} INFO - [2025-09-19T03:16:28.381+0000] {dag.py:3036} INFO - Sync 1 DAGs
[2025-09-19T03:16:28.452+0000] {logging_mixin.py:188} INFO - [2025-09-19T03:16:28.452+0000] {dag.py:3823} INFO - Setting next_dagrun for example_nested_branch_dag to 2025-09-18 00:00:00+00:00, run_after=2025-09-19 00:00:00+00:00
[2025-09-19T03:16:28.498+0000] {processor.py:183} INFO - Processing /home/airflow/.local/lib/python3.8/site-packages/airflow/example_dags/example_nested_branch_dag.py took 0.272 seconds
