[2025-09-19T03:11:02.580+0000] {processor.py:161} INFO - Started process (PID=72) to work on /home/airflow/.local/lib/python3.8/site-packages/airflow/example_dags/example_kubernetes_executor.py
[2025-09-19T03:11:02.595+0000] {processor.py:830} INFO - Processing file /home/airflow/.local/lib/python3.8/site-packages/airflow/example_dags/example_kubernetes_executor.py for tasks to queue
[2025-09-19T03:11:02.599+0000] {logging_mixin.py:188} INFO - [2025-09-19T03:11:02.598+0000] {dagbag.py:538} INFO - Filling up the DagBag from /home/airflow/.local/lib/python3.8/site-packages/airflow/example_dags/example_kubernetes_executor.py
[2025-09-19T03:11:02.638+0000] {processor.py:840} INFO - DAG(s) 'example_kubernetes_executor' retrieved from /home/airflow/.local/lib/python3.8/site-packages/airflow/example_dags/example_kubernetes_executor.py
[2025-09-19T03:11:02.886+0000] {logging_mixin.py:188} INFO - [2025-09-19T03:11:02.886+0000] {dag.py:3036} INFO - Sync 1 DAGs
[2025-09-19T03:11:02.911+0000] {logging_mixin.py:188} INFO - [2025-09-19T03:11:02.911+0000] {dag.py:3823} INFO - Setting next_dagrun for example_kubernetes_executor to None, run_after=None
[2025-09-19T03:11:02.986+0000] {processor.py:183} INFO - Processing /home/airflow/.local/lib/python3.8/site-packages/airflow/example_dags/example_kubernetes_executor.py took 0.420 seconds
[2025-09-19T03:11:28.659+0000] {processor.py:161} INFO - Started process (PID=126) to work on /home/airflow/.local/lib/python3.8/site-packages/airflow/example_dags/example_kubernetes_executor.py
[2025-09-19T03:11:28.661+0000] {processor.py:830} INFO - Processing file /home/airflow/.local/lib/python3.8/site-packages/airflow/example_dags/example_kubernetes_executor.py for tasks to queue
[2025-09-19T03:11:28.662+0000] {logging_mixin.py:188} INFO - [2025-09-19T03:11:28.662+0000] {dagbag.py:538} INFO - Filling up the DagBag from /home/airflow/.local/lib/python3.8/site-packages/airflow/example_dags/example_kubernetes_executor.py
[2025-09-19T03:11:28.687+0000] {processor.py:840} INFO - DAG(s) 'example_kubernetes_executor' retrieved from /home/airflow/.local/lib/python3.8/site-packages/airflow/example_dags/example_kubernetes_executor.py
[2025-09-19T03:11:28.705+0000] {logging_mixin.py:188} INFO - [2025-09-19T03:11:28.705+0000] {dag.py:3036} INFO - Sync 1 DAGs
[2025-09-19T03:11:28.726+0000] {logging_mixin.py:188} INFO - [2025-09-19T03:11:28.726+0000] {dag.py:3823} INFO - Setting next_dagrun for example_kubernetes_executor to None, run_after=None
[2025-09-19T03:11:28.764+0000] {processor.py:183} INFO - Processing /home/airflow/.local/lib/python3.8/site-packages/airflow/example_dags/example_kubernetes_executor.py took 0.111 seconds
[2025-09-19T03:11:54.115+0000] {processor.py:161} INFO - Started process (PID=171) to work on /home/airflow/.local/lib/python3.8/site-packages/airflow/example_dags/example_kubernetes_executor.py
[2025-09-19T03:11:54.123+0000] {processor.py:830} INFO - Processing file /home/airflow/.local/lib/python3.8/site-packages/airflow/example_dags/example_kubernetes_executor.py for tasks to queue
[2025-09-19T03:11:54.125+0000] {logging_mixin.py:188} INFO - [2025-09-19T03:11:54.124+0000] {dagbag.py:538} INFO - Filling up the DagBag from /home/airflow/.local/lib/python3.8/site-packages/airflow/example_dags/example_kubernetes_executor.py
[2025-09-19T03:11:54.168+0000] {processor.py:840} INFO - DAG(s) 'example_kubernetes_executor' retrieved from /home/airflow/.local/lib/python3.8/site-packages/airflow/example_dags/example_kubernetes_executor.py
[2025-09-19T03:11:54.250+0000] {logging_mixin.py:188} INFO - [2025-09-19T03:11:54.250+0000] {dag.py:3036} INFO - Sync 1 DAGs
[2025-09-19T03:11:54.269+0000] {logging_mixin.py:188} INFO - [2025-09-19T03:11:54.269+0000] {dag.py:3823} INFO - Setting next_dagrun for example_kubernetes_executor to None, run_after=None
[2025-09-19T03:11:54.311+0000] {processor.py:183} INFO - Processing /home/airflow/.local/lib/python3.8/site-packages/airflow/example_dags/example_kubernetes_executor.py took 0.202 seconds
[2025-09-19T03:12:09.640+0000] {processor.py:161} INFO - Started process (PID=224) to work on /home/airflow/.local/lib/python3.8/site-packages/airflow/example_dags/example_kubernetes_executor.py
[2025-09-19T03:12:09.643+0000] {processor.py:830} INFO - Processing file /home/airflow/.local/lib/python3.8/site-packages/airflow/example_dags/example_kubernetes_executor.py for tasks to queue
[2025-09-19T03:12:09.645+0000] {logging_mixin.py:188} INFO - [2025-09-19T03:12:09.644+0000] {dagbag.py:538} INFO - Filling up the DagBag from /home/airflow/.local/lib/python3.8/site-packages/airflow/example_dags/example_kubernetes_executor.py
[2025-09-19T03:12:09.702+0000] {processor.py:840} INFO - DAG(s) 'example_kubernetes_executor' retrieved from /home/airflow/.local/lib/python3.8/site-packages/airflow/example_dags/example_kubernetes_executor.py
[2025-09-19T03:12:09.782+0000] {logging_mixin.py:188} INFO - [2025-09-19T03:12:09.781+0000] {dag.py:3036} INFO - Sync 1 DAGs
[2025-09-19T03:12:09.808+0000] {logging_mixin.py:188} INFO - [2025-09-19T03:12:09.808+0000] {dag.py:3823} INFO - Setting next_dagrun for example_kubernetes_executor to None, run_after=None
[2025-09-19T03:12:09.840+0000] {processor.py:183} INFO - Processing /home/airflow/.local/lib/python3.8/site-packages/airflow/example_dags/example_kubernetes_executor.py took 0.206 seconds
[2025-09-19T03:12:20.937+0000] {processor.py:161} INFO - Started process (PID=271) to work on /home/airflow/.local/lib/python3.8/site-packages/airflow/example_dags/example_kubernetes_executor.py
[2025-09-19T03:12:20.938+0000] {processor.py:830} INFO - Processing file /home/airflow/.local/lib/python3.8/site-packages/airflow/example_dags/example_kubernetes_executor.py for tasks to queue
[2025-09-19T03:12:20.940+0000] {logging_mixin.py:188} INFO - [2025-09-19T03:12:20.939+0000] {dagbag.py:538} INFO - Filling up the DagBag from /home/airflow/.local/lib/python3.8/site-packages/airflow/example_dags/example_kubernetes_executor.py
[2025-09-19T03:12:20.961+0000] {processor.py:840} INFO - DAG(s) 'example_kubernetes_executor' retrieved from /home/airflow/.local/lib/python3.8/site-packages/airflow/example_dags/example_kubernetes_executor.py
[2025-09-19T03:12:21.017+0000] {logging_mixin.py:188} INFO - [2025-09-19T03:12:21.016+0000] {dag.py:3036} INFO - Sync 1 DAGs
[2025-09-19T03:12:21.033+0000] {logging_mixin.py:188} INFO - [2025-09-19T03:12:21.033+0000] {dag.py:3823} INFO - Setting next_dagrun for example_kubernetes_executor to None, run_after=None
[2025-09-19T03:12:21.059+0000] {processor.py:183} INFO - Processing /home/airflow/.local/lib/python3.8/site-packages/airflow/example_dags/example_kubernetes_executor.py took 0.128 seconds
[2025-09-19T03:16:32.407+0000] {processor.py:161} INFO - Started process (PID=85) to work on /home/airflow/.local/lib/python3.8/site-packages/airflow/example_dags/example_kubernetes_executor.py
[2025-09-19T03:16:32.409+0000] {processor.py:830} INFO - Processing file /home/airflow/.local/lib/python3.8/site-packages/airflow/example_dags/example_kubernetes_executor.py for tasks to queue
[2025-09-19T03:16:32.410+0000] {logging_mixin.py:188} INFO - [2025-09-19T03:16:32.410+0000] {dagbag.py:538} INFO - Filling up the DagBag from /home/airflow/.local/lib/python3.8/site-packages/airflow/example_dags/example_kubernetes_executor.py
[2025-09-19T03:16:32.450+0000] {processor.py:840} INFO - DAG(s) 'example_kubernetes_executor' retrieved from /home/airflow/.local/lib/python3.8/site-packages/airflow/example_dags/example_kubernetes_executor.py
[2025-09-19T03:16:32.567+0000] {logging_mixin.py:188} INFO - [2025-09-19T03:16:32.567+0000] {dag.py:3036} INFO - Sync 1 DAGs
[2025-09-19T03:16:32.598+0000] {logging_mixin.py:188} INFO - [2025-09-19T03:16:32.597+0000] {dag.py:3823} INFO - Setting next_dagrun for example_kubernetes_executor to None, run_after=None
[2025-09-19T03:16:32.646+0000] {processor.py:183} INFO - Processing /home/airflow/.local/lib/python3.8/site-packages/airflow/example_dags/example_kubernetes_executor.py took 0.249 seconds
