[2025-09-19T03:11:07.476+0000] {processor.py:161} INFO - Started process (PID=91) to work on /home/airflow/.local/lib/python3.8/site-packages/airflow/example_dags/example_short_circuit_decorator.py
[2025-09-19T03:11:07.483+0000] {processor.py:830} INFO - Processing file /home/airflow/.local/lib/python3.8/site-packages/airflow/example_dags/example_short_circuit_decorator.py for tasks to queue
[2025-09-19T03:11:07.490+0000] {logging_mixin.py:188} INFO - [2025-09-19T03:11:07.486+0000] {dagbag.py:538} INFO - Filling up the DagBag from /home/airflow/.local/lib/python3.8/site-packages/airflow/example_dags/example_short_circuit_decorator.py
[2025-09-19T03:11:07.561+0000] {processor.py:840} INFO - DAG(s) 'example_short_circuit_decorator' retrieved from /home/airflow/.local/lib/python3.8/site-packages/airflow/example_dags/example_short_circuit_decorator.py
[2025-09-19T03:11:07.586+0000] {logging_mixin.py:188} INFO - [2025-09-19T03:11:07.586+0000] {dag.py:3036} INFO - Sync 1 DAGs
[2025-09-19T03:11:07.641+0000] {logging_mixin.py:188} INFO - [2025-09-19T03:11:07.641+0000] {dag.py:3823} INFO - Setting next_dagrun for example_short_circuit_decorator to 2025-09-18 00:00:00+00:00, run_after=2025-09-19 00:00:00+00:00
[2025-09-19T03:11:07.688+0000] {processor.py:183} INFO - Processing /home/airflow/.local/lib/python3.8/site-packages/airflow/example_dags/example_short_circuit_decorator.py took 0.222 seconds
[2025-09-19T03:11:29.909+0000] {processor.py:161} INFO - Started process (PID=143) to work on /home/airflow/.local/lib/python3.8/site-packages/airflow/example_dags/example_short_circuit_decorator.py
[2025-09-19T03:11:29.911+0000] {processor.py:830} INFO - Processing file /home/airflow/.local/lib/python3.8/site-packages/airflow/example_dags/example_short_circuit_decorator.py for tasks to queue
[2025-09-19T03:11:29.913+0000] {logging_mixin.py:188} INFO - [2025-09-19T03:11:29.912+0000] {dagbag.py:538} INFO - Filling up the DagBag from /home/airflow/.local/lib/python3.8/site-packages/airflow/example_dags/example_short_circuit_decorator.py
[2025-09-19T03:11:29.929+0000] {processor.py:840} INFO - DAG(s) 'example_short_circuit_decorator' retrieved from /home/airflow/.local/lib/python3.8/site-packages/airflow/example_dags/example_short_circuit_decorator.py
[2025-09-19T03:11:29.949+0000] {logging_mixin.py:188} INFO - [2025-09-19T03:11:29.949+0000] {dag.py:3036} INFO - Sync 1 DAGs
[2025-09-19T03:11:29.991+0000] {logging_mixin.py:188} INFO - [2025-09-19T03:11:29.991+0000] {dag.py:3823} INFO - Setting next_dagrun for example_short_circuit_decorator to 2025-09-18 00:00:00+00:00, run_after=2025-09-19 00:00:00+00:00
[2025-09-19T03:11:30.114+0000] {processor.py:183} INFO - Processing /home/airflow/.local/lib/python3.8/site-packages/airflow/example_dags/example_short_circuit_decorator.py took 0.212 seconds
[2025-09-19T03:11:58.897+0000] {processor.py:161} INFO - Started process (PID=196) to work on /home/airflow/.local/lib/python3.8/site-packages/airflow/example_dags/example_short_circuit_decorator.py
[2025-09-19T03:11:58.901+0000] {processor.py:830} INFO - Processing file /home/airflow/.local/lib/python3.8/site-packages/airflow/example_dags/example_short_circuit_decorator.py for tasks to queue
[2025-09-19T03:11:58.905+0000] {logging_mixin.py:188} INFO - [2025-09-19T03:11:58.905+0000] {dagbag.py:538} INFO - Filling up the DagBag from /home/airflow/.local/lib/python3.8/site-packages/airflow/example_dags/example_short_circuit_decorator.py
[2025-09-19T03:11:58.929+0000] {processor.py:840} INFO - DAG(s) 'example_short_circuit_decorator' retrieved from /home/airflow/.local/lib/python3.8/site-packages/airflow/example_dags/example_short_circuit_decorator.py
[2025-09-19T03:11:58.957+0000] {logging_mixin.py:188} INFO - [2025-09-19T03:11:58.956+0000] {dag.py:3036} INFO - Sync 1 DAGs
[2025-09-19T03:11:59.001+0000] {logging_mixin.py:188} INFO - [2025-09-19T03:11:59.001+0000] {dag.py:3823} INFO - Setting next_dagrun for example_short_circuit_decorator to 2025-09-18 00:00:00+00:00, run_after=2025-09-19 00:00:00+00:00
[2025-09-19T03:11:59.058+0000] {processor.py:183} INFO - Processing /home/airflow/.local/lib/python3.8/site-packages/airflow/example_dags/example_short_circuit_decorator.py took 0.174 seconds
[2025-09-19T03:14:10.549+0000] {processor.py:161} INFO - Started process (PID=243) to work on /home/airflow/.local/lib/python3.8/site-packages/airflow/example_dags/example_short_circuit_decorator.py
[2025-09-19T03:14:10.551+0000] {processor.py:830} INFO - Processing file /home/airflow/.local/lib/python3.8/site-packages/airflow/example_dags/example_short_circuit_decorator.py for tasks to queue
[2025-09-19T03:14:10.552+0000] {logging_mixin.py:188} INFO - [2025-09-19T03:14:10.552+0000] {dagbag.py:538} INFO - Filling up the DagBag from /home/airflow/.local/lib/python3.8/site-packages/airflow/example_dags/example_short_circuit_decorator.py
[2025-09-19T03:14:10.571+0000] {processor.py:840} INFO - DAG(s) 'example_short_circuit_decorator' retrieved from /home/airflow/.local/lib/python3.8/site-packages/airflow/example_dags/example_short_circuit_decorator.py
[2025-09-19T03:12:11.821+0000] {logging_mixin.py:188} INFO - [2025-09-19T03:12:11.820+0000] {dag.py:3036} INFO - Sync 1 DAGs
[2025-09-19T03:12:11.851+0000] {logging_mixin.py:188} INFO - [2025-09-19T03:12:11.851+0000] {dag.py:3823} INFO - Setting next_dagrun for example_short_circuit_decorator to 2025-09-18 00:00:00+00:00, run_after=2025-09-19 00:00:00+00:00
[2025-09-19T03:12:11.883+0000] {processor.py:183} INFO - Processing /home/airflow/.local/lib/python3.8/site-packages/airflow/example_dags/example_short_circuit_decorator.py took 0.273 seconds
[2025-09-19T03:12:22.825+0000] {processor.py:161} INFO - Started process (PID=288) to work on /home/airflow/.local/lib/python3.8/site-packages/airflow/example_dags/example_short_circuit_decorator.py
[2025-09-19T03:12:22.827+0000] {processor.py:830} INFO - Processing file /home/airflow/.local/lib/python3.8/site-packages/airflow/example_dags/example_short_circuit_decorator.py for tasks to queue
[2025-09-19T03:12:22.829+0000] {logging_mixin.py:188} INFO - [2025-09-19T03:12:22.828+0000] {dagbag.py:538} INFO - Filling up the DagBag from /home/airflow/.local/lib/python3.8/site-packages/airflow/example_dags/example_short_circuit_decorator.py
[2025-09-19T03:12:22.852+0000] {processor.py:840} INFO - DAG(s) 'example_short_circuit_decorator' retrieved from /home/airflow/.local/lib/python3.8/site-packages/airflow/example_dags/example_short_circuit_decorator.py
[2025-09-19T03:12:22.872+0000] {logging_mixin.py:188} INFO - [2025-09-19T03:12:22.872+0000] {dag.py:3036} INFO - Sync 1 DAGs
[2025-09-19T03:12:22.906+0000] {logging_mixin.py:188} INFO - [2025-09-19T03:12:22.906+0000] {dag.py:3823} INFO - Setting next_dagrun for example_short_circuit_decorator to 2025-09-18 00:00:00+00:00, run_after=2025-09-19 00:00:00+00:00
[2025-09-19T03:12:22.939+0000] {processor.py:183} INFO - Processing /home/airflow/.local/lib/python3.8/site-packages/airflow/example_dags/example_short_circuit_decorator.py took 0.121 seconds
[2025-09-19T03:18:34.145+0000] {processor.py:161} INFO - Started process (PID=104) to work on /home/airflow/.local/lib/python3.8/site-packages/airflow/example_dags/example_short_circuit_decorator.py
[2025-09-19T03:18:34.147+0000] {processor.py:830} INFO - Processing file /home/airflow/.local/lib/python3.8/site-packages/airflow/example_dags/example_short_circuit_decorator.py for tasks to queue
[2025-09-19T03:18:34.149+0000] {logging_mixin.py:188} INFO - [2025-09-19T03:18:34.148+0000] {dagbag.py:538} INFO - Filling up the DagBag from /home/airflow/.local/lib/python3.8/site-packages/airflow/example_dags/example_short_circuit_decorator.py
[2025-09-19T03:18:34.170+0000] {processor.py:840} INFO - DAG(s) 'example_short_circuit_decorator' retrieved from /home/airflow/.local/lib/python3.8/site-packages/airflow/example_dags/example_short_circuit_decorator.py
[2025-09-19T03:16:35.289+0000] {logging_mixin.py:188} INFO - [2025-09-19T03:16:35.288+0000] {dag.py:3036} INFO - Sync 1 DAGs
[2025-09-19T03:16:35.336+0000] {logging_mixin.py:188} INFO - [2025-09-19T03:16:35.335+0000] {dag.py:3823} INFO - Setting next_dagrun for example_short_circuit_decorator to 2025-09-18 00:00:00+00:00, run_after=2025-09-19 00:00:00+00:00
[2025-09-19T03:16:35.374+0000] {processor.py:183} INFO - Processing /home/airflow/.local/lib/python3.8/site-packages/airflow/example_dags/example_short_circuit_decorator.py took 0.162 seconds
