[2025-09-19T03:10:57.332+0000] {processor.py:161} INFO - Started process (PID=54) to work on /home/airflow/.local/lib/python3.8/site-packages/airflow/example_dags/example_dag_decorator.py
[2025-09-19T03:10:57.335+0000] {processor.py:830} INFO - Processing file /home/airflow/.local/lib/python3.8/site-packages/airflow/example_dags/example_dag_decorator.py for tasks to queue
[2025-09-19T03:10:57.338+0000] {logging_mixin.py:188} INFO - [2025-09-19T03:10:57.338+0000] {dagbag.py:538} INFO - Filling up the DagBag from /home/airflow/.local/lib/python3.8/site-packages/airflow/example_dags/example_dag_decorator.py
[2025-09-19T03:10:57.831+0000] {processor.py:840} INFO - DAG(s) 'example_dag_decorator' retrieved from /home/airflow/.local/lib/python3.8/site-packages/airflow/example_dags/example_dag_decorator.py
[2025-09-19T03:10:58.181+0000] {logging_mixin.py:188} INFO - [2025-09-19T03:10:58.180+0000] {dag.py:3036} INFO - Sync 1 DAGs
[2025-09-19T03:10:58.199+0000] {logging_mixin.py:188} INFO - [2025-09-19T03:10:58.199+0000] {dag.py:3823} INFO - Setting next_dagrun for example_dag_decorator to None, run_after=None
[2025-09-19T03:10:58.246+0000] {processor.py:183} INFO - Processing /home/airflow/.local/lib/python3.8/site-packages/airflow/example_dags/example_dag_decorator.py took 0.934 seconds
[2025-09-19T03:11:27.027+0000] {processor.py:161} INFO - Started process (PID=108) to work on /home/airflow/.local/lib/python3.8/site-packages/airflow/example_dags/example_dag_decorator.py
[2025-09-19T03:11:27.170+0000] {processor.py:830} INFO - Processing file /home/airflow/.local/lib/python3.8/site-packages/airflow/example_dags/example_dag_decorator.py for tasks to queue
[2025-09-19T03:11:27.172+0000] {logging_mixin.py:188} INFO - [2025-09-19T03:11:27.171+0000] {dagbag.py:538} INFO - Filling up the DagBag from /home/airflow/.local/lib/python3.8/site-packages/airflow/example_dags/example_dag_decorator.py
[2025-09-19T03:11:27.323+0000] {processor.py:840} INFO - DAG(s) 'example_dag_decorator' retrieved from /home/airflow/.local/lib/python3.8/site-packages/airflow/example_dags/example_dag_decorator.py
[2025-09-19T03:11:27.341+0000] {logging_mixin.py:188} INFO - [2025-09-19T03:11:27.341+0000] {dag.py:3036} INFO - Sync 1 DAGs
[2025-09-19T03:11:27.365+0000] {logging_mixin.py:188} INFO - [2025-09-19T03:11:27.365+0000] {dag.py:3823} INFO - Setting next_dagrun for example_dag_decorator to None, run_after=None
[2025-09-19T03:11:27.394+0000] {processor.py:183} INFO - Processing /home/airflow/.local/lib/python3.8/site-packages/airflow/example_dags/example_dag_decorator.py took 0.372 seconds
[2025-09-19T03:11:49.813+0000] {processor.py:161} INFO - Started process (PID=153) to work on /home/airflow/.local/lib/python3.8/site-packages/airflow/example_dags/example_dag_decorator.py
[2025-09-19T03:11:49.819+0000] {processor.py:830} INFO - Processing file /home/airflow/.local/lib/python3.8/site-packages/airflow/example_dags/example_dag_decorator.py for tasks to queue
[2025-09-19T03:11:49.821+0000] {logging_mixin.py:188} INFO - [2025-09-19T03:11:49.821+0000] {dagbag.py:538} INFO - Filling up the DagBag from /home/airflow/.local/lib/python3.8/site-packages/airflow/example_dags/example_dag_decorator.py
[2025-09-19T03:11:50.263+0000] {processor.py:840} INFO - DAG(s) 'example_dag_decorator' retrieved from /home/airflow/.local/lib/python3.8/site-packages/airflow/example_dags/example_dag_decorator.py
[2025-09-19T03:11:50.994+0000] {logging_mixin.py:188} INFO - [2025-09-19T03:11:50.994+0000] {dag.py:3036} INFO - Sync 1 DAGs
[2025-09-19T03:11:51.018+0000] {logging_mixin.py:188} INFO - [2025-09-19T03:11:51.017+0000] {dag.py:3823} INFO - Setting next_dagrun for example_dag_decorator to None, run_after=None
[2025-09-19T03:11:51.053+0000] {processor.py:183} INFO - Processing /home/airflow/.local/lib/python3.8/site-packages/airflow/example_dags/example_dag_decorator.py took 1.256 seconds
[2025-09-19T03:12:07.511+0000] {processor.py:161} INFO - Started process (PID=208) to work on /home/airflow/.local/lib/python3.8/site-packages/airflow/example_dags/example_dag_decorator.py
[2025-09-19T03:12:07.515+0000] {processor.py:830} INFO - Processing file /home/airflow/.local/lib/python3.8/site-packages/airflow/example_dags/example_dag_decorator.py for tasks to queue
[2025-09-19T03:12:07.517+0000] {logging_mixin.py:188} INFO - [2025-09-19T03:12:07.516+0000] {dagbag.py:538} INFO - Filling up the DagBag from /home/airflow/.local/lib/python3.8/site-packages/airflow/example_dags/example_dag_decorator.py
[2025-09-19T03:12:07.733+0000] {processor.py:840} INFO - DAG(s) 'example_dag_decorator' retrieved from /home/airflow/.local/lib/python3.8/site-packages/airflow/example_dags/example_dag_decorator.py
[2025-09-19T03:12:07.762+0000] {logging_mixin.py:188} INFO - [2025-09-19T03:12:07.761+0000] {dag.py:3036} INFO - Sync 1 DAGs
[2025-09-19T03:12:07.795+0000] {logging_mixin.py:188} INFO - [2025-09-19T03:12:07.794+0000] {dag.py:3823} INFO - Setting next_dagrun for example_dag_decorator to None, run_after=None
[2025-09-19T03:12:07.840+0000] {processor.py:183} INFO - Processing /home/airflow/.local/lib/python3.8/site-packages/airflow/example_dags/example_dag_decorator.py took 0.336 seconds
[2025-09-19T03:12:19.546+0000] {processor.py:161} INFO - Started process (PID=255) to work on /home/airflow/.local/lib/python3.8/site-packages/airflow/example_dags/example_dag_decorator.py
[2025-09-19T03:12:19.550+0000] {processor.py:830} INFO - Processing file /home/airflow/.local/lib/python3.8/site-packages/airflow/example_dags/example_dag_decorator.py for tasks to queue
[2025-09-19T03:12:19.552+0000] {logging_mixin.py:188} INFO - [2025-09-19T03:12:19.551+0000] {dagbag.py:538} INFO - Filling up the DagBag from /home/airflow/.local/lib/python3.8/site-packages/airflow/example_dags/example_dag_decorator.py
[2025-09-19T03:12:19.682+0000] {processor.py:840} INFO - DAG(s) 'example_dag_decorator' retrieved from /home/airflow/.local/lib/python3.8/site-packages/airflow/example_dags/example_dag_decorator.py
[2025-09-19T03:12:19.701+0000] {logging_mixin.py:188} INFO - [2025-09-19T03:12:19.701+0000] {dag.py:3036} INFO - Sync 1 DAGs
[2025-09-19T03:12:19.721+0000] {logging_mixin.py:188} INFO - [2025-09-19T03:12:19.721+0000] {dag.py:3823} INFO - Setting next_dagrun for example_dag_decorator to None, run_after=None
[2025-09-19T03:12:19.749+0000] {processor.py:183} INFO - Processing /home/airflow/.local/lib/python3.8/site-packages/airflow/example_dags/example_dag_decorator.py took 0.210 seconds
[2025-09-19T03:16:28.840+0000] {processor.py:161} INFO - Started process (PID=67) to work on /home/airflow/.local/lib/python3.8/site-packages/airflow/example_dags/example_dag_decorator.py
[2025-09-19T03:16:28.842+0000] {processor.py:830} INFO - Processing file /home/airflow/.local/lib/python3.8/site-packages/airflow/example_dags/example_dag_decorator.py for tasks to queue
[2025-09-19T03:16:28.845+0000] {logging_mixin.py:188} INFO - [2025-09-19T03:16:28.844+0000] {dagbag.py:538} INFO - Filling up the DagBag from /home/airflow/.local/lib/python3.8/site-packages/airflow/example_dags/example_dag_decorator.py
[2025-09-19T03:16:29.458+0000] {processor.py:840} INFO - DAG(s) 'example_dag_decorator' retrieved from /home/airflow/.local/lib/python3.8/site-packages/airflow/example_dags/example_dag_decorator.py
[2025-09-19T03:16:29.756+0000] {logging_mixin.py:188} INFO - [2025-09-19T03:16:29.756+0000] {dag.py:3036} INFO - Sync 1 DAGs
[2025-09-19T03:16:29.777+0000] {logging_mixin.py:188} INFO - [2025-09-19T03:16:29.776+0000] {dag.py:3823} INFO - Setting next_dagrun for example_dag_decorator to None, run_after=None
[2025-09-19T03:16:29.817+0000] {processor.py:183} INFO - Processing /home/airflow/.local/lib/python3.8/site-packages/airflow/example_dags/example_dag_decorator.py took 0.983 seconds
