[2025-09-19T03:11:03.131+0000] {processor.py:161} INFO - Started process (PID=75) to work on /home/airflow/.local/lib/python3.8/site-packages/airflow/example_dags/example_branch_python_dop_operator_3.py
[2025-09-19T03:11:03.133+0000] {processor.py:830} INFO - Processing file /home/airflow/.local/lib/python3.8/site-packages/airflow/example_dags/example_branch_python_dop_operator_3.py for tasks to queue
[2025-09-19T03:11:03.137+0000] {logging_mixin.py:188} INFO - [2025-09-19T03:11:03.136+0000] {dagbag.py:538} INFO - Filling up the DagBag from /home/airflow/.local/lib/python3.8/site-packages/airflow/example_dags/example_branch_python_dop_operator_3.py
[2025-09-19T03:11:03.164+0000] {processor.py:840} INFO - DAG(s) 'example_branch_dop_operator_v3' retrieved from /home/airflow/.local/lib/python3.8/site-packages/airflow/example_dags/example_branch_python_dop_operator_3.py
[2025-09-19T03:11:03.390+0000] {logging_mixin.py:188} INFO - [2025-09-19T03:11:03.389+0000] {dag.py:3036} INFO - Sync 1 DAGs
[2025-09-19T03:11:03.438+0000] {logging_mixin.py:188} INFO - [2025-09-19T03:11:03.437+0000] {dag.py:3823} INFO - Setting next_dagrun for example_branch_dop_operator_v3 to 2025-09-19 03:10:00+00:00, run_after=2025-09-19 03:11:00+00:00
[2025-09-19T03:11:03.507+0000] {processor.py:183} INFO - Processing /home/airflow/.local/lib/python3.8/site-packages/airflow/example_dags/example_branch_python_dop_operator_3.py took 0.387 seconds
[2025-09-19T03:11:28.849+0000] {processor.py:161} INFO - Started process (PID=129) to work on /home/airflow/.local/lib/python3.8/site-packages/airflow/example_dags/example_branch_python_dop_operator_3.py
[2025-09-19T03:11:28.851+0000] {processor.py:830} INFO - Processing file /home/airflow/.local/lib/python3.8/site-packages/airflow/example_dags/example_branch_python_dop_operator_3.py for tasks to queue
[2025-09-19T03:11:28.853+0000] {logging_mixin.py:188} INFO - [2025-09-19T03:11:28.853+0000] {dagbag.py:538} INFO - Filling up the DagBag from /home/airflow/.local/lib/python3.8/site-packages/airflow/example_dags/example_branch_python_dop_operator_3.py
[2025-09-19T03:11:28.867+0000] {processor.py:840} INFO - DAG(s) 'example_branch_dop_operator_v3' retrieved from /home/airflow/.local/lib/python3.8/site-packages/airflow/example_dags/example_branch_python_dop_operator_3.py
[2025-09-19T03:11:28.887+0000] {logging_mixin.py:188} INFO - [2025-09-19T03:11:28.886+0000] {dag.py:3036} INFO - Sync 1 DAGs
[2025-09-19T03:11:28.935+0000] {logging_mixin.py:188} INFO - [2025-09-19T03:11:28.935+0000] {dag.py:3823} INFO - Setting next_dagrun for example_branch_dop_operator_v3 to 2025-09-19 03:10:00+00:00, run_after=2025-09-19 03:11:00+00:00
[2025-09-19T03:11:28.962+0000] {processor.py:183} INFO - Processing /home/airflow/.local/lib/python3.8/site-packages/airflow/example_dags/example_branch_python_dop_operator_3.py took 0.119 seconds
[2025-09-19T03:11:54.614+0000] {processor.py:161} INFO - Started process (PID=174) to work on /home/airflow/.local/lib/python3.8/site-packages/airflow/example_dags/example_branch_python_dop_operator_3.py
[2025-09-19T03:11:54.617+0000] {processor.py:830} INFO - Processing file /home/airflow/.local/lib/python3.8/site-packages/airflow/example_dags/example_branch_python_dop_operator_3.py for tasks to queue
[2025-09-19T03:11:54.619+0000] {logging_mixin.py:188} INFO - [2025-09-19T03:11:54.618+0000] {dagbag.py:538} INFO - Filling up the DagBag from /home/airflow/.local/lib/python3.8/site-packages/airflow/example_dags/example_branch_python_dop_operator_3.py
[2025-09-19T03:11:54.637+0000] {processor.py:840} INFO - DAG(s) 'example_branch_dop_operator_v3' retrieved from /home/airflow/.local/lib/python3.8/site-packages/airflow/example_dags/example_branch_python_dop_operator_3.py
[2025-09-19T03:11:54.686+0000] {logging_mixin.py:188} INFO - [2025-09-19T03:11:54.686+0000] {dag.py:3036} INFO - Sync 1 DAGs
[2025-09-19T03:11:54.739+0000] {logging_mixin.py:188} INFO - [2025-09-19T03:11:54.739+0000] {dag.py:3823} INFO - Setting next_dagrun for example_branch_dop_operator_v3 to 2025-09-19 03:10:00+00:00, run_after=2025-09-19 03:11:00+00:00
[2025-09-19T03:11:54.785+0000] {processor.py:183} INFO - Processing /home/airflow/.local/lib/python3.8/site-packages/airflow/example_dags/example_branch_python_dop_operator_3.py took 0.189 seconds
[2025-09-19T03:12:09.971+0000] {processor.py:161} INFO - Started process (PID=227) to work on /home/airflow/.local/lib/python3.8/site-packages/airflow/example_dags/example_branch_python_dop_operator_3.py
[2025-09-19T03:12:09.973+0000] {processor.py:830} INFO - Processing file /home/airflow/.local/lib/python3.8/site-packages/airflow/example_dags/example_branch_python_dop_operator_3.py for tasks to queue
[2025-09-19T03:12:09.975+0000] {logging_mixin.py:188} INFO - [2025-09-19T03:12:09.974+0000] {dagbag.py:538} INFO - Filling up the DagBag from /home/airflow/.local/lib/python3.8/site-packages/airflow/example_dags/example_branch_python_dop_operator_3.py
[2025-09-19T03:12:09.992+0000] {processor.py:840} INFO - DAG(s) 'example_branch_dop_operator_v3' retrieved from /home/airflow/.local/lib/python3.8/site-packages/airflow/example_dags/example_branch_python_dop_operator_3.py
[2025-09-19T03:12:10.053+0000] {logging_mixin.py:188} INFO - [2025-09-19T03:12:10.053+0000] {dag.py:3036} INFO - Sync 1 DAGs
[2025-09-19T03:12:10.103+0000] {logging_mixin.py:188} INFO - [2025-09-19T03:12:10.103+0000] {dag.py:3823} INFO - Setting next_dagrun for example_branch_dop_operator_v3 to 2025-09-19 03:11:00+00:00, run_after=2025-09-19 03:12:00+00:00
[2025-09-19T03:12:10.149+0000] {processor.py:183} INFO - Processing /home/airflow/.local/lib/python3.8/site-packages/airflow/example_dags/example_branch_python_dop_operator_3.py took 0.184 seconds
[2025-09-19T03:12:21.241+0000] {processor.py:161} INFO - Started process (PID=274) to work on /home/airflow/.local/lib/python3.8/site-packages/airflow/example_dags/example_branch_python_dop_operator_3.py
[2025-09-19T03:12:21.243+0000] {processor.py:830} INFO - Processing file /home/airflow/.local/lib/python3.8/site-packages/airflow/example_dags/example_branch_python_dop_operator_3.py for tasks to queue
[2025-09-19T03:12:21.244+0000] {logging_mixin.py:188} INFO - [2025-09-19T03:12:21.244+0000] {dagbag.py:538} INFO - Filling up the DagBag from /home/airflow/.local/lib/python3.8/site-packages/airflow/example_dags/example_branch_python_dop_operator_3.py
[2025-09-19T03:12:21.262+0000] {processor.py:840} INFO - DAG(s) 'example_branch_dop_operator_v3' retrieved from /home/airflow/.local/lib/python3.8/site-packages/airflow/example_dags/example_branch_python_dop_operator_3.py
[2025-09-19T03:12:21.299+0000] {logging_mixin.py:188} INFO - [2025-09-19T03:12:21.299+0000] {dag.py:3036} INFO - Sync 1 DAGs
[2025-09-19T03:12:21.337+0000] {logging_mixin.py:188} INFO - [2025-09-19T03:12:21.337+0000] {dag.py:3823} INFO - Setting next_dagrun for example_branch_dop_operator_v3 to 2025-09-19 03:11:00+00:00, run_after=2025-09-19 03:12:00+00:00
[2025-09-19T03:12:21.364+0000] {processor.py:183} INFO - Processing /home/airflow/.local/lib/python3.8/site-packages/airflow/example_dags/example_branch_python_dop_operator_3.py took 0.128 seconds
[2025-09-19T03:16:32.774+0000] {processor.py:161} INFO - Started process (PID=88) to work on /home/airflow/.local/lib/python3.8/site-packages/airflow/example_dags/example_branch_python_dop_operator_3.py
[2025-09-19T03:16:32.809+0000] {processor.py:830} INFO - Processing file /home/airflow/.local/lib/python3.8/site-packages/airflow/example_dags/example_branch_python_dop_operator_3.py for tasks to queue
[2025-09-19T03:16:32.810+0000] {logging_mixin.py:188} INFO - [2025-09-19T03:16:32.810+0000] {dagbag.py:538} INFO - Filling up the DagBag from /home/airflow/.local/lib/python3.8/site-packages/airflow/example_dags/example_branch_python_dop_operator_3.py
[2025-09-19T03:16:32.890+0000] {processor.py:840} INFO - DAG(s) 'example_branch_dop_operator_v3' retrieved from /home/airflow/.local/lib/python3.8/site-packages/airflow/example_dags/example_branch_python_dop_operator_3.py
[2025-09-19T03:16:32.957+0000] {logging_mixin.py:188} INFO - [2025-09-19T03:16:32.956+0000] {dag.py:3036} INFO - Sync 1 DAGs
[2025-09-19T03:16:33.029+0000] {logging_mixin.py:188} INFO - [2025-09-19T03:16:33.028+0000] {dag.py:3823} INFO - Setting next_dagrun for example_branch_dop_operator_v3 to 2025-09-19 03:15:00+00:00, run_after=2025-09-19 03:16:00+00:00
[2025-09-19T03:16:33.067+0000] {processor.py:183} INFO - Processing /home/airflow/.local/lib/python3.8/site-packages/airflow/example_dags/example_branch_python_dop_operator_3.py took 0.301 seconds
