[2025-09-19T03:11:00.672+0000] {processor.py:161} INFO - Started process (PID=66) to work on /home/airflow/.local/lib/python3.8/site-packages/airflow/example_dags/example_branch_datetime_operator.py
[2025-09-19T03:11:00.674+0000] {processor.py:830} INFO - Processing file /home/airflow/.local/lib/python3.8/site-packages/airflow/example_dags/example_branch_datetime_operator.py for tasks to queue
[2025-09-19T03:11:00.683+0000] {logging_mixin.py:188} INFO - [2025-09-19T03:11:00.682+0000] {dagbag.py:538} INFO - Filling up the DagBag from /home/airflow/.local/lib/python3.8/site-packages/airflow/example_dags/example_branch_datetime_operator.py
[2025-09-19T03:11:00.711+0000] {processor.py:840} INFO - DAG(s) 'example_branch_datetime_operator_2', 'example_branch_datetime_operator', 'example_branch_datetime_operator_3' retrieved from /home/airflow/.local/lib/python3.8/site-packages/airflow/example_dags/example_branch_datetime_operator.py
[2025-09-19T03:11:01.136+0000] {logging_mixin.py:188} INFO - [2025-09-19T03:11:01.136+0000] {dag.py:3036} INFO - Sync 3 DAGs
[2025-09-19T03:11:01.173+0000] {logging_mixin.py:188} INFO - [2025-09-19T03:11:01.173+0000] {dag.py:3823} INFO - Setting next_dagrun for example_branch_datetime_operator to 2025-09-18 00:00:00+00:00, run_after=2025-09-19 00:00:00+00:00
[2025-09-19T03:11:01.180+0000] {logging_mixin.py:188} INFO - [2025-09-19T03:11:01.179+0000] {dag.py:3823} INFO - Setting next_dagrun for example_branch_datetime_operator_2 to 2025-09-18 00:00:00+00:00, run_after=2025-09-19 00:00:00+00:00
[2025-09-19T03:11:01.192+0000] {logging_mixin.py:188} INFO - [2025-09-19T03:11:01.192+0000] {dag.py:3823} INFO - Setting next_dagrun for example_branch_datetime_operator_3 to 2025-09-18 00:00:00+00:00, run_after=2025-09-19 00:00:00+00:00
[2025-09-19T03:11:01.232+0000] {processor.py:183} INFO - Processing /home/airflow/.local/lib/python3.8/site-packages/airflow/example_dags/example_branch_datetime_operator.py took 0.568 seconds
[2025-09-19T03:11:28.171+0000] {processor.py:161} INFO - Started process (PID=120) to work on /home/airflow/.local/lib/python3.8/site-packages/airflow/example_dags/example_branch_datetime_operator.py
[2025-09-19T03:11:28.173+0000] {processor.py:830} INFO - Processing file /home/airflow/.local/lib/python3.8/site-packages/airflow/example_dags/example_branch_datetime_operator.py for tasks to queue
[2025-09-19T03:11:28.175+0000] {logging_mixin.py:188} INFO - [2025-09-19T03:11:28.174+0000] {dagbag.py:538} INFO - Filling up the DagBag from /home/airflow/.local/lib/python3.8/site-packages/airflow/example_dags/example_branch_datetime_operator.py
[2025-09-19T03:11:28.195+0000] {processor.py:840} INFO - DAG(s) 'example_branch_datetime_operator_2', 'example_branch_datetime_operator', 'example_branch_datetime_operator_3' retrieved from /home/airflow/.local/lib/python3.8/site-packages/airflow/example_dags/example_branch_datetime_operator.py
[2025-09-19T03:11:28.218+0000] {logging_mixin.py:188} INFO - [2025-09-19T03:11:28.217+0000] {dag.py:3036} INFO - Sync 3 DAGs
[2025-09-19T03:11:28.259+0000] {logging_mixin.py:188} INFO - [2025-09-19T03:11:28.258+0000] {dag.py:3823} INFO - Setting next_dagrun for example_branch_datetime_operator to 2025-09-18 00:00:00+00:00, run_after=2025-09-19 00:00:00+00:00
[2025-09-19T03:11:28.267+0000] {logging_mixin.py:188} INFO - [2025-09-19T03:11:28.266+0000] {dag.py:3823} INFO - Setting next_dagrun for example_branch_datetime_operator_2 to 2025-09-18 00:00:00+00:00, run_after=2025-09-19 00:00:00+00:00
[2025-09-19T03:11:28.273+0000] {logging_mixin.py:188} INFO - [2025-09-19T03:11:28.273+0000] {dag.py:3823} INFO - Setting next_dagrun for example_branch_datetime_operator_3 to 2025-09-18 00:00:00+00:00, run_after=2025-09-19 00:00:00+00:00
[2025-09-19T03:11:28.303+0000] {processor.py:183} INFO - Processing /home/airflow/.local/lib/python3.8/site-packages/airflow/example_dags/example_branch_datetime_operator.py took 0.139 seconds
[2025-09-19T03:11:52.649+0000] {processor.py:161} INFO - Started process (PID=165) to work on /home/airflow/.local/lib/python3.8/site-packages/airflow/example_dags/example_branch_datetime_operator.py
[2025-09-19T03:11:52.651+0000] {processor.py:830} INFO - Processing file /home/airflow/.local/lib/python3.8/site-packages/airflow/example_dags/example_branch_datetime_operator.py for tasks to queue
[2025-09-19T03:11:52.653+0000] {logging_mixin.py:188} INFO - [2025-09-19T03:11:52.652+0000] {dagbag.py:538} INFO - Filling up the DagBag from /home/airflow/.local/lib/python3.8/site-packages/airflow/example_dags/example_branch_datetime_operator.py
[2025-09-19T03:11:52.674+0000] {processor.py:840} INFO - DAG(s) 'example_branch_datetime_operator_3', 'example_branch_datetime_operator', 'example_branch_datetime_operator_2' retrieved from /home/airflow/.local/lib/python3.8/site-packages/airflow/example_dags/example_branch_datetime_operator.py
[2025-09-19T03:11:52.750+0000] {logging_mixin.py:188} INFO - [2025-09-19T03:11:52.749+0000] {dag.py:3036} INFO - Sync 3 DAGs
[2025-09-19T03:11:52.821+0000] {logging_mixin.py:188} INFO - [2025-09-19T03:11:52.821+0000] {dag.py:3823} INFO - Setting next_dagrun for example_branch_datetime_operator to 2025-09-18 00:00:00+00:00, run_after=2025-09-19 00:00:00+00:00
[2025-09-19T03:11:52.828+0000] {logging_mixin.py:188} INFO - [2025-09-19T03:11:52.828+0000] {dag.py:3823} INFO - Setting next_dagrun for example_branch_datetime_operator_2 to 2025-09-18 00:00:00+00:00, run_after=2025-09-19 00:00:00+00:00
[2025-09-19T03:11:52.840+0000] {logging_mixin.py:188} INFO - [2025-09-19T03:11:52.839+0000] {dag.py:3823} INFO - Setting next_dagrun for example_branch_datetime_operator_3 to 2025-09-18 00:00:00+00:00, run_after=2025-09-19 00:00:00+00:00
[2025-09-19T03:11:52.872+0000] {processor.py:183} INFO - Processing /home/airflow/.local/lib/python3.8/site-packages/airflow/example_dags/example_branch_datetime_operator.py took 0.233 seconds
[2025-09-19T03:12:08.809+0000] {processor.py:161} INFO - Started process (PID=218) to work on /home/airflow/.local/lib/python3.8/site-packages/airflow/example_dags/example_branch_datetime_operator.py
[2025-09-19T03:12:08.814+0000] {processor.py:830} INFO - Processing file /home/airflow/.local/lib/python3.8/site-packages/airflow/example_dags/example_branch_datetime_operator.py for tasks to queue
[2025-09-19T03:12:08.816+0000] {logging_mixin.py:188} INFO - [2025-09-19T03:12:08.815+0000] {dagbag.py:538} INFO - Filling up the DagBag from /home/airflow/.local/lib/python3.8/site-packages/airflow/example_dags/example_branch_datetime_operator.py
[2025-09-19T03:12:08.840+0000] {processor.py:840} INFO - DAG(s) 'example_branch_datetime_operator_3', 'example_branch_datetime_operator_2', 'example_branch_datetime_operator' retrieved from /home/airflow/.local/lib/python3.8/site-packages/airflow/example_dags/example_branch_datetime_operator.py
[2025-09-19T03:12:08.916+0000] {logging_mixin.py:188} INFO - [2025-09-19T03:12:08.915+0000] {dag.py:3036} INFO - Sync 3 DAGs
[2025-09-19T03:12:08.963+0000] {logging_mixin.py:188} INFO - [2025-09-19T03:12:08.962+0000] {dag.py:3823} INFO - Setting next_dagrun for example_branch_datetime_operator to 2025-09-18 00:00:00+00:00, run_after=2025-09-19 00:00:00+00:00
[2025-09-19T03:12:08.972+0000] {logging_mixin.py:188} INFO - [2025-09-19T03:12:08.972+0000] {dag.py:3823} INFO - Setting next_dagrun for example_branch_datetime_operator_2 to 2025-09-18 00:00:00+00:00, run_after=2025-09-19 00:00:00+00:00
[2025-09-19T03:12:08.977+0000] {logging_mixin.py:188} INFO - [2025-09-19T03:12:08.977+0000] {dag.py:3823} INFO - Setting next_dagrun for example_branch_datetime_operator_3 to 2025-09-18 00:00:00+00:00, run_after=2025-09-19 00:00:00+00:00
[2025-09-19T03:12:09.031+0000] {processor.py:183} INFO - Processing /home/airflow/.local/lib/python3.8/site-packages/airflow/example_dags/example_branch_datetime_operator.py took 0.229 seconds
[2025-09-19T03:12:20.427+0000] {processor.py:161} INFO - Started process (PID=265) to work on /home/airflow/.local/lib/python3.8/site-packages/airflow/example_dags/example_branch_datetime_operator.py
[2025-09-19T03:12:20.429+0000] {processor.py:830} INFO - Processing file /home/airflow/.local/lib/python3.8/site-packages/airflow/example_dags/example_branch_datetime_operator.py for tasks to queue
[2025-09-19T03:12:20.430+0000] {logging_mixin.py:188} INFO - [2025-09-19T03:12:20.430+0000] {dagbag.py:538} INFO - Filling up the DagBag from /home/airflow/.local/lib/python3.8/site-packages/airflow/example_dags/example_branch_datetime_operator.py
[2025-09-19T03:12:20.448+0000] {processor.py:840} INFO - DAG(s) 'example_branch_datetime_operator_2', 'example_branch_datetime_operator_3', 'example_branch_datetime_operator' retrieved from /home/airflow/.local/lib/python3.8/site-packages/airflow/example_dags/example_branch_datetime_operator.py
[2025-09-19T03:12:20.492+0000] {logging_mixin.py:188} INFO - [2025-09-19T03:12:20.492+0000] {dag.py:3036} INFO - Sync 3 DAGs
[2025-09-19T03:12:20.527+0000] {logging_mixin.py:188} INFO - [2025-09-19T03:12:20.526+0000] {dag.py:3823} INFO - Setting next_dagrun for example_branch_datetime_operator to 2025-09-18 00:00:00+00:00, run_after=2025-09-19 00:00:00+00:00
[2025-09-19T03:12:20.533+0000] {logging_mixin.py:188} INFO - [2025-09-19T03:12:20.533+0000] {dag.py:3823} INFO - Setting next_dagrun for example_branch_datetime_operator_2 to 2025-09-18 00:00:00+00:00, run_after=2025-09-19 00:00:00+00:00
[2025-09-19T03:12:20.537+0000] {logging_mixin.py:188} INFO - [2025-09-19T03:12:20.537+0000] {dag.py:3823} INFO - Setting next_dagrun for example_branch_datetime_operator_3 to 2025-09-18 00:00:00+00:00, run_after=2025-09-19 00:00:00+00:00
[2025-09-19T03:12:20.562+0000] {processor.py:183} INFO - Processing /home/airflow/.local/lib/python3.8/site-packages/airflow/example_dags/example_branch_datetime_operator.py took 0.141 seconds
[2025-09-19T03:16:31.466+0000] {processor.py:161} INFO - Started process (PID=79) to work on /home/airflow/.local/lib/python3.8/site-packages/airflow/example_dags/example_branch_datetime_operator.py
[2025-09-19T03:16:31.469+0000] {processor.py:830} INFO - Processing file /home/airflow/.local/lib/python3.8/site-packages/airflow/example_dags/example_branch_datetime_operator.py for tasks to queue
[2025-09-19T03:16:31.472+0000] {logging_mixin.py:188} INFO - [2025-09-19T03:16:31.472+0000] {dagbag.py:538} INFO - Filling up the DagBag from /home/airflow/.local/lib/python3.8/site-packages/airflow/example_dags/example_branch_datetime_operator.py
[2025-09-19T03:16:31.512+0000] {processor.py:840} INFO - DAG(s) 'example_branch_datetime_operator_2', 'example_branch_datetime_operator', 'example_branch_datetime_operator_3' retrieved from /home/airflow/.local/lib/python3.8/site-packages/airflow/example_dags/example_branch_datetime_operator.py
[2025-09-19T03:16:31.590+0000] {logging_mixin.py:188} INFO - [2025-09-19T03:16:31.590+0000] {dag.py:3036} INFO - Sync 3 DAGs
[2025-09-19T03:16:31.659+0000] {logging_mixin.py:188} INFO - [2025-09-19T03:16:31.659+0000] {dag.py:3823} INFO - Setting next_dagrun for example_branch_datetime_operator to 2025-09-18 00:00:00+00:00, run_after=2025-09-19 00:00:00+00:00
[2025-09-19T03:16:31.668+0000] {logging_mixin.py:188} INFO - [2025-09-19T03:16:31.667+0000] {dag.py:3823} INFO - Setting next_dagrun for example_branch_datetime_operator_2 to 2025-09-18 00:00:00+00:00, run_after=2025-09-19 00:00:00+00:00
[2025-09-19T03:16:31.674+0000] {logging_mixin.py:188} INFO - [2025-09-19T03:16:31.674+0000] {dag.py:3823} INFO - Setting next_dagrun for example_branch_datetime_operator_3 to 2025-09-18 00:00:00+00:00, run_after=2025-09-19 00:00:00+00:00
[2025-09-19T03:16:31.709+0000] {processor.py:183} INFO - Processing /home/airflow/.local/lib/python3.8/site-packages/airflow/example_dags/example_branch_datetime_operator.py took 0.260 seconds
