[2025-09-19T03:11:04.661+0000] {processor.py:161} INFO - Started process (PID=80) to work on /home/airflow/.local/lib/python3.8/site-packages/airflow/example_dags/example_datasets.py
[2025-09-19T03:11:04.663+0000] {processor.py:830} INFO - Processing file /home/airflow/.local/lib/python3.8/site-packages/airflow/example_dags/example_datasets.py for tasks to queue
[2025-09-19T03:11:04.668+0000] {logging_mixin.py:188} INFO - [2025-09-19T03:11:04.667+0000] {dagbag.py:538} INFO - Filling up the DagBag from /home/airflow/.local/lib/python3.8/site-packages/airflow/example_dags/example_datasets.py
[2025-09-19T03:11:04.691+0000] {processor.py:840} INFO - DAG(s) 'dataset_produces_2', 'dataset_produces_1', 'dataset_consumes_1', 'dataset_consumes_1_and_2', 'dataset_consumes_unknown_never_scheduled', 'dataset_consumes_1_never_scheduled' retrieved from /home/airflow/.local/lib/python3.8/site-packages/airflow/example_dags/example_datasets.py
[2025-09-19T03:11:05.033+0000] {logging_mixin.py:188} INFO - [2025-09-19T03:11:05.032+0000] {dag.py:3036} INFO - Sync 6 DAGs
[2025-09-19T03:11:05.104+0000] {logging_mixin.py:188} INFO - [2025-09-19T03:11:05.104+0000] {dag.py:3823} INFO - Setting next_dagrun for dataset_consumes_1 to None, run_after=None
[2025-09-19T03:11:05.129+0000] {logging_mixin.py:188} INFO - [2025-09-19T03:11:05.129+0000] {dag.py:3823} INFO - Setting next_dagrun for dataset_consumes_1_and_2 to None, run_after=None
[2025-09-19T03:11:05.133+0000] {logging_mixin.py:188} INFO - [2025-09-19T03:11:05.132+0000] {dag.py:3823} INFO - Setting next_dagrun for dataset_consumes_1_never_scheduled to None, run_after=None
[2025-09-19T03:11:05.135+0000] {logging_mixin.py:188} INFO - [2025-09-19T03:11:05.135+0000] {dag.py:3823} INFO - Setting next_dagrun for dataset_consumes_unknown_never_scheduled to None, run_after=None
[2025-09-19T03:11:05.146+0000] {logging_mixin.py:188} INFO - [2025-09-19T03:11:05.146+0000] {dag.py:3823} INFO - Setting next_dagrun for dataset_produces_1 to 2025-09-18 00:00:00+00:00, run_after=2025-09-19 00:00:00+00:00
[2025-09-19T03:11:05.149+0000] {logging_mixin.py:188} INFO - [2025-09-19T03:11:05.148+0000] {dag.py:3823} INFO - Setting next_dagrun for dataset_produces_2 to None, run_after=None
[2025-09-19T03:11:05.252+0000] {processor.py:183} INFO - Processing /home/airflow/.local/lib/python3.8/site-packages/airflow/example_dags/example_datasets.py took 0.597 seconds
[2025-09-19T03:11:29.207+0000] {processor.py:161} INFO - Started process (PID=134) to work on /home/airflow/.local/lib/python3.8/site-packages/airflow/example_dags/example_datasets.py
[2025-09-19T03:11:29.210+0000] {processor.py:830} INFO - Processing file /home/airflow/.local/lib/python3.8/site-packages/airflow/example_dags/example_datasets.py for tasks to queue
[2025-09-19T03:11:29.212+0000] {logging_mixin.py:188} INFO - [2025-09-19T03:11:29.211+0000] {dagbag.py:538} INFO - Filling up the DagBag from /home/airflow/.local/lib/python3.8/site-packages/airflow/example_dags/example_datasets.py
[2025-09-19T03:11:29.227+0000] {processor.py:840} INFO - DAG(s) 'dataset_consumes_unknown_never_scheduled', 'dataset_consumes_1_never_scheduled', 'dataset_consumes_1', 'dataset_consumes_1_and_2', 'dataset_produces_2', 'dataset_produces_1' retrieved from /home/airflow/.local/lib/python3.8/site-packages/airflow/example_dags/example_datasets.py
[2025-09-19T03:11:29.251+0000] {logging_mixin.py:188} INFO - [2025-09-19T03:11:29.250+0000] {dag.py:3036} INFO - Sync 6 DAGs
[2025-09-19T03:11:29.286+0000] {logging_mixin.py:188} INFO - [2025-09-19T03:11:29.286+0000] {dag.py:3823} INFO - Setting next_dagrun for dataset_consumes_1 to None, run_after=None
[2025-09-19T03:11:29.291+0000] {logging_mixin.py:188} INFO - [2025-09-19T03:11:29.291+0000] {dag.py:3823} INFO - Setting next_dagrun for dataset_consumes_1_and_2 to None, run_after=None
[2025-09-19T03:11:29.293+0000] {logging_mixin.py:188} INFO - [2025-09-19T03:11:29.293+0000] {dag.py:3823} INFO - Setting next_dagrun for dataset_consumes_1_never_scheduled to None, run_after=None
[2025-09-19T03:11:29.295+0000] {logging_mixin.py:188} INFO - [2025-09-19T03:11:29.295+0000] {dag.py:3823} INFO - Setting next_dagrun for dataset_consumes_unknown_never_scheduled to None, run_after=None
[2025-09-19T03:11:29.300+0000] {logging_mixin.py:188} INFO - [2025-09-19T03:11:29.299+0000] {dag.py:3823} INFO - Setting next_dagrun for dataset_produces_1 to 2025-09-18 00:00:00+00:00, run_after=2025-09-19 00:00:00+00:00
[2025-09-19T03:11:29.302+0000] {logging_mixin.py:188} INFO - [2025-09-19T03:11:29.302+0000] {dag.py:3823} INFO - Setting next_dagrun for dataset_produces_2 to None, run_after=None
[2025-09-19T03:11:29.350+0000] {processor.py:183} INFO - Processing /home/airflow/.local/lib/python3.8/site-packages/airflow/example_dags/example_datasets.py took 0.150 seconds
[2025-09-19T03:11:55.490+0000] {processor.py:161} INFO - Started process (PID=179) to work on /home/airflow/.local/lib/python3.8/site-packages/airflow/example_dags/example_datasets.py
[2025-09-19T03:11:55.499+0000] {processor.py:830} INFO - Processing file /home/airflow/.local/lib/python3.8/site-packages/airflow/example_dags/example_datasets.py for tasks to queue
[2025-09-19T03:11:55.504+0000] {logging_mixin.py:188} INFO - [2025-09-19T03:11:55.503+0000] {dagbag.py:538} INFO - Filling up the DagBag from /home/airflow/.local/lib/python3.8/site-packages/airflow/example_dags/example_datasets.py
[2025-09-19T03:11:55.525+0000] {processor.py:840} INFO - DAG(s) 'dataset_produces_2', 'dataset_produces_1', 'dataset_consumes_1_and_2', 'dataset_consumes_1_never_scheduled', 'dataset_consumes_unknown_never_scheduled', 'dataset_consumes_1' retrieved from /home/airflow/.local/lib/python3.8/site-packages/airflow/example_dags/example_datasets.py
[2025-09-19T03:11:55.600+0000] {logging_mixin.py:188} INFO - [2025-09-19T03:11:55.599+0000] {dag.py:3036} INFO - Sync 6 DAGs
[2025-09-19T03:11:55.699+0000] {logging_mixin.py:188} INFO - [2025-09-19T03:11:55.699+0000] {dag.py:3823} INFO - Setting next_dagrun for dataset_consumes_1 to None, run_after=None
[2025-09-19T03:11:55.711+0000] {logging_mixin.py:188} INFO - [2025-09-19T03:11:55.710+0000] {dag.py:3823} INFO - Setting next_dagrun for dataset_consumes_1_and_2 to None, run_after=None
[2025-09-19T03:11:55.715+0000] {logging_mixin.py:188} INFO - [2025-09-19T03:11:55.715+0000] {dag.py:3823} INFO - Setting next_dagrun for dataset_consumes_1_never_scheduled to None, run_after=None
[2025-09-19T03:11:55.717+0000] {logging_mixin.py:188} INFO - [2025-09-19T03:11:55.717+0000] {dag.py:3823} INFO - Setting next_dagrun for dataset_consumes_unknown_never_scheduled to None, run_after=None
[2025-09-19T03:11:55.721+0000] {logging_mixin.py:188} INFO - [2025-09-19T03:11:55.721+0000] {dag.py:3823} INFO - Setting next_dagrun for dataset_produces_1 to 2025-09-18 00:00:00+00:00, run_after=2025-09-19 00:00:00+00:00
[2025-09-19T03:11:55.724+0000] {logging_mixin.py:188} INFO - [2025-09-19T03:11:55.723+0000] {dag.py:3823} INFO - Setting next_dagrun for dataset_produces_2 to None, run_after=None
[2025-09-19T03:11:55.815+0000] {processor.py:183} INFO - Processing /home/airflow/.local/lib/python3.8/site-packages/airflow/example_dags/example_datasets.py took 0.341 seconds
[2025-09-19T03:12:10.619+0000] {processor.py:161} INFO - Started process (PID=232) to work on /home/airflow/.local/lib/python3.8/site-packages/airflow/example_dags/example_datasets.py
[2025-09-19T03:12:10.621+0000] {processor.py:830} INFO - Processing file /home/airflow/.local/lib/python3.8/site-packages/airflow/example_dags/example_datasets.py for tasks to queue
[2025-09-19T03:12:10.623+0000] {logging_mixin.py:188} INFO - [2025-09-19T03:12:10.623+0000] {dagbag.py:538} INFO - Filling up the DagBag from /home/airflow/.local/lib/python3.8/site-packages/airflow/example_dags/example_datasets.py
[2025-09-19T03:12:10.640+0000] {processor.py:840} INFO - DAG(s) 'dataset_consumes_1_never_scheduled', 'dataset_consumes_unknown_never_scheduled', 'dataset_produces_2', 'dataset_consumes_1_and_2', 'dataset_consumes_1', 'dataset_produces_1' retrieved from /home/airflow/.local/lib/python3.8/site-packages/airflow/example_dags/example_datasets.py
[2025-09-19T03:12:10.696+0000] {logging_mixin.py:188} INFO - [2025-09-19T03:12:10.695+0000] {dag.py:3036} INFO - Sync 6 DAGs
[2025-09-19T03:12:10.729+0000] {logging_mixin.py:188} INFO - [2025-09-19T03:12:10.728+0000] {dag.py:3823} INFO - Setting next_dagrun for dataset_consumes_1 to None, run_after=None
[2025-09-19T03:12:10.733+0000] {logging_mixin.py:188} INFO - [2025-09-19T03:12:10.733+0000] {dag.py:3823} INFO - Setting next_dagrun for dataset_consumes_1_and_2 to None, run_after=None
[2025-09-19T03:12:10.736+0000] {logging_mixin.py:188} INFO - [2025-09-19T03:12:10.736+0000] {dag.py:3823} INFO - Setting next_dagrun for dataset_consumes_1_never_scheduled to None, run_after=None
[2025-09-19T03:12:10.738+0000] {logging_mixin.py:188} INFO - [2025-09-19T03:12:10.737+0000] {dag.py:3823} INFO - Setting next_dagrun for dataset_consumes_unknown_never_scheduled to None, run_after=None
[2025-09-19T03:12:10.743+0000] {logging_mixin.py:188} INFO - [2025-09-19T03:12:10.742+0000] {dag.py:3823} INFO - Setting next_dagrun for dataset_produces_1 to 2025-09-18 00:00:00+00:00, run_after=2025-09-19 00:00:00+00:00
[2025-09-19T03:12:10.745+0000] {logging_mixin.py:188} INFO - [2025-09-19T03:12:10.745+0000] {dag.py:3823} INFO - Setting next_dagrun for dataset_produces_2 to None, run_after=None
[2025-09-19T03:12:10.798+0000] {processor.py:183} INFO - Processing /home/airflow/.local/lib/python3.8/site-packages/airflow/example_dags/example_datasets.py took 0.193 seconds
[2025-09-19T03:14:20.615+0000] {processor.py:161} INFO - Started process (PID=279) to work on /home/airflow/.local/lib/python3.8/site-packages/airflow/example_dags/example_datasets.py
[2025-09-19T03:14:20.617+0000] {processor.py:830} INFO - Processing file /home/airflow/.local/lib/python3.8/site-packages/airflow/example_dags/example_datasets.py for tasks to queue
[2025-09-19T03:14:20.619+0000] {logging_mixin.py:188} INFO - [2025-09-19T03:14:20.618+0000] {dagbag.py:538} INFO - Filling up the DagBag from /home/airflow/.local/lib/python3.8/site-packages/airflow/example_dags/example_datasets.py
[2025-09-19T03:14:20.637+0000] {processor.py:840} INFO - DAG(s) 'dataset_consumes_unknown_never_scheduled', 'dataset_produces_2', 'dataset_consumes_1_never_scheduled', 'dataset_consumes_1_and_2', 'dataset_produces_1', 'dataset_consumes_1' retrieved from /home/airflow/.local/lib/python3.8/site-packages/airflow/example_dags/example_datasets.py
[2025-09-19T03:14:20.714+0000] {logging_mixin.py:188} INFO - [2025-09-19T03:14:20.714+0000] {dag.py:3036} INFO - Sync 6 DAGs
[2025-09-19T03:12:21.828+0000] {logging_mixin.py:188} INFO - [2025-09-19T03:12:21.828+0000] {dag.py:3823} INFO - Setting next_dagrun for dataset_consumes_1 to None, run_after=None
[2025-09-19T03:12:21.837+0000] {logging_mixin.py:188} INFO - [2025-09-19T03:12:21.837+0000] {dag.py:3823} INFO - Setting next_dagrun for dataset_consumes_1_and_2 to None, run_after=None
[2025-09-19T03:12:21.840+0000] {logging_mixin.py:188} INFO - [2025-09-19T03:12:21.839+0000] {dag.py:3823} INFO - Setting next_dagrun for dataset_consumes_1_never_scheduled to None, run_after=None
[2025-09-19T03:12:21.844+0000] {logging_mixin.py:188} INFO - [2025-09-19T03:12:21.844+0000] {dag.py:3823} INFO - Setting next_dagrun for dataset_consumes_unknown_never_scheduled to None, run_after=None
[2025-09-19T03:12:21.852+0000] {logging_mixin.py:188} INFO - [2025-09-19T03:12:21.852+0000] {dag.py:3823} INFO - Setting next_dagrun for dataset_produces_1 to 2025-09-18 00:00:00+00:00, run_after=2025-09-19 00:00:00+00:00
[2025-09-19T03:12:21.855+0000] {logging_mixin.py:188} INFO - [2025-09-19T03:12:21.854+0000] {dag.py:3823} INFO - Setting next_dagrun for dataset_produces_2 to None, run_after=None
[2025-09-19T03:12:21.939+0000] {processor.py:183} INFO - Processing /home/airflow/.local/lib/python3.8/site-packages/airflow/example_dags/example_datasets.py took 0.270 seconds
[2025-09-19T03:16:33.807+0000] {processor.py:161} INFO - Started process (PID=93) to work on /home/airflow/.local/lib/python3.8/site-packages/airflow/example_dags/example_datasets.py
[2025-09-19T03:16:33.809+0000] {processor.py:830} INFO - Processing file /home/airflow/.local/lib/python3.8/site-packages/airflow/example_dags/example_datasets.py for tasks to queue
[2025-09-19T03:16:33.810+0000] {logging_mixin.py:188} INFO - [2025-09-19T03:16:33.810+0000] {dagbag.py:538} INFO - Filling up the DagBag from /home/airflow/.local/lib/python3.8/site-packages/airflow/example_dags/example_datasets.py
[2025-09-19T03:16:33.833+0000] {processor.py:840} INFO - DAG(s) 'dataset_consumes_1', 'dataset_consumes_unknown_never_scheduled', 'dataset_produces_2', 'dataset_produces_1', 'dataset_consumes_1_never_scheduled', 'dataset_consumes_1_and_2' retrieved from /home/airflow/.local/lib/python3.8/site-packages/airflow/example_dags/example_datasets.py
[2025-09-19T03:16:33.914+0000] {logging_mixin.py:188} INFO - [2025-09-19T03:16:33.914+0000] {dag.py:3036} INFO - Sync 6 DAGs
[2025-09-19T03:16:33.951+0000] {logging_mixin.py:188} INFO - [2025-09-19T03:16:33.951+0000] {dag.py:3823} INFO - Setting next_dagrun for dataset_consumes_1 to None, run_after=None
[2025-09-19T03:16:33.960+0000] {logging_mixin.py:188} INFO - [2025-09-19T03:16:33.959+0000] {dag.py:3823} INFO - Setting next_dagrun for dataset_consumes_1_and_2 to None, run_after=None
[2025-09-19T03:16:33.963+0000] {logging_mixin.py:188} INFO - [2025-09-19T03:16:33.963+0000] {dag.py:3823} INFO - Setting next_dagrun for dataset_consumes_1_never_scheduled to None, run_after=None
[2025-09-19T03:16:33.965+0000] {logging_mixin.py:188} INFO - [2025-09-19T03:16:33.965+0000] {dag.py:3823} INFO - Setting next_dagrun for dataset_consumes_unknown_never_scheduled to None, run_after=None
[2025-09-19T03:16:33.970+0000] {logging_mixin.py:188} INFO - [2025-09-19T03:16:33.969+0000] {dag.py:3823} INFO - Setting next_dagrun for dataset_produces_1 to 2025-09-18 00:00:00+00:00, run_after=2025-09-19 00:00:00+00:00
[2025-09-19T03:16:33.972+0000] {logging_mixin.py:188} INFO - [2025-09-19T03:16:33.971+0000] {dag.py:3823} INFO - Setting next_dagrun for dataset_produces_2 to None, run_after=None
[2025-09-19T03:16:34.046+0000] {processor.py:183} INFO - Processing /home/airflow/.local/lib/python3.8/site-packages/airflow/example_dags/example_datasets.py took 0.247 seconds
