[2025-09-19T03:11:05.649+0000] {processor.py:161} INFO - Started process (PID=83) to work on /home/airflow/.local/lib/python3.8/site-packages/airflow/example_dags/example_xcomargs.py
[2025-09-19T03:11:05.650+0000] {processor.py:830} INFO - Processing file /home/airflow/.local/lib/python3.8/site-packages/airflow/example_dags/example_xcomargs.py for tasks to queue
[2025-09-19T03:11:05.654+0000] {logging_mixin.py:188} INFO - [2025-09-19T03:11:05.653+0000] {dagbag.py:538} INFO - Filling up the DagBag from /home/airflow/.local/lib/python3.8/site-packages/airflow/example_dags/example_xcomargs.py
[2025-09-19T03:11:05.679+0000] {processor.py:840} INFO - DAG(s) 'example_xcom_args', 'example_xcom_args_with_operators' retrieved from /home/airflow/.local/lib/python3.8/site-packages/airflow/example_dags/example_xcomargs.py
[2025-09-19T03:11:05.937+0000] {logging_mixin.py:188} INFO - [2025-09-19T03:11:05.936+0000] {dag.py:3036} INFO - Sync 2 DAGs
[2025-09-19T03:11:05.959+0000] {logging_mixin.py:188} INFO - [2025-09-19T03:11:05.958+0000] {dag.py:3823} INFO - Setting next_dagrun for example_xcom_args to None, run_after=None
[2025-09-19T03:11:05.963+0000] {logging_mixin.py:188} INFO - [2025-09-19T03:11:05.963+0000] {dag.py:3823} INFO - Setting next_dagrun for example_xcom_args_with_operators to None, run_after=None
[2025-09-19T03:11:06.012+0000] {processor.py:183} INFO - Processing /home/airflow/.local/lib/python3.8/site-packages/airflow/example_dags/example_xcomargs.py took 0.370 seconds
[2025-09-19T03:11:29.501+0000] {processor.py:161} INFO - Started process (PID=137) to work on /home/airflow/.local/lib/python3.8/site-packages/airflow/example_dags/example_xcomargs.py
[2025-09-19T03:11:29.506+0000] {processor.py:830} INFO - Processing file /home/airflow/.local/lib/python3.8/site-packages/airflow/example_dags/example_xcomargs.py for tasks to queue
[2025-09-19T03:11:29.507+0000] {logging_mixin.py:188} INFO - [2025-09-19T03:11:29.507+0000] {dagbag.py:538} INFO - Filling up the DagBag from /home/airflow/.local/lib/python3.8/site-packages/airflow/example_dags/example_xcomargs.py
[2025-09-19T03:11:29.521+0000] {processor.py:840} INFO - DAG(s) 'example_xcom_args_with_operators', 'example_xcom_args' retrieved from /home/airflow/.local/lib/python3.8/site-packages/airflow/example_dags/example_xcomargs.py
[2025-09-19T03:11:29.542+0000] {logging_mixin.py:188} INFO - [2025-09-19T03:11:29.542+0000] {dag.py:3036} INFO - Sync 2 DAGs
[2025-09-19T03:11:29.562+0000] {logging_mixin.py:188} INFO - [2025-09-19T03:11:29.562+0000] {dag.py:3823} INFO - Setting next_dagrun for example_xcom_args to None, run_after=None
[2025-09-19T03:11:29.567+0000] {logging_mixin.py:188} INFO - [2025-09-19T03:11:29.567+0000] {dag.py:3823} INFO - Setting next_dagrun for example_xcom_args_with_operators to None, run_after=None
[2025-09-19T03:11:29.592+0000] {processor.py:183} INFO - Processing /home/airflow/.local/lib/python3.8/site-packages/airflow/example_dags/example_xcomargs.py took 0.096 seconds
[2025-09-19T03:11:56.160+0000] {processor.py:161} INFO - Started process (PID=182) to work on /home/airflow/.local/lib/python3.8/site-packages/airflow/example_dags/example_xcomargs.py
[2025-09-19T03:11:56.162+0000] {processor.py:830} INFO - Processing file /home/airflow/.local/lib/python3.8/site-packages/airflow/example_dags/example_xcomargs.py for tasks to queue
[2025-09-19T03:11:56.164+0000] {logging_mixin.py:188} INFO - [2025-09-19T03:11:56.163+0000] {dagbag.py:538} INFO - Filling up the DagBag from /home/airflow/.local/lib/python3.8/site-packages/airflow/example_dags/example_xcomargs.py
[2025-09-19T03:11:56.184+0000] {processor.py:840} INFO - DAG(s) 'example_xcom_args_with_operators', 'example_xcom_args' retrieved from /home/airflow/.local/lib/python3.8/site-packages/airflow/example_dags/example_xcomargs.py
[2025-09-19T03:11:56.237+0000] {logging_mixin.py:188} INFO - [2025-09-19T03:11:56.236+0000] {dag.py:3036} INFO - Sync 2 DAGs
[2025-09-19T03:11:56.265+0000] {logging_mixin.py:188} INFO - [2025-09-19T03:11:56.262+0000] {dag.py:3823} INFO - Setting next_dagrun for example_xcom_args to None, run_after=None
[2025-09-19T03:11:56.270+0000] {logging_mixin.py:188} INFO - [2025-09-19T03:11:56.270+0000] {dag.py:3823} INFO - Setting next_dagrun for example_xcom_args_with_operators to None, run_after=None
[2025-09-19T03:11:56.308+0000] {processor.py:183} INFO - Processing /home/airflow/.local/lib/python3.8/site-packages/airflow/example_dags/example_xcomargs.py took 0.155 seconds
[2025-09-19T03:12:10.834+0000] {processor.py:161} INFO - Started process (PID=235) to work on /home/airflow/.local/lib/python3.8/site-packages/airflow/example_dags/example_xcomargs.py
[2025-09-19T03:12:10.836+0000] {processor.py:830} INFO - Processing file /home/airflow/.local/lib/python3.8/site-packages/airflow/example_dags/example_xcomargs.py for tasks to queue
[2025-09-19T03:12:10.837+0000] {logging_mixin.py:188} INFO - [2025-09-19T03:12:10.837+0000] {dagbag.py:538} INFO - Filling up the DagBag from /home/airflow/.local/lib/python3.8/site-packages/airflow/example_dags/example_xcomargs.py
[2025-09-19T03:12:10.852+0000] {processor.py:840} INFO - DAG(s) 'example_xcom_args_with_operators', 'example_xcom_args' retrieved from /home/airflow/.local/lib/python3.8/site-packages/airflow/example_dags/example_xcomargs.py
[2025-09-19T03:12:10.896+0000] {logging_mixin.py:188} INFO - [2025-09-19T03:12:10.896+0000] {dag.py:3036} INFO - Sync 2 DAGs
[2025-09-19T03:12:10.921+0000] {logging_mixin.py:188} INFO - [2025-09-19T03:12:10.920+0000] {dag.py:3823} INFO - Setting next_dagrun for example_xcom_args to None, run_after=None
[2025-09-19T03:12:10.926+0000] {logging_mixin.py:188} INFO - [2025-09-19T03:12:10.926+0000] {dag.py:3823} INFO - Setting next_dagrun for example_xcom_args_with_operators to None, run_after=None
[2025-09-19T03:12:10.954+0000] {processor.py:183} INFO - Processing /home/airflow/.local/lib/python3.8/site-packages/airflow/example_dags/example_xcomargs.py took 0.125 seconds
[2025-09-19T03:12:22.040+0000] {processor.py:161} INFO - Started process (PID=282) to work on /home/airflow/.local/lib/python3.8/site-packages/airflow/example_dags/example_xcomargs.py
[2025-09-19T03:12:22.041+0000] {processor.py:830} INFO - Processing file /home/airflow/.local/lib/python3.8/site-packages/airflow/example_dags/example_xcomargs.py for tasks to queue
[2025-09-19T03:12:22.042+0000] {logging_mixin.py:188} INFO - [2025-09-19T03:12:22.042+0000] {dagbag.py:538} INFO - Filling up the DagBag from /home/airflow/.local/lib/python3.8/site-packages/airflow/example_dags/example_xcomargs.py
[2025-09-19T03:12:22.060+0000] {processor.py:840} INFO - DAG(s) 'example_xcom_args', 'example_xcom_args_with_operators' retrieved from /home/airflow/.local/lib/python3.8/site-packages/airflow/example_dags/example_xcomargs.py
[2025-09-19T03:12:22.104+0000] {logging_mixin.py:188} INFO - [2025-09-19T03:12:22.104+0000] {dag.py:3036} INFO - Sync 2 DAGs
[2025-09-19T03:12:22.125+0000] {logging_mixin.py:188} INFO - [2025-09-19T03:12:22.125+0000] {dag.py:3823} INFO - Setting next_dagrun for example_xcom_args to None, run_after=None
[2025-09-19T03:12:22.130+0000] {logging_mixin.py:188} INFO - [2025-09-19T03:12:22.130+0000] {dag.py:3823} INFO - Setting next_dagrun for example_xcom_args_with_operators to None, run_after=None
[2025-09-19T03:12:22.160+0000] {processor.py:183} INFO - Processing /home/airflow/.local/lib/python3.8/site-packages/airflow/example_dags/example_xcomargs.py took 0.130 seconds
[2025-09-19T03:16:34.282+0000] {processor.py:161} INFO - Started process (PID=96) to work on /home/airflow/.local/lib/python3.8/site-packages/airflow/example_dags/example_xcomargs.py
[2025-09-19T03:16:34.284+0000] {processor.py:830} INFO - Processing file /home/airflow/.local/lib/python3.8/site-packages/airflow/example_dags/example_xcomargs.py for tasks to queue
[2025-09-19T03:16:34.285+0000] {logging_mixin.py:188} INFO - [2025-09-19T03:16:34.285+0000] {dagbag.py:538} INFO - Filling up the DagBag from /home/airflow/.local/lib/python3.8/site-packages/airflow/example_dags/example_xcomargs.py
[2025-09-19T03:16:34.308+0000] {processor.py:840} INFO - DAG(s) 'example_xcom_args', 'example_xcom_args_with_operators' retrieved from /home/airflow/.local/lib/python3.8/site-packages/airflow/example_dags/example_xcomargs.py
[2025-09-19T03:16:34.346+0000] {logging_mixin.py:188} INFO - [2025-09-19T03:16:34.346+0000] {dag.py:3036} INFO - Sync 2 DAGs
[2025-09-19T03:16:34.368+0000] {logging_mixin.py:188} INFO - [2025-09-19T03:16:34.368+0000] {dag.py:3823} INFO - Setting next_dagrun for example_xcom_args to None, run_after=None
[2025-09-19T03:16:34.375+0000] {logging_mixin.py:188} INFO - [2025-09-19T03:16:34.375+0000] {dag.py:3823} INFO - Setting next_dagrun for example_xcom_args_with_operators to None, run_after=None
[2025-09-19T03:16:34.401+0000] {processor.py:183} INFO - Processing /home/airflow/.local/lib/python3.8/site-packages/airflow/example_dags/example_xcomargs.py took 0.125 seconds
