[2025-09-19T03:11:00.332+0000] {processor.py:161} INFO - Started process (PID=65) to work on /home/airflow/.local/lib/python3.8/site-packages/airflow/example_dags/example_branch_labels.py
[2025-09-19T03:11:00.337+0000] {processor.py:830} INFO - Processing file /home/airflow/.local/lib/python3.8/site-packages/airflow/example_dags/example_branch_labels.py for tasks to queue
[2025-09-19T03:11:00.350+0000] {logging_mixin.py:188} INFO - [2025-09-19T03:11:00.350+0000] {dagbag.py:538} INFO - Filling up the DagBag from /home/airflow/.local/lib/python3.8/site-packages/airflow/example_dags/example_branch_labels.py
[2025-09-19T03:11:00.391+0000] {processor.py:840} INFO - DAG(s) 'example_branch_labels' retrieved from /home/airflow/.local/lib/python3.8/site-packages/airflow/example_dags/example_branch_labels.py
[2025-09-19T03:11:00.713+0000] {logging_mixin.py:188} INFO - [2025-09-19T03:11:00.712+0000] {dag.py:3036} INFO - Sync 1 DAGs
[2025-09-19T03:11:00.756+0000] {logging_mixin.py:188} INFO - [2025-09-19T03:11:00.756+0000] {dag.py:3823} INFO - Setting next_dagrun for example_branch_labels to 2025-09-18 00:00:00+00:00, run_after=2025-09-19 00:00:00+00:00
[2025-09-19T03:11:00.818+0000] {processor.py:183} INFO - Processing /home/airflow/.local/lib/python3.8/site-packages/airflow/example_dags/example_branch_labels.py took 0.505 seconds
[2025-09-19T03:11:28.131+0000] {processor.py:161} INFO - Started process (PID=119) to work on /home/airflow/.local/lib/python3.8/site-packages/airflow/example_dags/example_branch_labels.py
[2025-09-19T03:11:28.134+0000] {processor.py:830} INFO - Processing file /home/airflow/.local/lib/python3.8/site-packages/airflow/example_dags/example_branch_labels.py for tasks to queue
[2025-09-19T03:11:28.136+0000] {logging_mixin.py:188} INFO - [2025-09-19T03:11:28.135+0000] {dagbag.py:538} INFO - Filling up the DagBag from /home/airflow/.local/lib/python3.8/site-packages/airflow/example_dags/example_branch_labels.py
[2025-09-19T03:11:28.150+0000] {processor.py:840} INFO - DAG(s) 'example_branch_labels' retrieved from /home/airflow/.local/lib/python3.8/site-packages/airflow/example_dags/example_branch_labels.py
[2025-09-19T03:11:28.167+0000] {logging_mixin.py:188} INFO - [2025-09-19T03:11:28.167+0000] {dag.py:3036} INFO - Sync 1 DAGs
[2025-09-19T03:11:28.215+0000] {logging_mixin.py:188} INFO - [2025-09-19T03:11:28.214+0000] {dag.py:3823} INFO - Setting next_dagrun for example_branch_labels to 2025-09-18 00:00:00+00:00, run_after=2025-09-19 00:00:00+00:00
[2025-09-19T03:11:28.243+0000] {processor.py:183} INFO - Processing /home/airflow/.local/lib/python3.8/site-packages/airflow/example_dags/example_branch_labels.py took 0.118 seconds
[2025-09-19T03:11:52.432+0000] {processor.py:161} INFO - Started process (PID=164) to work on /home/airflow/.local/lib/python3.8/site-packages/airflow/example_dags/example_branch_labels.py
[2025-09-19T03:11:52.451+0000] {processor.py:830} INFO - Processing file /home/airflow/.local/lib/python3.8/site-packages/airflow/example_dags/example_branch_labels.py for tasks to queue
[2025-09-19T03:11:52.476+0000] {logging_mixin.py:188} INFO - [2025-09-19T03:11:52.476+0000] {dagbag.py:538} INFO - Filling up the DagBag from /home/airflow/.local/lib/python3.8/site-packages/airflow/example_dags/example_branch_labels.py
[2025-09-19T03:11:52.584+0000] {processor.py:840} INFO - DAG(s) 'example_branch_labels' retrieved from /home/airflow/.local/lib/python3.8/site-packages/airflow/example_dags/example_branch_labels.py
[2025-09-19T03:11:52.719+0000] {logging_mixin.py:188} INFO - [2025-09-19T03:11:52.719+0000] {dag.py:3036} INFO - Sync 1 DAGs
[2025-09-19T03:11:52.822+0000] {logging_mixin.py:188} INFO - [2025-09-19T03:11:52.822+0000] {dag.py:3823} INFO - Setting next_dagrun for example_branch_labels to 2025-09-18 00:00:00+00:00, run_after=2025-09-19 00:00:00+00:00
[2025-09-19T03:11:52.861+0000] {processor.py:183} INFO - Processing /home/airflow/.local/lib/python3.8/site-packages/airflow/example_dags/example_branch_labels.py took 0.453 seconds
[2025-09-19T03:12:08.609+0000] {processor.py:161} INFO - Started process (PID=217) to work on /home/airflow/.local/lib/python3.8/site-packages/airflow/example_dags/example_branch_labels.py
[2025-09-19T03:12:08.620+0000] {processor.py:830} INFO - Processing file /home/airflow/.local/lib/python3.8/site-packages/airflow/example_dags/example_branch_labels.py for tasks to queue
[2025-09-19T03:12:08.622+0000] {logging_mixin.py:188} INFO - [2025-09-19T03:12:08.621+0000] {dagbag.py:538} INFO - Filling up the DagBag from /home/airflow/.local/lib/python3.8/site-packages/airflow/example_dags/example_branch_labels.py
[2025-09-19T03:12:08.645+0000] {processor.py:840} INFO - DAG(s) 'example_branch_labels' retrieved from /home/airflow/.local/lib/python3.8/site-packages/airflow/example_dags/example_branch_labels.py
[2025-09-19T03:12:08.713+0000] {logging_mixin.py:188} INFO - [2025-09-19T03:12:08.712+0000] {dag.py:3036} INFO - Sync 1 DAGs
[2025-09-19T03:12:08.803+0000] {logging_mixin.py:188} INFO - [2025-09-19T03:12:08.803+0000] {dag.py:3823} INFO - Setting next_dagrun for example_branch_labels to 2025-09-18 00:00:00+00:00, run_after=2025-09-19 00:00:00+00:00
[2025-09-19T03:12:08.843+0000] {processor.py:183} INFO - Processing /home/airflow/.local/lib/python3.8/site-packages/airflow/example_dags/example_branch_labels.py took 0.239 seconds
[2025-09-19T03:12:20.345+0000] {processor.py:161} INFO - Started process (PID=264) to work on /home/airflow/.local/lib/python3.8/site-packages/airflow/example_dags/example_branch_labels.py
[2025-09-19T03:12:20.346+0000] {processor.py:830} INFO - Processing file /home/airflow/.local/lib/python3.8/site-packages/airflow/example_dags/example_branch_labels.py for tasks to queue
[2025-09-19T03:12:20.348+0000] {logging_mixin.py:188} INFO - [2025-09-19T03:12:20.348+0000] {dagbag.py:538} INFO - Filling up the DagBag from /home/airflow/.local/lib/python3.8/site-packages/airflow/example_dags/example_branch_labels.py
[2025-09-19T03:12:20.362+0000] {processor.py:840} INFO - DAG(s) 'example_branch_labels' retrieved from /home/airflow/.local/lib/python3.8/site-packages/airflow/example_dags/example_branch_labels.py
[2025-09-19T03:12:20.396+0000] {logging_mixin.py:188} INFO - [2025-09-19T03:12:20.396+0000] {dag.py:3036} INFO - Sync 1 DAGs
[2025-09-19T03:12:20.431+0000] {logging_mixin.py:188} INFO - [2025-09-19T03:12:20.431+0000] {dag.py:3823} INFO - Setting next_dagrun for example_branch_labels to 2025-09-18 00:00:00+00:00, run_after=2025-09-19 00:00:00+00:00
[2025-09-19T03:12:20.457+0000] {processor.py:183} INFO - Processing /home/airflow/.local/lib/python3.8/site-packages/airflow/example_dags/example_branch_labels.py took 0.120 seconds
[2025-09-19T03:16:31.319+0000] {processor.py:161} INFO - Started process (PID=78) to work on /home/airflow/.local/lib/python3.8/site-packages/airflow/example_dags/example_branch_labels.py
[2025-09-19T03:16:31.325+0000] {processor.py:830} INFO - Processing file /home/airflow/.local/lib/python3.8/site-packages/airflow/example_dags/example_branch_labels.py for tasks to queue
[2025-09-19T03:16:31.326+0000] {logging_mixin.py:188} INFO - [2025-09-19T03:16:31.326+0000] {dagbag.py:538} INFO - Filling up the DagBag from /home/airflow/.local/lib/python3.8/site-packages/airflow/example_dags/example_branch_labels.py
[2025-09-19T03:16:31.361+0000] {processor.py:840} INFO - DAG(s) 'example_branch_labels' retrieved from /home/airflow/.local/lib/python3.8/site-packages/airflow/example_dags/example_branch_labels.py
[2025-09-19T03:16:31.431+0000] {logging_mixin.py:188} INFO - [2025-09-19T03:16:31.431+0000] {dag.py:3036} INFO - Sync 1 DAGs
[2025-09-19T03:16:31.478+0000] {logging_mixin.py:188} INFO - [2025-09-19T03:16:31.478+0000] {dag.py:3823} INFO - Setting next_dagrun for example_branch_labels to 2025-09-18 00:00:00+00:00, run_after=2025-09-19 00:00:00+00:00
[2025-09-19T03:16:31.526+0000] {processor.py:183} INFO - Processing /home/airflow/.local/lib/python3.8/site-packages/airflow/example_dags/example_branch_labels.py took 0.216 seconds
