[2025-09-19T03:11:04.148+0000] {processor.py:161} INFO - Started process (PID=79) to work on /home/airflow/.local/lib/python3.8/site-packages/airflow/example_dags/example_trigger_target_dag.py
[2025-09-19T03:11:04.152+0000] {processor.py:830} INFO - Processing file /home/airflow/.local/lib/python3.8/site-packages/airflow/example_dags/example_trigger_target_dag.py for tasks to queue
[2025-09-19T03:11:04.158+0000] {logging_mixin.py:188} INFO - [2025-09-19T03:11:04.157+0000] {dagbag.py:538} INFO - Filling up the DagBag from /home/airflow/.local/lib/python3.8/site-packages/airflow/example_dags/example_trigger_target_dag.py
[2025-09-19T03:11:04.193+0000] {processor.py:840} INFO - DAG(s) 'example_trigger_target_dag' retrieved from /home/airflow/.local/lib/python3.8/site-packages/airflow/example_dags/example_trigger_target_dag.py
[2025-09-19T03:11:04.544+0000] {logging_mixin.py:188} INFO - [2025-09-19T03:11:04.543+0000] {dag.py:3036} INFO - Sync 1 DAGs
[2025-09-19T03:11:04.575+0000] {logging_mixin.py:188} INFO - [2025-09-19T03:11:04.575+0000] {dag.py:3823} INFO - Setting next_dagrun for example_trigger_target_dag to None, run_after=None
[2025-09-19T03:11:04.617+0000] {processor.py:183} INFO - Processing /home/airflow/.local/lib/python3.8/site-packages/airflow/example_dags/example_trigger_target_dag.py took 0.488 seconds
[2025-09-19T03:11:29.128+0000] {processor.py:161} INFO - Started process (PID=133) to work on /home/airflow/.local/lib/python3.8/site-packages/airflow/example_dags/example_trigger_target_dag.py
[2025-09-19T03:11:29.130+0000] {processor.py:830} INFO - Processing file /home/airflow/.local/lib/python3.8/site-packages/airflow/example_dags/example_trigger_target_dag.py for tasks to queue
[2025-09-19T03:11:29.132+0000] {logging_mixin.py:188} INFO - [2025-09-19T03:11:29.131+0000] {dagbag.py:538} INFO - Filling up the DagBag from /home/airflow/.local/lib/python3.8/site-packages/airflow/example_dags/example_trigger_target_dag.py
[2025-09-19T03:11:29.142+0000] {processor.py:840} INFO - DAG(s) 'example_trigger_target_dag' retrieved from /home/airflow/.local/lib/python3.8/site-packages/airflow/example_dags/example_trigger_target_dag.py
[2025-09-19T03:11:29.160+0000] {logging_mixin.py:188} INFO - [2025-09-19T03:11:29.160+0000] {dag.py:3036} INFO - Sync 1 DAGs
[2025-09-19T03:11:29.181+0000] {logging_mixin.py:188} INFO - [2025-09-19T03:11:29.181+0000] {dag.py:3823} INFO - Setting next_dagrun for example_trigger_target_dag to None, run_after=None
[2025-09-19T03:11:29.213+0000] {processor.py:183} INFO - Processing /home/airflow/.local/lib/python3.8/site-packages/airflow/example_dags/example_trigger_target_dag.py took 0.091 seconds
[2025-09-19T03:11:55.122+0000] {processor.py:161} INFO - Started process (PID=178) to work on /home/airflow/.local/lib/python3.8/site-packages/airflow/example_dags/example_trigger_target_dag.py
[2025-09-19T03:11:55.126+0000] {processor.py:830} INFO - Processing file /home/airflow/.local/lib/python3.8/site-packages/airflow/example_dags/example_trigger_target_dag.py for tasks to queue
[2025-09-19T03:11:55.128+0000] {logging_mixin.py:188} INFO - [2025-09-19T03:11:55.128+0000] {dagbag.py:538} INFO - Filling up the DagBag from /home/airflow/.local/lib/python3.8/site-packages/airflow/example_dags/example_trigger_target_dag.py
[2025-09-19T03:11:55.145+0000] {processor.py:840} INFO - DAG(s) 'example_trigger_target_dag' retrieved from /home/airflow/.local/lib/python3.8/site-packages/airflow/example_dags/example_trigger_target_dag.py
[2025-09-19T03:11:55.225+0000] {logging_mixin.py:188} INFO - [2025-09-19T03:11:55.225+0000] {dag.py:3036} INFO - Sync 1 DAGs
[2025-09-19T03:11:55.320+0000] {logging_mixin.py:188} INFO - [2025-09-19T03:11:55.320+0000] {dag.py:3823} INFO - Setting next_dagrun for example_trigger_target_dag to None, run_after=None
[2025-09-19T03:11:55.421+0000] {processor.py:183} INFO - Processing /home/airflow/.local/lib/python3.8/site-packages/airflow/example_dags/example_trigger_target_dag.py took 0.305 seconds
[2025-09-19T03:12:10.506+0000] {processor.py:161} INFO - Started process (PID=231) to work on /home/airflow/.local/lib/python3.8/site-packages/airflow/example_dags/example_trigger_target_dag.py
[2025-09-19T03:12:10.508+0000] {processor.py:830} INFO - Processing file /home/airflow/.local/lib/python3.8/site-packages/airflow/example_dags/example_trigger_target_dag.py for tasks to queue
[2025-09-19T03:12:10.509+0000] {logging_mixin.py:188} INFO - [2025-09-19T03:12:10.509+0000] {dagbag.py:538} INFO - Filling up the DagBag from /home/airflow/.local/lib/python3.8/site-packages/airflow/example_dags/example_trigger_target_dag.py
[2025-09-19T03:12:10.529+0000] {processor.py:840} INFO - DAG(s) 'example_trigger_target_dag' retrieved from /home/airflow/.local/lib/python3.8/site-packages/airflow/example_dags/example_trigger_target_dag.py
[2025-09-19T03:12:10.579+0000] {logging_mixin.py:188} INFO - [2025-09-19T03:12:10.578+0000] {dag.py:3036} INFO - Sync 1 DAGs
[2025-09-19T03:12:10.604+0000] {logging_mixin.py:188} INFO - [2025-09-19T03:12:10.604+0000] {dag.py:3823} INFO - Setting next_dagrun for example_trigger_target_dag to None, run_after=None
[2025-09-19T03:12:10.641+0000] {processor.py:183} INFO - Processing /home/airflow/.local/lib/python3.8/site-packages/airflow/example_dags/example_trigger_target_dag.py took 0.147 seconds
[2025-09-19T03:14:20.604+0000] {processor.py:161} INFO - Started process (PID=278) to work on /home/airflow/.local/lib/python3.8/site-packages/airflow/example_dags/example_trigger_target_dag.py
[2025-09-19T03:14:20.606+0000] {processor.py:830} INFO - Processing file /home/airflow/.local/lib/python3.8/site-packages/airflow/example_dags/example_trigger_target_dag.py for tasks to queue
[2025-09-19T03:14:20.608+0000] {logging_mixin.py:188} INFO - [2025-09-19T03:14:20.607+0000] {dagbag.py:538} INFO - Filling up the DagBag from /home/airflow/.local/lib/python3.8/site-packages/airflow/example_dags/example_trigger_target_dag.py
[2025-09-19T03:14:20.618+0000] {processor.py:840} INFO - DAG(s) 'example_trigger_target_dag' retrieved from /home/airflow/.local/lib/python3.8/site-packages/airflow/example_dags/example_trigger_target_dag.py
[2025-09-19T03:14:20.662+0000] {logging_mixin.py:188} INFO - [2025-09-19T03:14:20.662+0000] {dag.py:3036} INFO - Sync 1 DAGs
[2025-09-19T03:14:20.687+0000] {logging_mixin.py:188} INFO - [2025-09-19T03:14:20.687+0000] {dag.py:3823} INFO - Setting next_dagrun for example_trigger_target_dag to None, run_after=None
[2025-09-19T03:12:21.790+0000] {processor.py:183} INFO - Processing /home/airflow/.local/lib/python3.8/site-packages/airflow/example_dags/example_trigger_target_dag.py took 0.134 seconds
[2025-09-19T03:16:33.766+0000] {processor.py:161} INFO - Started process (PID=92) to work on /home/airflow/.local/lib/python3.8/site-packages/airflow/example_dags/example_trigger_target_dag.py
[2025-09-19T03:16:33.769+0000] {processor.py:830} INFO - Processing file /home/airflow/.local/lib/python3.8/site-packages/airflow/example_dags/example_trigger_target_dag.py for tasks to queue
[2025-09-19T03:16:33.774+0000] {logging_mixin.py:188} INFO - [2025-09-19T03:16:33.773+0000] {dagbag.py:538} INFO - Filling up the DagBag from /home/airflow/.local/lib/python3.8/site-packages/airflow/example_dags/example_trigger_target_dag.py
[2025-09-19T03:16:33.793+0000] {processor.py:840} INFO - DAG(s) 'example_trigger_target_dag' retrieved from /home/airflow/.local/lib/python3.8/site-packages/airflow/example_dags/example_trigger_target_dag.py
[2025-09-19T03:16:33.833+0000] {logging_mixin.py:188} INFO - [2025-09-19T03:16:33.833+0000] {dag.py:3036} INFO - Sync 1 DAGs
[2025-09-19T03:16:33.861+0000] {logging_mixin.py:188} INFO - [2025-09-19T03:16:33.860+0000] {dag.py:3823} INFO - Setting next_dagrun for example_trigger_target_dag to None, run_after=None
[2025-09-19T03:16:33.895+0000] {processor.py:183} INFO - Processing /home/airflow/.local/lib/python3.8/site-packages/airflow/example_dags/example_trigger_target_dag.py took 0.138 seconds
