[2025-09-19T03:10:58.838+0000] {processor.py:161} INFO - Started process (PID=59) to work on /home/airflow/.local/lib/python3.8/site-packages/airflow/example_dags/example_setup_teardown.py
[2025-09-19T03:10:58.839+0000] {processor.py:830} INFO - Processing file /home/airflow/.local/lib/python3.8/site-packages/airflow/example_dags/example_setup_teardown.py for tasks to queue
[2025-09-19T03:10:58.842+0000] {logging_mixin.py:188} INFO - [2025-09-19T03:10:58.842+0000] {dagbag.py:538} INFO - Filling up the DagBag from /home/airflow/.local/lib/python3.8/site-packages/airflow/example_dags/example_setup_teardown.py
[2025-09-19T03:10:58.868+0000] {processor.py:840} INFO - DAG(s) 'example_setup_teardown' retrieved from /home/airflow/.local/lib/python3.8/site-packages/airflow/example_dags/example_setup_teardown.py
[2025-09-19T03:10:59.105+0000] {logging_mixin.py:188} INFO - [2025-09-19T03:10:59.104+0000] {dag.py:3036} INFO - Sync 1 DAGs
[2025-09-19T03:10:59.157+0000] {logging_mixin.py:188} INFO - [2025-09-19T03:10:59.157+0000] {dag.py:3823} INFO - Setting next_dagrun for example_setup_teardown to 2025-09-18 00:00:00+00:00, run_after=2025-09-19 00:00:00+00:00
[2025-09-19T03:10:59.206+0000] {processor.py:183} INFO - Processing /home/airflow/.local/lib/python3.8/site-packages/airflow/example_dags/example_setup_teardown.py took 0.374 seconds
[2025-09-19T03:11:27.706+0000] {processor.py:161} INFO - Started process (PID=113) to work on /home/airflow/.local/lib/python3.8/site-packages/airflow/example_dags/example_setup_teardown.py
[2025-09-19T03:11:27.708+0000] {processor.py:830} INFO - Processing file /home/airflow/.local/lib/python3.8/site-packages/airflow/example_dags/example_setup_teardown.py for tasks to queue
[2025-09-19T03:11:27.709+0000] {logging_mixin.py:188} INFO - [2025-09-19T03:11:27.709+0000] {dagbag.py:538} INFO - Filling up the DagBag from /home/airflow/.local/lib/python3.8/site-packages/airflow/example_dags/example_setup_teardown.py
[2025-09-19T03:11:27.722+0000] {processor.py:840} INFO - DAG(s) 'example_setup_teardown' retrieved from /home/airflow/.local/lib/python3.8/site-packages/airflow/example_dags/example_setup_teardown.py
[2025-09-19T03:11:27.739+0000] {logging_mixin.py:188} INFO - [2025-09-19T03:11:27.739+0000] {dag.py:3036} INFO - Sync 1 DAGs
[2025-09-19T03:11:27.774+0000] {logging_mixin.py:188} INFO - [2025-09-19T03:11:27.773+0000] {dag.py:3823} INFO - Setting next_dagrun for example_setup_teardown to 2025-09-18 00:00:00+00:00, run_after=2025-09-19 00:00:00+00:00
[2025-09-19T03:11:27.801+0000] {processor.py:183} INFO - Processing /home/airflow/.local/lib/python3.8/site-packages/airflow/example_dags/example_setup_teardown.py took 0.101 seconds
[2025-09-19T03:11:51.322+0000] {processor.py:161} INFO - Started process (PID=158) to work on /home/airflow/.local/lib/python3.8/site-packages/airflow/example_dags/example_setup_teardown.py
[2025-09-19T03:11:51.350+0000] {processor.py:830} INFO - Processing file /home/airflow/.local/lib/python3.8/site-packages/airflow/example_dags/example_setup_teardown.py for tasks to queue
[2025-09-19T03:11:51.351+0000] {logging_mixin.py:188} INFO - [2025-09-19T03:11:51.350+0000] {dagbag.py:538} INFO - Filling up the DagBag from /home/airflow/.local/lib/python3.8/site-packages/airflow/example_dags/example_setup_teardown.py
[2025-09-19T03:11:51.373+0000] {processor.py:840} INFO - DAG(s) 'example_setup_teardown' retrieved from /home/airflow/.local/lib/python3.8/site-packages/airflow/example_dags/example_setup_teardown.py
[2025-09-19T03:11:51.422+0000] {logging_mixin.py:188} INFO - [2025-09-19T03:11:51.421+0000] {dag.py:3036} INFO - Sync 1 DAGs
[2025-09-19T03:11:51.464+0000] {logging_mixin.py:188} INFO - [2025-09-19T03:11:51.462+0000] {dag.py:3823} INFO - Setting next_dagrun for example_setup_teardown to 2025-09-18 00:00:00+00:00, run_after=2025-09-19 00:00:00+00:00
[2025-09-19T03:13:50.463+0000] {processor.py:183} INFO - Processing /home/airflow/.local/lib/python3.8/site-packages/airflow/example_dags/example_setup_teardown.py took 0.215 seconds
[2025-09-19T03:18:29.183+0000] {processor.py:161} INFO - Started process (PID=72) to work on /home/airflow/.local/lib/python3.8/site-packages/airflow/example_dags/example_setup_teardown.py
[2025-09-19T03:18:29.187+0000] {processor.py:830} INFO - Processing file /home/airflow/.local/lib/python3.8/site-packages/airflow/example_dags/example_setup_teardown.py for tasks to queue
[2025-09-19T03:18:29.189+0000] {logging_mixin.py:188} INFO - [2025-09-19T03:18:29.188+0000] {dagbag.py:538} INFO - Filling up the DagBag from /home/airflow/.local/lib/python3.8/site-packages/airflow/example_dags/example_setup_teardown.py
[2025-09-19T03:18:29.216+0000] {processor.py:840} INFO - DAG(s) 'example_setup_teardown' retrieved from /home/airflow/.local/lib/python3.8/site-packages/airflow/example_dags/example_setup_teardown.py
[2025-09-19T03:16:30.614+0000] {logging_mixin.py:188} INFO - [2025-09-19T03:16:30.613+0000] {dag.py:3036} INFO - Sync 1 DAGs
[2025-09-19T03:16:30.660+0000] {logging_mixin.py:188} INFO - [2025-09-19T03:16:30.660+0000] {dag.py:3823} INFO - Setting next_dagrun for example_setup_teardown to 2025-09-18 00:00:00+00:00, run_after=2025-09-19 00:00:00+00:00
[2025-09-19T03:16:30.752+0000] {processor.py:183} INFO - Processing /home/airflow/.local/lib/python3.8/site-packages/airflow/example_dags/example_setup_teardown.py took 0.533 seconds
