[2025-09-19T03:11:04.091+0000] {processor.py:161} INFO - Started process (PID=78) to work on /home/airflow/.local/lib/python3.8/site-packages/airflow/example_dags/example_skip_dag.py
[2025-09-19T03:11:04.093+0000] {processor.py:830} INFO - Processing file /home/airflow/.local/lib/python3.8/site-packages/airflow/example_dags/example_skip_dag.py for tasks to queue
[2025-09-19T03:11:04.099+0000] {logging_mixin.py:188} INFO - [2025-09-19T03:11:04.098+0000] {dagbag.py:538} INFO - Filling up the DagBag from /home/airflow/.local/lib/python3.8/site-packages/airflow/example_dags/example_skip_dag.py
[2025-09-19T03:11:04.127+0000] {processor.py:840} INFO - DAG(s) 'example_skip_dag' retrieved from /home/airflow/.local/lib/python3.8/site-packages/airflow/example_dags/example_skip_dag.py
[2025-09-19T03:11:04.481+0000] {logging_mixin.py:188} INFO - [2025-09-19T03:11:04.481+0000] {dag.py:3036} INFO - Sync 1 DAGs
[2025-09-19T03:11:04.539+0000] {logging_mixin.py:188} INFO - [2025-09-19T03:11:04.538+0000] {dag.py:3823} INFO - Setting next_dagrun for example_skip_dag to 2025-09-18 00:00:00+00:00, run_after=2025-09-19 00:00:00+00:00
[2025-09-19T03:11:04.615+0000] {processor.py:183} INFO - Processing /home/airflow/.local/lib/python3.8/site-packages/airflow/example_dags/example_skip_dag.py took 0.541 seconds
[2025-09-19T03:11:29.074+0000] {processor.py:161} INFO - Started process (PID=132) to work on /home/airflow/.local/lib/python3.8/site-packages/airflow/example_dags/example_skip_dag.py
[2025-09-19T03:11:29.076+0000] {processor.py:830} INFO - Processing file /home/airflow/.local/lib/python3.8/site-packages/airflow/example_dags/example_skip_dag.py for tasks to queue
[2025-09-19T03:11:29.078+0000] {logging_mixin.py:188} INFO - [2025-09-19T03:11:29.077+0000] {dagbag.py:538} INFO - Filling up the DagBag from /home/airflow/.local/lib/python3.8/site-packages/airflow/example_dags/example_skip_dag.py
[2025-09-19T03:11:29.091+0000] {processor.py:840} INFO - DAG(s) 'example_skip_dag' retrieved from /home/airflow/.local/lib/python3.8/site-packages/airflow/example_dags/example_skip_dag.py
[2025-09-19T03:11:29.112+0000] {logging_mixin.py:188} INFO - [2025-09-19T03:11:29.112+0000] {dag.py:3036} INFO - Sync 1 DAGs
[2025-09-19T03:11:29.146+0000] {logging_mixin.py:188} INFO - [2025-09-19T03:11:29.145+0000] {dag.py:3823} INFO - Setting next_dagrun for example_skip_dag to 2025-09-18 00:00:00+00:00, run_after=2025-09-19 00:00:00+00:00
[2025-09-19T03:11:29.172+0000] {processor.py:183} INFO - Processing /home/airflow/.local/lib/python3.8/site-packages/airflow/example_dags/example_skip_dag.py took 0.105 seconds
[2025-09-19T03:11:55.096+0000] {processor.py:161} INFO - Started process (PID=177) to work on /home/airflow/.local/lib/python3.8/site-packages/airflow/example_dags/example_skip_dag.py
[2025-09-19T03:11:55.102+0000] {processor.py:830} INFO - Processing file /home/airflow/.local/lib/python3.8/site-packages/airflow/example_dags/example_skip_dag.py for tasks to queue
[2025-09-19T03:11:55.104+0000] {logging_mixin.py:188} INFO - [2025-09-19T03:11:55.103+0000] {dagbag.py:538} INFO - Filling up the DagBag from /home/airflow/.local/lib/python3.8/site-packages/airflow/example_dags/example_skip_dag.py
[2025-09-19T03:11:55.117+0000] {processor.py:840} INFO - DAG(s) 'example_skip_dag' retrieved from /home/airflow/.local/lib/python3.8/site-packages/airflow/example_dags/example_skip_dag.py
[2025-09-19T03:11:55.170+0000] {logging_mixin.py:188} INFO - [2025-09-19T03:11:55.169+0000] {dag.py:3036} INFO - Sync 1 DAGs
[2025-09-19T03:11:55.270+0000] {logging_mixin.py:188} INFO - [2025-09-19T03:11:55.270+0000] {dag.py:3823} INFO - Setting next_dagrun for example_skip_dag to 2025-09-18 00:00:00+00:00, run_after=2025-09-19 00:00:00+00:00
[2025-09-19T03:11:55.386+0000] {processor.py:183} INFO - Processing /home/airflow/.local/lib/python3.8/site-packages/airflow/example_dags/example_skip_dag.py took 0.300 seconds
[2025-09-19T03:12:10.357+0000] {processor.py:161} INFO - Started process (PID=230) to work on /home/airflow/.local/lib/python3.8/site-packages/airflow/example_dags/example_skip_dag.py
[2025-09-19T03:12:10.363+0000] {processor.py:830} INFO - Processing file /home/airflow/.local/lib/python3.8/site-packages/airflow/example_dags/example_skip_dag.py for tasks to queue
[2025-09-19T03:12:10.365+0000] {logging_mixin.py:188} INFO - [2025-09-19T03:12:10.364+0000] {dagbag.py:538} INFO - Filling up the DagBag from /home/airflow/.local/lib/python3.8/site-packages/airflow/example_dags/example_skip_dag.py
[2025-09-19T03:12:10.386+0000] {processor.py:840} INFO - DAG(s) 'example_skip_dag' retrieved from /home/airflow/.local/lib/python3.8/site-packages/airflow/example_dags/example_skip_dag.py
[2025-09-19T03:12:10.453+0000] {logging_mixin.py:188} INFO - [2025-09-19T03:12:10.451+0000] {dag.py:3036} INFO - Sync 1 DAGs
[2025-09-19T03:12:10.521+0000] {logging_mixin.py:188} INFO - [2025-09-19T03:12:10.520+0000] {dag.py:3823} INFO - Setting next_dagrun for example_skip_dag to 2025-09-18 00:00:00+00:00, run_after=2025-09-19 00:00:00+00:00
[2025-09-19T03:12:10.563+0000] {processor.py:183} INFO - Processing /home/airflow/.local/lib/python3.8/site-packages/airflow/example_dags/example_skip_dag.py took 0.216 seconds
[2025-09-19T03:12:21.534+0000] {processor.py:161} INFO - Started process (PID=277) to work on /home/airflow/.local/lib/python3.8/site-packages/airflow/example_dags/example_skip_dag.py
[2025-09-19T03:12:21.536+0000] {processor.py:830} INFO - Processing file /home/airflow/.local/lib/python3.8/site-packages/airflow/example_dags/example_skip_dag.py for tasks to queue
[2025-09-19T03:12:21.537+0000] {logging_mixin.py:188} INFO - [2025-09-19T03:12:21.536+0000] {dagbag.py:538} INFO - Filling up the DagBag from /home/airflow/.local/lib/python3.8/site-packages/airflow/example_dags/example_skip_dag.py
[2025-09-19T03:12:21.549+0000] {processor.py:840} INFO - DAG(s) 'example_skip_dag' retrieved from /home/airflow/.local/lib/python3.8/site-packages/airflow/example_dags/example_skip_dag.py
[2025-09-19T03:14:20.511+0000] {logging_mixin.py:188} INFO - [2025-09-19T03:14:20.511+0000] {dag.py:3036} INFO - Sync 1 DAGs
[2025-09-19T03:14:20.542+0000] {logging_mixin.py:188} INFO - [2025-09-19T03:14:20.541+0000] {dag.py:3823} INFO - Setting next_dagrun for example_skip_dag to 2025-09-18 00:00:00+00:00, run_after=2025-09-19 00:00:00+00:00
[2025-09-19T03:14:20.570+0000] {processor.py:183} INFO - Processing /home/airflow/.local/lib/python3.8/site-packages/airflow/example_dags/example_skip_dag.py took 0.110 seconds
[2025-09-19T03:16:33.511+0000] {processor.py:161} INFO - Started process (PID=91) to work on /home/airflow/.local/lib/python3.8/site-packages/airflow/example_dags/example_skip_dag.py
[2025-09-19T03:16:33.513+0000] {processor.py:830} INFO - Processing file /home/airflow/.local/lib/python3.8/site-packages/airflow/example_dags/example_skip_dag.py for tasks to queue
[2025-09-19T03:16:33.515+0000] {logging_mixin.py:188} INFO - [2025-09-19T03:16:33.514+0000] {dagbag.py:538} INFO - Filling up the DagBag from /home/airflow/.local/lib/python3.8/site-packages/airflow/example_dags/example_skip_dag.py
[2025-09-19T03:16:33.552+0000] {processor.py:840} INFO - DAG(s) 'example_skip_dag' retrieved from /home/airflow/.local/lib/python3.8/site-packages/airflow/example_dags/example_skip_dag.py
[2025-09-19T03:16:33.633+0000] {logging_mixin.py:188} INFO - [2025-09-19T03:16:33.633+0000] {dag.py:3036} INFO - Sync 1 DAGs
[2025-09-19T03:16:33.698+0000] {logging_mixin.py:188} INFO - [2025-09-19T03:16:33.697+0000] {dag.py:3823} INFO - Setting next_dagrun for example_skip_dag to 2025-09-18 00:00:00+00:00, run_after=2025-09-19 00:00:00+00:00
[2025-09-19T03:16:33.741+0000] {processor.py:183} INFO - Processing /home/airflow/.local/lib/python3.8/site-packages/airflow/example_dags/example_skip_dag.py took 0.240 seconds
