[2025-09-19T03:11:05.312+0000] {processor.py:161} INFO - Started process (PID=82) to work on /home/airflow/.local/lib/python3.8/site-packages/airflow/example_dags/example_setup_teardown_taskflow.py
[2025-09-19T03:11:05.317+0000] {processor.py:830} INFO - Processing file /home/airflow/.local/lib/python3.8/site-packages/airflow/example_dags/example_setup_teardown_taskflow.py for tasks to queue
[2025-09-19T03:11:05.320+0000] {logging_mixin.py:188} INFO - [2025-09-19T03:11:05.320+0000] {dagbag.py:538} INFO - Filling up the DagBag from /home/airflow/.local/lib/python3.8/site-packages/airflow/example_dags/example_setup_teardown_taskflow.py
[2025-09-19T03:11:05.350+0000] {processor.py:840} INFO - DAG(s) 'example_setup_teardown_taskflow' retrieved from /home/airflow/.local/lib/python3.8/site-packages/airflow/example_dags/example_setup_teardown_taskflow.py
[2025-09-19T03:11:05.636+0000] {logging_mixin.py:188} INFO - [2025-09-19T03:11:05.636+0000] {dag.py:3036} INFO - Sync 1 DAGs
[2025-09-19T03:11:05.674+0000] {logging_mixin.py:188} INFO - [2025-09-19T03:11:05.674+0000] {dag.py:3823} INFO - Setting next_dagrun for example_setup_teardown_taskflow to 2025-09-18 00:00:00+00:00, run_after=2025-09-19 00:00:00+00:00
[2025-09-19T03:11:05.735+0000] {processor.py:183} INFO - Processing /home/airflow/.local/lib/python3.8/site-packages/airflow/example_dags/example_setup_teardown_taskflow.py took 0.429 seconds
[2025-09-19T03:11:29.375+0000] {processor.py:161} INFO - Started process (PID=136) to work on /home/airflow/.local/lib/python3.8/site-packages/airflow/example_dags/example_setup_teardown_taskflow.py
[2025-09-19T03:11:29.377+0000] {processor.py:830} INFO - Processing file /home/airflow/.local/lib/python3.8/site-packages/airflow/example_dags/example_setup_teardown_taskflow.py for tasks to queue
[2025-09-19T03:11:29.379+0000] {logging_mixin.py:188} INFO - [2025-09-19T03:11:29.378+0000] {dagbag.py:538} INFO - Filling up the DagBag from /home/airflow/.local/lib/python3.8/site-packages/airflow/example_dags/example_setup_teardown_taskflow.py
[2025-09-19T03:11:29.395+0000] {processor.py:840} INFO - DAG(s) 'example_setup_teardown_taskflow' retrieved from /home/airflow/.local/lib/python3.8/site-packages/airflow/example_dags/example_setup_teardown_taskflow.py
[2025-09-19T03:11:29.414+0000] {logging_mixin.py:188} INFO - [2025-09-19T03:11:29.413+0000] {dag.py:3036} INFO - Sync 1 DAGs
[2025-09-19T03:11:29.445+0000] {logging_mixin.py:188} INFO - [2025-09-19T03:11:29.445+0000] {dag.py:3823} INFO - Setting next_dagrun for example_setup_teardown_taskflow to 2025-09-18 00:00:00+00:00, run_after=2025-09-19 00:00:00+00:00
[2025-09-19T03:11:29.470+0000] {processor.py:183} INFO - Processing /home/airflow/.local/lib/python3.8/site-packages/airflow/example_dags/example_setup_teardown_taskflow.py took 0.101 seconds
[2025-09-19T03:11:55.904+0000] {processor.py:161} INFO - Started process (PID=181) to work on /home/airflow/.local/lib/python3.8/site-packages/airflow/example_dags/example_setup_teardown_taskflow.py
[2025-09-19T03:11:55.909+0000] {processor.py:830} INFO - Processing file /home/airflow/.local/lib/python3.8/site-packages/airflow/example_dags/example_setup_teardown_taskflow.py for tasks to queue
[2025-09-19T03:11:55.911+0000] {logging_mixin.py:188} INFO - [2025-09-19T03:11:55.911+0000] {dagbag.py:538} INFO - Filling up the DagBag from /home/airflow/.local/lib/python3.8/site-packages/airflow/example_dags/example_setup_teardown_taskflow.py
[2025-09-19T03:11:55.936+0000] {processor.py:840} INFO - DAG(s) 'example_setup_teardown_taskflow' retrieved from /home/airflow/.local/lib/python3.8/site-packages/airflow/example_dags/example_setup_teardown_taskflow.py
[2025-09-19T03:11:56.001+0000] {logging_mixin.py:188} INFO - [2025-09-19T03:11:56.001+0000] {dag.py:3036} INFO - Sync 1 DAGs
[2025-09-19T03:11:56.050+0000] {logging_mixin.py:188} INFO - [2025-09-19T03:11:56.049+0000] {dag.py:3823} INFO - Setting next_dagrun for example_setup_teardown_taskflow to 2025-09-18 00:00:00+00:00, run_after=2025-09-19 00:00:00+00:00
[2025-09-19T03:11:56.090+0000] {processor.py:183} INFO - Processing /home/airflow/.local/lib/python3.8/site-packages/airflow/example_dags/example_setup_teardown_taskflow.py took 0.195 seconds
[2025-09-19T03:12:10.811+0000] {processor.py:161} INFO - Started process (PID=234) to work on /home/airflow/.local/lib/python3.8/site-packages/airflow/example_dags/example_setup_teardown_taskflow.py
[2025-09-19T03:12:10.814+0000] {processor.py:830} INFO - Processing file /home/airflow/.local/lib/python3.8/site-packages/airflow/example_dags/example_setup_teardown_taskflow.py for tasks to queue
[2025-09-19T03:12:10.815+0000] {logging_mixin.py:188} INFO - [2025-09-19T03:12:10.814+0000] {dagbag.py:538} INFO - Filling up the DagBag from /home/airflow/.local/lib/python3.8/site-packages/airflow/example_dags/example_setup_teardown_taskflow.py
[2025-09-19T03:12:10.832+0000] {processor.py:840} INFO - DAG(s) 'example_setup_teardown_taskflow' retrieved from /home/airflow/.local/lib/python3.8/site-packages/airflow/example_dags/example_setup_teardown_taskflow.py
[2025-09-19T03:12:10.864+0000] {logging_mixin.py:188} INFO - [2025-09-19T03:12:10.863+0000] {dag.py:3036} INFO - Sync 1 DAGs
[2025-09-19T03:12:10.901+0000] {logging_mixin.py:188} INFO - [2025-09-19T03:12:10.900+0000] {dag.py:3823} INFO - Setting next_dagrun for example_setup_teardown_taskflow to 2025-09-18 00:00:00+00:00, run_after=2025-09-19 00:00:00+00:00
[2025-09-19T03:12:10.938+0000] {processor.py:183} INFO - Processing /home/airflow/.local/lib/python3.8/site-packages/airflow/example_dags/example_setup_teardown_taskflow.py took 0.134 seconds
[2025-09-19T03:12:21.989+0000] {processor.py:161} INFO - Started process (PID=281) to work on /home/airflow/.local/lib/python3.8/site-packages/airflow/example_dags/example_setup_teardown_taskflow.py
[2025-09-19T03:12:21.991+0000] {processor.py:830} INFO - Processing file /home/airflow/.local/lib/python3.8/site-packages/airflow/example_dags/example_setup_teardown_taskflow.py for tasks to queue
[2025-09-19T03:12:21.992+0000] {logging_mixin.py:188} INFO - [2025-09-19T03:12:21.992+0000] {dagbag.py:538} INFO - Filling up the DagBag from /home/airflow/.local/lib/python3.8/site-packages/airflow/example_dags/example_setup_teardown_taskflow.py
[2025-09-19T03:12:22.020+0000] {processor.py:840} INFO - DAG(s) 'example_setup_teardown_taskflow' retrieved from /home/airflow/.local/lib/python3.8/site-packages/airflow/example_dags/example_setup_teardown_taskflow.py
[2025-09-19T03:12:22.067+0000] {logging_mixin.py:188} INFO - [2025-09-19T03:12:22.066+0000] {dag.py:3036} INFO - Sync 1 DAGs
[2025-09-19T03:12:22.100+0000] {logging_mixin.py:188} INFO - [2025-09-19T03:12:22.099+0000] {dag.py:3823} INFO - Setting next_dagrun for example_setup_teardown_taskflow to 2025-09-18 00:00:00+00:00, run_after=2025-09-19 00:00:00+00:00
[2025-09-19T03:12:22.130+0000] {processor.py:183} INFO - Processing /home/airflow/.local/lib/python3.8/site-packages/airflow/example_dags/example_setup_teardown_taskflow.py took 0.147 seconds
[2025-09-19T03:16:34.088+0000] {processor.py:161} INFO - Started process (PID=95) to work on /home/airflow/.local/lib/python3.8/site-packages/airflow/example_dags/example_setup_teardown_taskflow.py
[2025-09-19T03:16:34.091+0000] {processor.py:830} INFO - Processing file /home/airflow/.local/lib/python3.8/site-packages/airflow/example_dags/example_setup_teardown_taskflow.py for tasks to queue
[2025-09-19T03:16:34.093+0000] {logging_mixin.py:188} INFO - [2025-09-19T03:16:34.092+0000] {dagbag.py:538} INFO - Filling up the DagBag from /home/airflow/.local/lib/python3.8/site-packages/airflow/example_dags/example_setup_teardown_taskflow.py
[2025-09-19T03:16:34.116+0000] {processor.py:840} INFO - DAG(s) 'example_setup_teardown_taskflow' retrieved from /home/airflow/.local/lib/python3.8/site-packages/airflow/example_dags/example_setup_teardown_taskflow.py
[2025-09-19T03:16:34.173+0000] {logging_mixin.py:188} INFO - [2025-09-19T03:16:34.173+0000] {dag.py:3036} INFO - Sync 1 DAGs
[2025-09-19T03:16:34.214+0000] {logging_mixin.py:188} INFO - [2025-09-19T03:16:34.214+0000] {dag.py:3823} INFO - Setting next_dagrun for example_setup_teardown_taskflow to 2025-09-18 00:00:00+00:00, run_after=2025-09-19 00:00:00+00:00
[2025-09-19T03:16:34.252+0000] {processor.py:183} INFO - Processing /home/airflow/.local/lib/python3.8/site-packages/airflow/example_dags/example_setup_teardown_taskflow.py took 0.170 seconds
