[2025-09-19T03:10:59.652+0000] {processor.py:161} INFO - Started process (PID=63) to work on /home/airflow/.local/lib/python3.8/site-packages/airflow/example_dags/example_branch_day_of_week_operator.py
[2025-09-19T03:10:59.654+0000] {processor.py:830} INFO - Processing file /home/airflow/.local/lib/python3.8/site-packages/airflow/example_dags/example_branch_day_of_week_operator.py for tasks to queue
[2025-09-19T03:10:59.658+0000] {logging_mixin.py:188} INFO - [2025-09-19T03:10:59.657+0000] {dagbag.py:538} INFO - Filling up the DagBag from /home/airflow/.local/lib/python3.8/site-packages/airflow/example_dags/example_branch_day_of_week_operator.py
[2025-09-19T03:10:59.682+0000] {processor.py:840} INFO - DAG(s) 'example_weekday_branch_operator' retrieved from /home/airflow/.local/lib/python3.8/site-packages/airflow/example_dags/example_branch_day_of_week_operator.py
[2025-09-19T03:10:59.979+0000] {logging_mixin.py:188} INFO - [2025-09-19T03:10:59.979+0000] {dag.py:3036} INFO - Sync 1 DAGs
[2025-09-19T03:11:00.088+0000] {logging_mixin.py:188} INFO - [2025-09-19T03:11:00.088+0000] {dag.py:3823} INFO - Setting next_dagrun for example_weekday_branch_operator to 2025-09-18 00:00:00+00:00, run_after=2025-09-19 00:00:00+00:00
[2025-09-19T03:11:00.189+0000] {processor.py:183} INFO - Processing /home/airflow/.local/lib/python3.8/site-packages/airflow/example_dags/example_branch_day_of_week_operator.py took 0.544 seconds
[2025-09-19T03:11:27.988+0000] {processor.py:161} INFO - Started process (PID=117) to work on /home/airflow/.local/lib/python3.8/site-packages/airflow/example_dags/example_branch_day_of_week_operator.py
[2025-09-19T03:11:27.990+0000] {processor.py:830} INFO - Processing file /home/airflow/.local/lib/python3.8/site-packages/airflow/example_dags/example_branch_day_of_week_operator.py for tasks to queue
[2025-09-19T03:11:27.991+0000] {logging_mixin.py:188} INFO - [2025-09-19T03:11:27.991+0000] {dagbag.py:538} INFO - Filling up the DagBag from /home/airflow/.local/lib/python3.8/site-packages/airflow/example_dags/example_branch_day_of_week_operator.py
[2025-09-19T03:11:28.007+0000] {processor.py:840} INFO - DAG(s) 'example_weekday_branch_operator' retrieved from /home/airflow/.local/lib/python3.8/site-packages/airflow/example_dags/example_branch_day_of_week_operator.py
[2025-09-19T03:11:28.025+0000] {logging_mixin.py:188} INFO - [2025-09-19T03:11:28.025+0000] {dag.py:3036} INFO - Sync 1 DAGs
[2025-09-19T03:11:28.064+0000] {logging_mixin.py:188} INFO - [2025-09-19T03:11:28.064+0000] {dag.py:3823} INFO - Setting next_dagrun for example_weekday_branch_operator to 2025-09-18 00:00:00+00:00, run_after=2025-09-19 00:00:00+00:00
[2025-09-19T03:11:28.092+0000] {processor.py:183} INFO - Processing /home/airflow/.local/lib/python3.8/site-packages/airflow/example_dags/example_branch_day_of_week_operator.py took 0.110 seconds
[2025-09-19T03:11:51.953+0000] {processor.py:161} INFO - Started process (PID=162) to work on /home/airflow/.local/lib/python3.8/site-packages/airflow/example_dags/example_branch_day_of_week_operator.py
[2025-09-19T03:11:51.958+0000] {processor.py:830} INFO - Processing file /home/airflow/.local/lib/python3.8/site-packages/airflow/example_dags/example_branch_day_of_week_operator.py for tasks to queue
[2025-09-19T03:11:51.967+0000] {logging_mixin.py:188} INFO - [2025-09-19T03:11:51.966+0000] {dagbag.py:538} INFO - Filling up the DagBag from /home/airflow/.local/lib/python3.8/site-packages/airflow/example_dags/example_branch_day_of_week_operator.py
[2025-09-19T03:11:51.985+0000] {processor.py:840} INFO - DAG(s) 'example_weekday_branch_operator' retrieved from /home/airflow/.local/lib/python3.8/site-packages/airflow/example_dags/example_branch_day_of_week_operator.py
[2025-09-19T03:11:52.063+0000] {logging_mixin.py:188} INFO - [2025-09-19T03:11:52.062+0000] {dag.py:3036} INFO - Sync 1 DAGs
[2025-09-19T03:11:52.120+0000] {logging_mixin.py:188} INFO - [2025-09-19T03:11:52.120+0000] {dag.py:3823} INFO - Setting next_dagrun for example_weekday_branch_operator to 2025-09-18 00:00:00+00:00, run_after=2025-09-19 00:00:00+00:00
[2025-09-19T03:11:52.196+0000] {processor.py:183} INFO - Processing /home/airflow/.local/lib/python3.8/site-packages/airflow/example_dags/example_branch_day_of_week_operator.py took 0.277 seconds
[2025-09-19T03:12:08.406+0000] {processor.py:161} INFO - Started process (PID=215) to work on /home/airflow/.local/lib/python3.8/site-packages/airflow/example_dags/example_branch_day_of_week_operator.py
[2025-09-19T03:12:08.409+0000] {processor.py:830} INFO - Processing file /home/airflow/.local/lib/python3.8/site-packages/airflow/example_dags/example_branch_day_of_week_operator.py for tasks to queue
[2025-09-19T03:12:08.411+0000] {logging_mixin.py:188} INFO - [2025-09-19T03:12:08.410+0000] {dagbag.py:538} INFO - Filling up the DagBag from /home/airflow/.local/lib/python3.8/site-packages/airflow/example_dags/example_branch_day_of_week_operator.py
[2025-09-19T03:12:08.430+0000] {processor.py:840} INFO - DAG(s) 'example_weekday_branch_operator' retrieved from /home/airflow/.local/lib/python3.8/site-packages/airflow/example_dags/example_branch_day_of_week_operator.py
[2025-09-19T03:12:08.474+0000] {logging_mixin.py:188} INFO - [2025-09-19T03:12:08.474+0000] {dag.py:3036} INFO - Sync 1 DAGs
[2025-09-19T03:12:08.527+0000] {logging_mixin.py:188} INFO - [2025-09-19T03:12:08.527+0000] {dag.py:3823} INFO - Setting next_dagrun for example_weekday_branch_operator to 2025-09-18 00:00:00+00:00, run_after=2025-09-19 00:00:00+00:00
[2025-09-19T03:12:08.562+0000] {processor.py:183} INFO - Processing /home/airflow/.local/lib/python3.8/site-packages/airflow/example_dags/example_branch_day_of_week_operator.py took 0.167 seconds
[2025-09-19T03:12:20.144+0000] {processor.py:161} INFO - Started process (PID=262) to work on /home/airflow/.local/lib/python3.8/site-packages/airflow/example_dags/example_branch_day_of_week_operator.py
[2025-09-19T03:12:20.147+0000] {processor.py:830} INFO - Processing file /home/airflow/.local/lib/python3.8/site-packages/airflow/example_dags/example_branch_day_of_week_operator.py for tasks to queue
[2025-09-19T03:12:20.149+0000] {logging_mixin.py:188} INFO - [2025-09-19T03:12:20.148+0000] {dagbag.py:538} INFO - Filling up the DagBag from /home/airflow/.local/lib/python3.8/site-packages/airflow/example_dags/example_branch_day_of_week_operator.py
[2025-09-19T03:12:20.165+0000] {processor.py:840} INFO - DAG(s) 'example_weekday_branch_operator' retrieved from /home/airflow/.local/lib/python3.8/site-packages/airflow/example_dags/example_branch_day_of_week_operator.py
[2025-09-19T03:12:20.230+0000] {logging_mixin.py:188} INFO - [2025-09-19T03:12:20.229+0000] {dag.py:3036} INFO - Sync 1 DAGs
[2025-09-19T03:12:20.270+0000] {logging_mixin.py:188} INFO - [2025-09-19T03:12:20.270+0000] {dag.py:3823} INFO - Setting next_dagrun for example_weekday_branch_operator to 2025-09-18 00:00:00+00:00, run_after=2025-09-19 00:00:00+00:00
[2025-09-19T03:12:20.306+0000] {processor.py:183} INFO - Processing /home/airflow/.local/lib/python3.8/site-packages/airflow/example_dags/example_branch_day_of_week_operator.py took 0.172 seconds
[2025-09-19T03:16:31.009+0000] {processor.py:161} INFO - Started process (PID=76) to work on /home/airflow/.local/lib/python3.8/site-packages/airflow/example_dags/example_branch_day_of_week_operator.py
[2025-09-19T03:16:31.012+0000] {processor.py:830} INFO - Processing file /home/airflow/.local/lib/python3.8/site-packages/airflow/example_dags/example_branch_day_of_week_operator.py for tasks to queue
[2025-09-19T03:16:31.030+0000] {logging_mixin.py:188} INFO - [2025-09-19T03:16:31.030+0000] {dagbag.py:538} INFO - Filling up the DagBag from /home/airflow/.local/lib/python3.8/site-packages/airflow/example_dags/example_branch_day_of_week_operator.py
[2025-09-19T03:16:31.067+0000] {processor.py:840} INFO - DAG(s) 'example_weekday_branch_operator' retrieved from /home/airflow/.local/lib/python3.8/site-packages/airflow/example_dags/example_branch_day_of_week_operator.py
[2025-09-19T03:16:31.146+0000] {logging_mixin.py:188} INFO - [2025-09-19T03:16:31.145+0000] {dag.py:3036} INFO - Sync 1 DAGs
[2025-09-19T03:16:31.203+0000] {logging_mixin.py:188} INFO - [2025-09-19T03:16:31.202+0000] {dag.py:3823} INFO - Setting next_dagrun for example_weekday_branch_operator to 2025-09-18 00:00:00+00:00, run_after=2025-09-19 00:00:00+00:00
[2025-09-19T03:16:31.261+0000] {processor.py:183} INFO - Processing /home/airflow/.local/lib/python3.8/site-packages/airflow/example_dags/example_branch_day_of_week_operator.py took 0.275 seconds
