[2025-09-19T03:13:05.553+0000] {processor.py:161} INFO - Started process (PID=88) to work on /home/airflow/.local/lib/python3.8/site-packages/airflow/example_dags/example_latest_only.py
[2025-09-19T03:13:05.559+0000] {processor.py:830} INFO - Processing file /home/airflow/.local/lib/python3.8/site-packages/airflow/example_dags/example_latest_only.py for tasks to queue
[2025-09-19T03:13:05.560+0000] {logging_mixin.py:188} INFO - [2025-09-19T03:13:05.560+0000] {dagbag.py:538} INFO - Filling up the DagBag from /home/airflow/.local/lib/python3.8/site-packages/airflow/example_dags/example_latest_only.py
[2025-09-19T03:11:06.686+0000] {processor.py:840} INFO - DAG(s) 'latest_only' retrieved from /home/airflow/.local/lib/python3.8/site-packages/airflow/example_dags/example_latest_only.py
[2025-09-19T03:11:06.918+0000] {logging_mixin.py:188} INFO - [2025-09-19T03:11:06.918+0000] {dag.py:3036} INFO - Sync 1 DAGs
[2025-09-19T03:11:06.979+0000] {logging_mixin.py:188} INFO - [2025-09-19T03:11:06.979+0000] {dag.py:3823} INFO - Setting next_dagrun for latest_only to 2025-09-18 20:00:00+00:00, run_after=2025-09-19 00:00:00+00:00
[2025-09-19T03:11:07.058+0000] {processor.py:183} INFO - Processing /home/airflow/.local/lib/python3.8/site-packages/airflow/example_dags/example_latest_only.py took 0.451 seconds
[2025-09-19T03:11:29.649+0000] {processor.py:161} INFO - Started process (PID=140) to work on /home/airflow/.local/lib/python3.8/site-packages/airflow/example_dags/example_latest_only.py
[2025-09-19T03:11:29.652+0000] {processor.py:830} INFO - Processing file /home/airflow/.local/lib/python3.8/site-packages/airflow/example_dags/example_latest_only.py for tasks to queue
[2025-09-19T03:11:29.653+0000] {logging_mixin.py:188} INFO - [2025-09-19T03:11:29.653+0000] {dagbag.py:538} INFO - Filling up the DagBag from /home/airflow/.local/lib/python3.8/site-packages/airflow/example_dags/example_latest_only.py
[2025-09-19T03:11:29.663+0000] {processor.py:840} INFO - DAG(s) 'latest_only' retrieved from /home/airflow/.local/lib/python3.8/site-packages/airflow/example_dags/example_latest_only.py
[2025-09-19T03:11:29.682+0000] {logging_mixin.py:188} INFO - [2025-09-19T03:11:29.681+0000] {dag.py:3036} INFO - Sync 1 DAGs
[2025-09-19T03:11:29.716+0000] {logging_mixin.py:188} INFO - [2025-09-19T03:11:29.715+0000] {dag.py:3823} INFO - Setting next_dagrun for latest_only to 2025-09-18 20:00:00+00:00, run_after=2025-09-19 00:00:00+00:00
[2025-09-19T03:11:29.751+0000] {processor.py:183} INFO - Processing /home/airflow/.local/lib/python3.8/site-packages/airflow/example_dags/example_latest_only.py took 0.109 seconds
[2025-09-19T03:11:58.488+0000] {processor.py:161} INFO - Started process (PID=193) to work on /home/airflow/.local/lib/python3.8/site-packages/airflow/example_dags/example_latest_only.py
[2025-09-19T03:11:58.495+0000] {processor.py:830} INFO - Processing file /home/airflow/.local/lib/python3.8/site-packages/airflow/example_dags/example_latest_only.py for tasks to queue
[2025-09-19T03:11:58.497+0000] {logging_mixin.py:188} INFO - [2025-09-19T03:11:58.496+0000] {dagbag.py:538} INFO - Filling up the DagBag from /home/airflow/.local/lib/python3.8/site-packages/airflow/example_dags/example_latest_only.py
[2025-09-19T03:11:58.509+0000] {processor.py:840} INFO - DAG(s) 'latest_only' retrieved from /home/airflow/.local/lib/python3.8/site-packages/airflow/example_dags/example_latest_only.py
[2025-09-19T03:11:58.565+0000] {logging_mixin.py:188} INFO - [2025-09-19T03:11:58.564+0000] {dag.py:3036} INFO - Sync 1 DAGs
[2025-09-19T03:11:58.613+0000] {logging_mixin.py:188} INFO - [2025-09-19T03:11:58.612+0000] {dag.py:3823} INFO - Setting next_dagrun for latest_only to 2025-09-18 20:00:00+00:00, run_after=2025-09-19 00:00:00+00:00
[2025-09-19T03:11:58.660+0000] {processor.py:183} INFO - Processing /home/airflow/.local/lib/python3.8/site-packages/airflow/example_dags/example_latest_only.py took 0.203 seconds
[2025-09-19T03:12:11.346+0000] {processor.py:161} INFO - Started process (PID=240) to work on /home/airflow/.local/lib/python3.8/site-packages/airflow/example_dags/example_latest_only.py
[2025-09-19T03:12:11.348+0000] {processor.py:830} INFO - Processing file /home/airflow/.local/lib/python3.8/site-packages/airflow/example_dags/example_latest_only.py for tasks to queue
[2025-09-19T03:12:11.349+0000] {logging_mixin.py:188} INFO - [2025-09-19T03:12:11.348+0000] {dagbag.py:538} INFO - Filling up the DagBag from /home/airflow/.local/lib/python3.8/site-packages/airflow/example_dags/example_latest_only.py
[2025-09-19T03:12:11.360+0000] {processor.py:840} INFO - DAG(s) 'latest_only' retrieved from /home/airflow/.local/lib/python3.8/site-packages/airflow/example_dags/example_latest_only.py
[2025-09-19T03:12:11.406+0000] {logging_mixin.py:188} INFO - [2025-09-19T03:12:11.405+0000] {dag.py:3036} INFO - Sync 1 DAGs
[2025-09-19T03:12:11.444+0000] {logging_mixin.py:188} INFO - [2025-09-19T03:12:11.443+0000] {dag.py:3823} INFO - Setting next_dagrun for latest_only to 2025-09-18 20:00:00+00:00, run_after=2025-09-19 00:00:00+00:00
[2025-09-19T03:12:11.470+0000] {processor.py:183} INFO - Processing /home/airflow/.local/lib/python3.8/site-packages/airflow/example_dags/example_latest_only.py took 0.131 seconds
[2025-09-19T03:12:22.691+0000] {processor.py:161} INFO - Started process (PID=287) to work on /home/airflow/.local/lib/python3.8/site-packages/airflow/example_dags/example_latest_only.py
[2025-09-19T03:12:22.704+0000] {processor.py:830} INFO - Processing file /home/airflow/.local/lib/python3.8/site-packages/airflow/example_dags/example_latest_only.py for tasks to queue
[2025-09-19T03:12:22.706+0000] {logging_mixin.py:188} INFO - [2025-09-19T03:12:22.705+0000] {dagbag.py:538} INFO - Filling up the DagBag from /home/airflow/.local/lib/python3.8/site-packages/airflow/example_dags/example_latest_only.py
[2025-09-19T03:12:22.737+0000] {processor.py:840} INFO - DAG(s) 'latest_only' retrieved from /home/airflow/.local/lib/python3.8/site-packages/airflow/example_dags/example_latest_only.py
[2025-09-19T03:12:22.812+0000] {logging_mixin.py:188} INFO - [2025-09-19T03:12:22.812+0000] {dag.py:3036} INFO - Sync 1 DAGs
[2025-09-19T03:12:22.853+0000] {logging_mixin.py:188} INFO - [2025-09-19T03:12:22.853+0000] {dag.py:3823} INFO - Setting next_dagrun for latest_only to 2025-09-18 20:00:00+00:00, run_after=2025-09-19 00:00:00+00:00
[2025-09-19T03:12:22.883+0000] {processor.py:183} INFO - Processing /home/airflow/.local/lib/python3.8/site-packages/airflow/example_dags/example_latest_only.py took 0.208 seconds
[2025-09-19T03:16:34.845+0000] {processor.py:161} INFO - Started process (PID=101) to work on /home/airflow/.local/lib/python3.8/site-packages/airflow/example_dags/example_latest_only.py
[2025-09-19T03:16:34.847+0000] {processor.py:830} INFO - Processing file /home/airflow/.local/lib/python3.8/site-packages/airflow/example_dags/example_latest_only.py for tasks to queue
[2025-09-19T03:16:34.848+0000] {logging_mixin.py:188} INFO - [2025-09-19T03:16:34.848+0000] {dagbag.py:538} INFO - Filling up the DagBag from /home/airflow/.local/lib/python3.8/site-packages/airflow/example_dags/example_latest_only.py
[2025-09-19T03:16:34.865+0000] {processor.py:840} INFO - DAG(s) 'latest_only' retrieved from /home/airflow/.local/lib/python3.8/site-packages/airflow/example_dags/example_latest_only.py
[2025-09-19T03:16:34.912+0000] {logging_mixin.py:188} INFO - [2025-09-19T03:16:34.912+0000] {dag.py:3036} INFO - Sync 1 DAGs
[2025-09-19T03:16:34.957+0000] {logging_mixin.py:188} INFO - [2025-09-19T03:16:34.957+0000] {dag.py:3823} INFO - Setting next_dagrun for latest_only to 2025-09-18 20:00:00+00:00, run_after=2025-09-19 00:00:00+00:00
[2025-09-19T03:16:34.993+0000] {processor.py:183} INFO - Processing /home/airflow/.local/lib/python3.8/site-packages/airflow/example_dags/example_latest_only.py took 0.154 seconds
