[2025-09-19T03:11:00.898+0000] {processor.py:161} INFO - Started process (PID=67) to work on /home/airflow/.local/lib/python3.8/site-packages/airflow/example_dags/example_task_group.py
[2025-09-19T03:11:00.900+0000] {processor.py:830} INFO - Processing file /home/airflow/.local/lib/python3.8/site-packages/airflow/example_dags/example_task_group.py for tasks to queue
[2025-09-19T03:11:00.915+0000] {logging_mixin.py:188} INFO - [2025-09-19T03:11:00.914+0000] {dagbag.py:538} INFO - Filling up the DagBag from /home/airflow/.local/lib/python3.8/site-packages/airflow/example_dags/example_task_group.py
[2025-09-19T03:11:00.951+0000] {processor.py:840} INFO - DAG(s) 'example_task_group' retrieved from /home/airflow/.local/lib/python3.8/site-packages/airflow/example_dags/example_task_group.py
[2025-09-19T03:11:01.218+0000] {logging_mixin.py:188} INFO - [2025-09-19T03:11:01.217+0000] {dag.py:3036} INFO - Sync 1 DAGs
[2025-09-19T03:11:01.256+0000] {logging_mixin.py:188} INFO - [2025-09-19T03:11:01.255+0000] {dag.py:3823} INFO - Setting next_dagrun for example_task_group to 2025-09-18 00:00:00+00:00, run_after=2025-09-19 00:00:00+00:00
[2025-09-19T03:11:01.293+0000] {processor.py:183} INFO - Processing /home/airflow/.local/lib/python3.8/site-packages/airflow/example_dags/example_task_group.py took 0.413 seconds
[2025-09-19T03:11:28.281+0000] {processor.py:161} INFO - Started process (PID=121) to work on /home/airflow/.local/lib/python3.8/site-packages/airflow/example_dags/example_task_group.py
[2025-09-19T03:11:28.283+0000] {processor.py:830} INFO - Processing file /home/airflow/.local/lib/python3.8/site-packages/airflow/example_dags/example_task_group.py for tasks to queue
[2025-09-19T03:11:28.285+0000] {logging_mixin.py:188} INFO - [2025-09-19T03:11:28.284+0000] {dagbag.py:538} INFO - Filling up the DagBag from /home/airflow/.local/lib/python3.8/site-packages/airflow/example_dags/example_task_group.py
[2025-09-19T03:11:28.300+0000] {processor.py:840} INFO - DAG(s) 'example_task_group' retrieved from /home/airflow/.local/lib/python3.8/site-packages/airflow/example_dags/example_task_group.py
[2025-09-19T03:11:28.324+0000] {logging_mixin.py:188} INFO - [2025-09-19T03:11:28.324+0000] {dag.py:3036} INFO - Sync 1 DAGs
[2025-09-19T03:11:28.363+0000] {logging_mixin.py:188} INFO - [2025-09-19T03:11:28.362+0000] {dag.py:3823} INFO - Setting next_dagrun for example_task_group to 2025-09-18 00:00:00+00:00, run_after=2025-09-19 00:00:00+00:00
[2025-09-19T03:11:28.391+0000] {processor.py:183} INFO - Processing /home/airflow/.local/lib/python3.8/site-packages/airflow/example_dags/example_task_group.py took 0.117 seconds
[2025-09-19T03:11:52.937+0000] {processor.py:161} INFO - Started process (PID=166) to work on /home/airflow/.local/lib/python3.8/site-packages/airflow/example_dags/example_task_group.py
[2025-09-19T03:11:52.946+0000] {processor.py:830} INFO - Processing file /home/airflow/.local/lib/python3.8/site-packages/airflow/example_dags/example_task_group.py for tasks to queue
[2025-09-19T03:11:52.948+0000] {logging_mixin.py:188} INFO - [2025-09-19T03:11:52.947+0000] {dagbag.py:538} INFO - Filling up the DagBag from /home/airflow/.local/lib/python3.8/site-packages/airflow/example_dags/example_task_group.py
[2025-09-19T03:11:52.963+0000] {processor.py:840} INFO - DAG(s) 'example_task_group' retrieved from /home/airflow/.local/lib/python3.8/site-packages/airflow/example_dags/example_task_group.py
[2025-09-19T03:11:53.183+0000] {logging_mixin.py:188} INFO - [2025-09-19T03:11:53.183+0000] {dag.py:3036} INFO - Sync 1 DAGs
[2025-09-19T03:11:53.341+0000] {logging_mixin.py:188} INFO - [2025-09-19T03:11:53.340+0000] {dag.py:3823} INFO - Setting next_dagrun for example_task_group to 2025-09-18 00:00:00+00:00, run_after=2025-09-19 00:00:00+00:00
[2025-09-19T03:11:53.392+0000] {processor.py:183} INFO - Processing /home/airflow/.local/lib/python3.8/site-packages/airflow/example_dags/example_task_group.py took 0.468 seconds
[2025-09-19T03:12:08.899+0000] {processor.py:161} INFO - Started process (PID=219) to work on /home/airflow/.local/lib/python3.8/site-packages/airflow/example_dags/example_task_group.py
[2025-09-19T03:12:08.904+0000] {processor.py:830} INFO - Processing file /home/airflow/.local/lib/python3.8/site-packages/airflow/example_dags/example_task_group.py for tasks to queue
[2025-09-19T03:12:08.906+0000] {logging_mixin.py:188} INFO - [2025-09-19T03:12:08.905+0000] {dagbag.py:538} INFO - Filling up the DagBag from /home/airflow/.local/lib/python3.8/site-packages/airflow/example_dags/example_task_group.py
[2025-09-19T03:12:08.923+0000] {processor.py:840} INFO - DAG(s) 'example_task_group' retrieved from /home/airflow/.local/lib/python3.8/site-packages/airflow/example_dags/example_task_group.py
[2025-09-19T03:12:08.969+0000] {logging_mixin.py:188} INFO - [2025-09-19T03:12:08.968+0000] {dag.py:3036} INFO - Sync 1 DAGs
[2025-09-19T03:12:09.026+0000] {logging_mixin.py:188} INFO - [2025-09-19T03:12:09.025+0000] {dag.py:3823} INFO - Setting next_dagrun for example_task_group to 2025-09-18 00:00:00+00:00, run_after=2025-09-19 00:00:00+00:00
[2025-09-19T03:12:09.074+0000] {processor.py:183} INFO - Processing /home/airflow/.local/lib/python3.8/site-packages/airflow/example_dags/example_task_group.py took 0.185 seconds
[2025-09-19T03:12:20.492+0000] {processor.py:161} INFO - Started process (PID=266) to work on /home/airflow/.local/lib/python3.8/site-packages/airflow/example_dags/example_task_group.py
[2025-09-19T03:12:20.493+0000] {processor.py:830} INFO - Processing file /home/airflow/.local/lib/python3.8/site-packages/airflow/example_dags/example_task_group.py for tasks to queue
[2025-09-19T03:12:20.495+0000] {logging_mixin.py:188} INFO - [2025-09-19T03:12:20.494+0000] {dagbag.py:538} INFO - Filling up the DagBag from /home/airflow/.local/lib/python3.8/site-packages/airflow/example_dags/example_task_group.py
[2025-09-19T03:12:20.507+0000] {processor.py:840} INFO - DAG(s) 'example_task_group' retrieved from /home/airflow/.local/lib/python3.8/site-packages/airflow/example_dags/example_task_group.py
[2025-09-19T03:12:20.541+0000] {logging_mixin.py:188} INFO - [2025-09-19T03:12:20.541+0000] {dag.py:3036} INFO - Sync 1 DAGs
[2025-09-19T03:12:20.574+0000] {logging_mixin.py:188} INFO - [2025-09-19T03:12:20.574+0000] {dag.py:3823} INFO - Setting next_dagrun for example_task_group to 2025-09-18 00:00:00+00:00, run_after=2025-09-19 00:00:00+00:00
[2025-09-19T03:12:20.602+0000] {processor.py:183} INFO - Processing /home/airflow/.local/lib/python3.8/site-packages/airflow/example_dags/example_task_group.py took 0.116 seconds
[2025-09-19T03:16:31.586+0000] {processor.py:161} INFO - Started process (PID=80) to work on /home/airflow/.local/lib/python3.8/site-packages/airflow/example_dags/example_task_group.py
[2025-09-19T03:16:31.592+0000] {processor.py:830} INFO - Processing file /home/airflow/.local/lib/python3.8/site-packages/airflow/example_dags/example_task_group.py for tasks to queue
[2025-09-19T03:16:31.593+0000] {logging_mixin.py:188} INFO - [2025-09-19T03:16:31.593+0000] {dagbag.py:538} INFO - Filling up the DagBag from /home/airflow/.local/lib/python3.8/site-packages/airflow/example_dags/example_task_group.py
[2025-09-19T03:16:31.644+0000] {processor.py:840} INFO - DAG(s) 'example_task_group' retrieved from /home/airflow/.local/lib/python3.8/site-packages/airflow/example_dags/example_task_group.py
[2025-09-19T03:16:31.734+0000] {logging_mixin.py:188} INFO - [2025-09-19T03:16:31.733+0000] {dag.py:3036} INFO - Sync 1 DAGs
[2025-09-19T03:16:31.775+0000] {logging_mixin.py:188} INFO - [2025-09-19T03:16:31.775+0000] {dag.py:3823} INFO - Setting next_dagrun for example_task_group to 2025-09-18 00:00:00+00:00, run_after=2025-09-19 00:00:00+00:00
[2025-09-19T03:16:31.813+0000] {processor.py:183} INFO - Processing /home/airflow/.local/lib/python3.8/site-packages/airflow/example_dags/example_task_group.py took 0.234 seconds
