[2025-09-19T03:11:03.086+0000] {processor.py:161} INFO - Started process (PID=74) to work on /home/airflow/.local/lib/python3.8/site-packages/airflow/example_dags/example_xcom.py
[2025-09-19T03:11:03.088+0000] {processor.py:830} INFO - Processing file /home/airflow/.local/lib/python3.8/site-packages/airflow/example_dags/example_xcom.py for tasks to queue
[2025-09-19T03:11:03.099+0000] {logging_mixin.py:188} INFO - [2025-09-19T03:11:03.099+0000] {dagbag.py:538} INFO - Filling up the DagBag from /home/airflow/.local/lib/python3.8/site-packages/airflow/example_dags/example_xcom.py
[2025-09-19T03:11:03.147+0000] {processor.py:840} INFO - DAG(s) 'example_xcom' retrieved from /home/airflow/.local/lib/python3.8/site-packages/airflow/example_dags/example_xcom.py
[2025-09-19T03:11:03.398+0000] {logging_mixin.py:188} INFO - [2025-09-19T03:11:03.398+0000] {dag.py:3036} INFO - Sync 1 DAGs
[2025-09-19T03:11:03.483+0000] {logging_mixin.py:188} INFO - [2025-09-19T03:11:03.483+0000] {dag.py:3823} INFO - Setting next_dagrun for example_xcom to 2021-01-01 00:00:00+00:00, run_after=2021-01-01 00:00:00+00:00
[2025-09-19T03:11:03.544+0000] {processor.py:183} INFO - Processing /home/airflow/.local/lib/python3.8/site-packages/airflow/example_dags/example_xcom.py took 0.477 seconds
[2025-09-19T03:11:28.798+0000] {processor.py:161} INFO - Started process (PID=128) to work on /home/airflow/.local/lib/python3.8/site-packages/airflow/example_dags/example_xcom.py
[2025-09-19T03:11:28.800+0000] {processor.py:830} INFO - Processing file /home/airflow/.local/lib/python3.8/site-packages/airflow/example_dags/example_xcom.py for tasks to queue
[2025-09-19T03:11:28.802+0000] {logging_mixin.py:188} INFO - [2025-09-19T03:11:28.801+0000] {dagbag.py:538} INFO - Filling up the DagBag from /home/airflow/.local/lib/python3.8/site-packages/airflow/example_dags/example_xcom.py
[2025-09-19T03:11:28.815+0000] {processor.py:840} INFO - DAG(s) 'example_xcom' retrieved from /home/airflow/.local/lib/python3.8/site-packages/airflow/example_dags/example_xcom.py
[2025-09-19T03:11:28.841+0000] {logging_mixin.py:188} INFO - [2025-09-19T03:11:28.840+0000] {dag.py:3036} INFO - Sync 1 DAGs
[2025-09-19T03:11:28.875+0000] {logging_mixin.py:188} INFO - [2025-09-19T03:11:28.875+0000] {dag.py:3823} INFO - Setting next_dagrun for example_xcom to 2021-01-01 00:00:00+00:00, run_after=2021-01-01 00:00:00+00:00
[2025-09-19T03:11:28.906+0000] {processor.py:183} INFO - Processing /home/airflow/.local/lib/python3.8/site-packages/airflow/example_dags/example_xcom.py took 0.113 seconds
[2025-09-19T03:11:54.392+0000] {processor.py:161} INFO - Started process (PID=173) to work on /home/airflow/.local/lib/python3.8/site-packages/airflow/example_dags/example_xcom.py
[2025-09-19T03:11:54.394+0000] {processor.py:830} INFO - Processing file /home/airflow/.local/lib/python3.8/site-packages/airflow/example_dags/example_xcom.py for tasks to queue
[2025-09-19T03:11:54.396+0000] {logging_mixin.py:188} INFO - [2025-09-19T03:11:54.395+0000] {dagbag.py:538} INFO - Filling up the DagBag from /home/airflow/.local/lib/python3.8/site-packages/airflow/example_dags/example_xcom.py
[2025-09-19T03:11:54.411+0000] {processor.py:840} INFO - DAG(s) 'example_xcom' retrieved from /home/airflow/.local/lib/python3.8/site-packages/airflow/example_dags/example_xcom.py
[2025-09-19T03:11:54.468+0000] {logging_mixin.py:188} INFO - [2025-09-19T03:11:54.467+0000] {dag.py:3036} INFO - Sync 1 DAGs
[2025-09-19T03:11:54.504+0000] {logging_mixin.py:188} INFO - [2025-09-19T03:11:54.503+0000] {dag.py:3823} INFO - Setting next_dagrun for example_xcom to 2021-01-01 00:00:00+00:00, run_after=2021-01-01 00:00:00+00:00
[2025-09-19T03:11:54.543+0000] {processor.py:183} INFO - Processing /home/airflow/.local/lib/python3.8/site-packages/airflow/example_dags/example_xcom.py took 0.159 seconds
[2025-09-19T03:12:09.888+0000] {processor.py:161} INFO - Started process (PID=226) to work on /home/airflow/.local/lib/python3.8/site-packages/airflow/example_dags/example_xcom.py
[2025-09-19T03:12:09.891+0000] {processor.py:830} INFO - Processing file /home/airflow/.local/lib/python3.8/site-packages/airflow/example_dags/example_xcom.py for tasks to queue
[2025-09-19T03:12:09.892+0000] {logging_mixin.py:188} INFO - [2025-09-19T03:12:09.892+0000] {dagbag.py:538} INFO - Filling up the DagBag from /home/airflow/.local/lib/python3.8/site-packages/airflow/example_dags/example_xcom.py
[2025-09-19T03:12:09.908+0000] {processor.py:840} INFO - DAG(s) 'example_xcom' retrieved from /home/airflow/.local/lib/python3.8/site-packages/airflow/example_dags/example_xcom.py
[2025-09-19T03:12:09.945+0000] {logging_mixin.py:188} INFO - [2025-09-19T03:12:09.944+0000] {dag.py:3036} INFO - Sync 1 DAGs
[2025-09-19T03:12:09.981+0000] {logging_mixin.py:188} INFO - [2025-09-19T03:12:09.980+0000] {dag.py:3823} INFO - Setting next_dagrun for example_xcom to 2021-01-01 00:00:00+00:00, run_after=2021-01-01 00:00:00+00:00
[2025-09-19T03:12:10.011+0000] {processor.py:183} INFO - Processing /home/airflow/.local/lib/python3.8/site-packages/airflow/example_dags/example_xcom.py took 0.130 seconds
[2025-09-19T03:12:21.108+0000] {processor.py:161} INFO - Started process (PID=273) to work on /home/airflow/.local/lib/python3.8/site-packages/airflow/example_dags/example_xcom.py
[2025-09-19T03:12:21.109+0000] {processor.py:830} INFO - Processing file /home/airflow/.local/lib/python3.8/site-packages/airflow/example_dags/example_xcom.py for tasks to queue
[2025-09-19T03:12:21.110+0000] {logging_mixin.py:188} INFO - [2025-09-19T03:12:21.110+0000] {dagbag.py:538} INFO - Filling up the DagBag from /home/airflow/.local/lib/python3.8/site-packages/airflow/example_dags/example_xcom.py
[2025-09-19T03:12:21.122+0000] {processor.py:840} INFO - DAG(s) 'example_xcom' retrieved from /home/airflow/.local/lib/python3.8/site-packages/airflow/example_dags/example_xcom.py
[2025-09-19T03:12:21.156+0000] {logging_mixin.py:188} INFO - [2025-09-19T03:12:21.156+0000] {dag.py:3036} INFO - Sync 1 DAGs
[2025-09-19T03:12:21.187+0000] {logging_mixin.py:188} INFO - [2025-09-19T03:12:21.186+0000] {dag.py:3823} INFO - Setting next_dagrun for example_xcom to 2021-01-01 00:00:00+00:00, run_after=2021-01-01 00:00:00+00:00
[2025-09-19T03:12:21.216+0000] {processor.py:183} INFO - Processing /home/airflow/.local/lib/python3.8/site-packages/airflow/example_dags/example_xcom.py took 0.115 seconds
[2025-09-19T03:16:32.710+0000] {processor.py:161} INFO - Started process (PID=87) to work on /home/airflow/.local/lib/python3.8/site-packages/airflow/example_dags/example_xcom.py
[2025-09-19T03:16:32.716+0000] {processor.py:830} INFO - Processing file /home/airflow/.local/lib/python3.8/site-packages/airflow/example_dags/example_xcom.py for tasks to queue
[2025-09-19T03:16:32.718+0000] {logging_mixin.py:188} INFO - [2025-09-19T03:16:32.717+0000] {dagbag.py:538} INFO - Filling up the DagBag from /home/airflow/.local/lib/python3.8/site-packages/airflow/example_dags/example_xcom.py
[2025-09-19T03:16:32.745+0000] {processor.py:840} INFO - DAG(s) 'example_xcom' retrieved from /home/airflow/.local/lib/python3.8/site-packages/airflow/example_dags/example_xcom.py
[2025-09-19T03:16:32.889+0000] {logging_mixin.py:188} INFO - [2025-09-19T03:16:32.885+0000] {dag.py:3036} INFO - Sync 1 DAGs
[2025-09-19T03:16:32.994+0000] {logging_mixin.py:188} INFO - [2025-09-19T03:16:32.993+0000] {dag.py:3823} INFO - Setting next_dagrun for example_xcom to 2021-01-01 00:00:00+00:00, run_after=2021-01-01 00:00:00+00:00
[2025-09-19T03:16:33.050+0000] {processor.py:183} INFO - Processing /home/airflow/.local/lib/python3.8/site-packages/airflow/example_dags/example_xcom.py took 0.352 seconds
