[2025-09-19T03:11:01.882+0000] {processor.py:161} INFO - Started process (PID=70) to work on /home/airflow/.local/lib/python3.8/site-packages/airflow/example_dags/example_bash_operator.py
[2025-09-19T03:11:01.885+0000] {processor.py:830} INFO - Processing file /home/airflow/.local/lib/python3.8/site-packages/airflow/example_dags/example_bash_operator.py for tasks to queue
[2025-09-19T03:11:01.888+0000] {logging_mixin.py:188} INFO - [2025-09-19T03:11:01.888+0000] {dagbag.py:538} INFO - Filling up the DagBag from /home/airflow/.local/lib/python3.8/site-packages/airflow/example_dags/example_bash_operator.py
[2025-09-19T03:11:01.954+0000] {processor.py:840} INFO - DAG(s) 'example_bash_operator' retrieved from /home/airflow/.local/lib/python3.8/site-packages/airflow/example_dags/example_bash_operator.py
[2025-09-19T03:11:02.303+0000] {logging_mixin.py:188} INFO - [2025-09-19T03:11:02.303+0000] {dag.py:3036} INFO - Sync 1 DAGs
[2025-09-19T03:11:02.428+0000] {logging_mixin.py:188} INFO - [2025-09-19T03:11:02.427+0000] {dag.py:3823} INFO - Setting next_dagrun for example_bash_operator to 2025-09-18 00:00:00+00:00, run_after=2025-09-19 00:00:00+00:00
[2025-09-19T03:11:02.505+0000] {processor.py:183} INFO - Processing /home/airflow/.local/lib/python3.8/site-packages/airflow/example_dags/example_bash_operator.py took 0.630 seconds
[2025-09-19T03:11:28.507+0000] {processor.py:161} INFO - Started process (PID=124) to work on /home/airflow/.local/lib/python3.8/site-packages/airflow/example_dags/example_bash_operator.py
[2025-09-19T03:11:28.509+0000] {processor.py:830} INFO - Processing file /home/airflow/.local/lib/python3.8/site-packages/airflow/example_dags/example_bash_operator.py for tasks to queue
[2025-09-19T03:11:28.510+0000] {logging_mixin.py:188} INFO - [2025-09-19T03:11:28.510+0000] {dagbag.py:538} INFO - Filling up the DagBag from /home/airflow/.local/lib/python3.8/site-packages/airflow/example_dags/example_bash_operator.py
[2025-09-19T03:11:28.530+0000] {processor.py:840} INFO - DAG(s) 'example_bash_operator' retrieved from /home/airflow/.local/lib/python3.8/site-packages/airflow/example_dags/example_bash_operator.py
[2025-09-19T03:11:28.553+0000] {logging_mixin.py:188} INFO - [2025-09-19T03:11:28.553+0000] {dag.py:3036} INFO - Sync 1 DAGs
[2025-09-19T03:11:28.596+0000] {logging_mixin.py:188} INFO - [2025-09-19T03:11:28.595+0000] {dag.py:3823} INFO - Setting next_dagrun for example_bash_operator to 2025-09-18 00:00:00+00:00, run_after=2025-09-19 00:00:00+00:00
[2025-09-19T03:11:28.623+0000] {processor.py:183} INFO - Processing /home/airflow/.local/lib/python3.8/site-packages/airflow/example_dags/example_bash_operator.py took 0.123 seconds
[2025-09-19T03:11:53.729+0000] {processor.py:161} INFO - Started process (PID=169) to work on /home/airflow/.local/lib/python3.8/site-packages/airflow/example_dags/example_bash_operator.py
[2025-09-19T03:11:53.731+0000] {processor.py:830} INFO - Processing file /home/airflow/.local/lib/python3.8/site-packages/airflow/example_dags/example_bash_operator.py for tasks to queue
[2025-09-19T03:11:53.733+0000] {logging_mixin.py:188} INFO - [2025-09-19T03:11:53.732+0000] {dagbag.py:538} INFO - Filling up the DagBag from /home/airflow/.local/lib/python3.8/site-packages/airflow/example_dags/example_bash_operator.py
[2025-09-19T03:11:53.758+0000] {processor.py:840} INFO - DAG(s) 'example_bash_operator' retrieved from /home/airflow/.local/lib/python3.8/site-packages/airflow/example_dags/example_bash_operator.py
[2025-09-19T03:11:53.908+0000] {logging_mixin.py:188} INFO - [2025-09-19T03:11:53.907+0000] {dag.py:3036} INFO - Sync 1 DAGs
[2025-09-19T03:11:53.973+0000] {logging_mixin.py:188} INFO - [2025-09-19T03:11:53.972+0000] {dag.py:3823} INFO - Setting next_dagrun for example_bash_operator to 2025-09-18 00:00:00+00:00, run_after=2025-09-19 00:00:00+00:00
[2025-09-19T03:11:54.002+0000] {processor.py:183} INFO - Processing /home/airflow/.local/lib/python3.8/site-packages/airflow/example_dags/example_bash_operator.py took 0.282 seconds
[2025-09-19T03:12:09.428+0000] {processor.py:161} INFO - Started process (PID=222) to work on /home/airflow/.local/lib/python3.8/site-packages/airflow/example_dags/example_bash_operator.py
[2025-09-19T03:12:09.431+0000] {processor.py:830} INFO - Processing file /home/airflow/.local/lib/python3.8/site-packages/airflow/example_dags/example_bash_operator.py for tasks to queue
[2025-09-19T03:12:09.432+0000] {logging_mixin.py:188} INFO - [2025-09-19T03:12:09.432+0000] {dagbag.py:538} INFO - Filling up the DagBag from /home/airflow/.local/lib/python3.8/site-packages/airflow/example_dags/example_bash_operator.py
[2025-09-19T03:12:09.471+0000] {processor.py:840} INFO - DAG(s) 'example_bash_operator' retrieved from /home/airflow/.local/lib/python3.8/site-packages/airflow/example_dags/example_bash_operator.py
[2025-09-19T03:12:09.530+0000] {logging_mixin.py:188} INFO - [2025-09-19T03:12:09.529+0000] {dag.py:3036} INFO - Sync 1 DAGs
[2025-09-19T03:12:09.567+0000] {logging_mixin.py:188} INFO - [2025-09-19T03:12:09.566+0000] {dag.py:3823} INFO - Setting next_dagrun for example_bash_operator to 2025-09-18 00:00:00+00:00, run_after=2025-09-19 00:00:00+00:00
[2025-09-19T03:12:09.592+0000] {processor.py:183} INFO - Processing /home/airflow/.local/lib/python3.8/site-packages/airflow/example_dags/example_bash_operator.py took 0.181 seconds
[2025-09-19T03:12:20.774+0000] {processor.py:161} INFO - Started process (PID=269) to work on /home/airflow/.local/lib/python3.8/site-packages/airflow/example_dags/example_bash_operator.py
[2025-09-19T03:12:20.775+0000] {processor.py:830} INFO - Processing file /home/airflow/.local/lib/python3.8/site-packages/airflow/example_dags/example_bash_operator.py for tasks to queue
[2025-09-19T03:12:20.778+0000] {logging_mixin.py:188} INFO - [2025-09-19T03:12:20.777+0000] {dagbag.py:538} INFO - Filling up the DagBag from /home/airflow/.local/lib/python3.8/site-packages/airflow/example_dags/example_bash_operator.py
[2025-09-19T03:12:20.798+0000] {processor.py:840} INFO - DAG(s) 'example_bash_operator' retrieved from /home/airflow/.local/lib/python3.8/site-packages/airflow/example_dags/example_bash_operator.py
[2025-09-19T03:12:20.841+0000] {logging_mixin.py:188} INFO - [2025-09-19T03:12:20.841+0000] {dag.py:3036} INFO - Sync 1 DAGs
[2025-09-19T03:12:20.876+0000] {logging_mixin.py:188} INFO - [2025-09-19T03:12:20.876+0000] {dag.py:3823} INFO - Setting next_dagrun for example_bash_operator to 2025-09-18 00:00:00+00:00, run_after=2025-09-19 00:00:00+00:00
[2025-09-19T03:12:20.902+0000] {processor.py:183} INFO - Processing /home/airflow/.local/lib/python3.8/site-packages/airflow/example_dags/example_bash_operator.py took 0.134 seconds
[2025-09-19T03:16:32.135+0000] {processor.py:161} INFO - Started process (PID=83) to work on /home/airflow/.local/lib/python3.8/site-packages/airflow/example_dags/example_bash_operator.py
[2025-09-19T03:16:32.140+0000] {processor.py:830} INFO - Processing file /home/airflow/.local/lib/python3.8/site-packages/airflow/example_dags/example_bash_operator.py for tasks to queue
[2025-09-19T03:16:32.143+0000] {logging_mixin.py:188} INFO - [2025-09-19T03:16:32.143+0000] {dagbag.py:538} INFO - Filling up the DagBag from /home/airflow/.local/lib/python3.8/site-packages/airflow/example_dags/example_bash_operator.py
[2025-09-19T03:16:32.179+0000] {processor.py:840} INFO - DAG(s) 'example_bash_operator' retrieved from /home/airflow/.local/lib/python3.8/site-packages/airflow/example_dags/example_bash_operator.py
[2025-09-19T03:16:32.251+0000] {logging_mixin.py:188} INFO - [2025-09-19T03:16:32.251+0000] {dag.py:3036} INFO - Sync 1 DAGs
[2025-09-19T03:16:32.306+0000] {logging_mixin.py:188} INFO - [2025-09-19T03:16:32.305+0000] {dag.py:3823} INFO - Setting next_dagrun for example_bash_operator to 2025-09-18 00:00:00+00:00, run_after=2025-09-19 00:00:00+00:00
[2025-09-19T03:16:32.346+0000] {processor.py:183} INFO - Processing /home/airflow/.local/lib/python3.8/site-packages/airflow/example_dags/example_bash_operator.py took 0.218 seconds
