[2025-09-19T03:11:02.010+0000] {processor.py:161} INFO - Started process (PID=71) to work on /home/airflow/.local/lib/python3.8/site-packages/airflow/example_dags/tutorial.py
[2025-09-19T03:11:02.012+0000] {processor.py:830} INFO - Processing file /home/airflow/.local/lib/python3.8/site-packages/airflow/example_dags/tutorial.py for tasks to queue
[2025-09-19T03:11:02.015+0000] {logging_mixin.py:188} INFO - [2025-09-19T03:11:02.015+0000] {dagbag.py:538} INFO - Filling up the DagBag from /home/airflow/.local/lib/python3.8/site-packages/airflow/example_dags/tutorial.py
[2025-09-19T03:11:02.032+0000] {processor.py:840} INFO - DAG(s) 'tutorial' retrieved from /home/airflow/.local/lib/python3.8/site-packages/airflow/example_dags/tutorial.py
[2025-09-19T03:11:02.446+0000] {logging_mixin.py:188} INFO - [2025-09-19T03:11:02.445+0000] {dag.py:3036} INFO - Sync 1 DAGs
[2025-09-19T03:11:02.504+0000] {logging_mixin.py:188} INFO - [2025-09-19T03:11:02.503+0000] {dag.py:3823} INFO - Setting next_dagrun for tutorial to 2025-09-18 00:00:00+00:00, run_after=2025-09-19 00:00:00+00:00
[2025-09-19T03:11:02.552+0000] {processor.py:183} INFO - Processing /home/airflow/.local/lib/python3.8/site-packages/airflow/example_dags/tutorial.py took 0.550 seconds
[2025-09-19T03:11:28.586+0000] {processor.py:161} INFO - Started process (PID=125) to work on /home/airflow/.local/lib/python3.8/site-packages/airflow/example_dags/tutorial.py
[2025-09-19T03:11:28.589+0000] {processor.py:830} INFO - Processing file /home/airflow/.local/lib/python3.8/site-packages/airflow/example_dags/tutorial.py for tasks to queue
[2025-09-19T03:11:28.590+0000] {logging_mixin.py:188} INFO - [2025-09-19T03:11:28.590+0000] {dagbag.py:538} INFO - Filling up the DagBag from /home/airflow/.local/lib/python3.8/site-packages/airflow/example_dags/tutorial.py
[2025-09-19T03:11:28.601+0000] {processor.py:840} INFO - DAG(s) 'tutorial' retrieved from /home/airflow/.local/lib/python3.8/site-packages/airflow/example_dags/tutorial.py
[2025-09-19T03:11:28.621+0000] {logging_mixin.py:188} INFO - [2025-09-19T03:11:28.620+0000] {dag.py:3036} INFO - Sync 1 DAGs
[2025-09-19T03:11:28.656+0000] {logging_mixin.py:188} INFO - [2025-09-19T03:11:28.656+0000] {dag.py:3823} INFO - Setting next_dagrun for tutorial to 2025-09-18 00:00:00+00:00, run_after=2025-09-19 00:00:00+00:00
[2025-09-19T03:11:28.683+0000] {processor.py:183} INFO - Processing /home/airflow/.local/lib/python3.8/site-packages/airflow/example_dags/tutorial.py took 0.103 seconds
[2025-09-19T03:11:53.794+0000] {processor.py:161} INFO - Started process (PID=170) to work on /home/airflow/.local/lib/python3.8/site-packages/airflow/example_dags/tutorial.py
[2025-09-19T03:11:53.802+0000] {processor.py:830} INFO - Processing file /home/airflow/.local/lib/python3.8/site-packages/airflow/example_dags/tutorial.py for tasks to queue
[2025-09-19T03:11:53.804+0000] {logging_mixin.py:188} INFO - [2025-09-19T03:11:53.803+0000] {dagbag.py:538} INFO - Filling up the DagBag from /home/airflow/.local/lib/python3.8/site-packages/airflow/example_dags/tutorial.py
[2025-09-19T03:11:53.857+0000] {processor.py:840} INFO - DAG(s) 'tutorial' retrieved from /home/airflow/.local/lib/python3.8/site-packages/airflow/example_dags/tutorial.py
[2025-09-19T03:11:53.932+0000] {logging_mixin.py:188} INFO - [2025-09-19T03:11:53.931+0000] {dag.py:3036} INFO - Sync 1 DAGs
[2025-09-19T03:11:53.983+0000] {logging_mixin.py:188} INFO - [2025-09-19T03:11:53.983+0000] {dag.py:3823} INFO - Setting next_dagrun for tutorial to 2025-09-18 00:00:00+00:00, run_after=2025-09-19 00:00:00+00:00
[2025-09-19T03:11:54.080+0000] {processor.py:183} INFO - Processing /home/airflow/.local/lib/python3.8/site-packages/airflow/example_dags/tutorial.py took 0.332 seconds
[2025-09-19T03:12:09.628+0000] {processor.py:161} INFO - Started process (PID=223) to work on /home/airflow/.local/lib/python3.8/site-packages/airflow/example_dags/tutorial.py
[2025-09-19T03:12:09.630+0000] {processor.py:830} INFO - Processing file /home/airflow/.local/lib/python3.8/site-packages/airflow/example_dags/tutorial.py for tasks to queue
[2025-09-19T03:12:09.631+0000] {logging_mixin.py:188} INFO - [2025-09-19T03:12:09.631+0000] {dagbag.py:538} INFO - Filling up the DagBag from /home/airflow/.local/lib/python3.8/site-packages/airflow/example_dags/tutorial.py
[2025-09-19T03:12:09.642+0000] {processor.py:840} INFO - DAG(s) 'tutorial' retrieved from /home/airflow/.local/lib/python3.8/site-packages/airflow/example_dags/tutorial.py
[2025-09-19T03:12:09.685+0000] {logging_mixin.py:188} INFO - [2025-09-19T03:12:09.685+0000] {dag.py:3036} INFO - Sync 1 DAGs
[2025-09-19T03:12:09.721+0000] {logging_mixin.py:188} INFO - [2025-09-19T03:12:09.720+0000] {dag.py:3823} INFO - Setting next_dagrun for tutorial to 2025-09-18 00:00:00+00:00, run_after=2025-09-19 00:00:00+00:00
[2025-09-19T03:12:09.752+0000] {processor.py:183} INFO - Processing /home/airflow/.local/lib/python3.8/site-packages/airflow/example_dags/tutorial.py took 0.132 seconds
[2025-09-19T03:12:20.808+0000] {processor.py:161} INFO - Started process (PID=270) to work on /home/airflow/.local/lib/python3.8/site-packages/airflow/example_dags/tutorial.py
[2025-09-19T03:12:20.810+0000] {processor.py:830} INFO - Processing file /home/airflow/.local/lib/python3.8/site-packages/airflow/example_dags/tutorial.py for tasks to queue
[2025-09-19T03:12:20.812+0000] {logging_mixin.py:188} INFO - [2025-09-19T03:12:20.811+0000] {dagbag.py:538} INFO - Filling up the DagBag from /home/airflow/.local/lib/python3.8/site-packages/airflow/example_dags/tutorial.py
[2025-09-19T03:12:20.822+0000] {processor.py:840} INFO - DAG(s) 'tutorial' retrieved from /home/airflow/.local/lib/python3.8/site-packages/airflow/example_dags/tutorial.py
[2025-09-19T03:12:20.853+0000] {logging_mixin.py:188} INFO - [2025-09-19T03:12:20.853+0000] {dag.py:3036} INFO - Sync 1 DAGs
[2025-09-19T03:12:20.885+0000] {logging_mixin.py:188} INFO - [2025-09-19T03:12:20.885+0000] {dag.py:3823} INFO - Setting next_dagrun for tutorial to 2025-09-18 00:00:00+00:00, run_after=2025-09-19 00:00:00+00:00
[2025-09-19T03:12:20.915+0000] {processor.py:183} INFO - Processing /home/airflow/.local/lib/python3.8/site-packages/airflow/example_dags/tutorial.py took 0.114 seconds
[2025-09-19T03:16:32.215+0000] {processor.py:161} INFO - Started process (PID=84) to work on /home/airflow/.local/lib/python3.8/site-packages/airflow/example_dags/tutorial.py
[2025-09-19T03:16:32.219+0000] {processor.py:830} INFO - Processing file /home/airflow/.local/lib/python3.8/site-packages/airflow/example_dags/tutorial.py for tasks to queue
[2025-09-19T03:16:32.223+0000] {logging_mixin.py:188} INFO - [2025-09-19T03:16:32.223+0000] {dagbag.py:538} INFO - Filling up the DagBag from /home/airflow/.local/lib/python3.8/site-packages/airflow/example_dags/tutorial.py
[2025-09-19T03:16:32.245+0000] {processor.py:840} INFO - DAG(s) 'tutorial' retrieved from /home/airflow/.local/lib/python3.8/site-packages/airflow/example_dags/tutorial.py
[2025-09-19T03:16:32.333+0000] {logging_mixin.py:188} INFO - [2025-09-19T03:16:32.333+0000] {dag.py:3036} INFO - Sync 1 DAGs
[2025-09-19T03:16:32.384+0000] {logging_mixin.py:188} INFO - [2025-09-19T03:16:32.384+0000] {dag.py:3823} INFO - Setting next_dagrun for tutorial to 2025-09-18 00:00:00+00:00, run_after=2025-09-19 00:00:00+00:00
[2025-09-19T03:16:32.418+0000] {processor.py:183} INFO - Processing /home/airflow/.local/lib/python3.8/site-packages/airflow/example_dags/tutorial.py took 0.211 seconds
