[2025-09-19T03:10:53.990+0000] {processor.py:161} INFO - Started process (PID=44) to work on /home/airflow/.local/lib/python3.8/site-packages/airflow/example_dags/tutorial_taskflow_api.py
[2025-09-19T03:10:54.000+0000] {processor.py:830} INFO - Processing file /home/airflow/.local/lib/python3.8/site-packages/airflow/example_dags/tutorial_taskflow_api.py for tasks to queue
[2025-09-19T03:10:54.023+0000] {logging_mixin.py:188} INFO - [2025-09-19T03:10:54.021+0000] {dagbag.py:538} INFO - Filling up the DagBag from /home/airflow/.local/lib/python3.8/site-packages/airflow/example_dags/tutorial_taskflow_api.py
[2025-09-19T03:10:54.127+0000] {processor.py:840} INFO - DAG(s) 'tutorial_taskflow_api' retrieved from /home/airflow/.local/lib/python3.8/site-packages/airflow/example_dags/tutorial_taskflow_api.py
[2025-09-19T03:10:55.835+0000] {logging_mixin.py:188} INFO - [2025-09-19T03:10:55.834+0000] {dag.py:3036} INFO - Sync 1 DAGs
[2025-09-19T03:10:55.925+0000] {logging_mixin.py:188} INFO - [2025-09-19T03:10:55.925+0000] {dag.py:3823} INFO - Setting next_dagrun for tutorial_taskflow_api to None, run_after=None
[2025-09-19T03:10:56.031+0000] {processor.py:183} INFO - Processing /home/airflow/.local/lib/python3.8/site-packages/airflow/example_dags/tutorial_taskflow_api.py took 2.200 seconds
[2025-09-19T03:11:26.435+0000] {processor.py:161} INFO - Started process (PID=99) to work on /home/airflow/.local/lib/python3.8/site-packages/airflow/example_dags/tutorial_taskflow_api.py
[2025-09-19T03:11:26.438+0000] {processor.py:830} INFO - Processing file /home/airflow/.local/lib/python3.8/site-packages/airflow/example_dags/tutorial_taskflow_api.py for tasks to queue
[2025-09-19T03:11:26.444+0000] {logging_mixin.py:188} INFO - [2025-09-19T03:11:26.439+0000] {dagbag.py:538} INFO - Filling up the DagBag from /home/airflow/.local/lib/python3.8/site-packages/airflow/example_dags/tutorial_taskflow_api.py
[2025-09-19T03:11:26.461+0000] {processor.py:840} INFO - DAG(s) 'tutorial_taskflow_api' retrieved from /home/airflow/.local/lib/python3.8/site-packages/airflow/example_dags/tutorial_taskflow_api.py
[2025-09-19T03:13:25.445+0000] {logging_mixin.py:188} INFO - [2025-09-19T03:13:25.444+0000] {dag.py:3036} INFO - Sync 1 DAGs
[2025-09-19T03:13:25.464+0000] {logging_mixin.py:188} INFO - [2025-09-19T03:13:25.464+0000] {dag.py:3823} INFO - Setting next_dagrun for tutorial_taskflow_api to None, run_after=None
[2025-09-19T03:13:25.493+0000] {processor.py:183} INFO - Processing /home/airflow/.local/lib/python3.8/site-packages/airflow/example_dags/tutorial_taskflow_api.py took 0.132 seconds
[2025-09-19T03:14:05.639+0000] {processor.py:161} INFO - Started process (PID=204) to work on /home/airflow/.local/lib/python3.8/site-packages/airflow/example_dags/tutorial_taskflow_api.py
[2025-09-19T03:14:05.641+0000] {processor.py:830} INFO - Processing file /home/airflow/.local/lib/python3.8/site-packages/airflow/example_dags/tutorial_taskflow_api.py for tasks to queue
[2025-09-19T03:14:05.644+0000] {logging_mixin.py:188} INFO - [2025-09-19T03:14:05.643+0000] {dagbag.py:538} INFO - Filling up the DagBag from /home/airflow/.local/lib/python3.8/site-packages/airflow/example_dags/tutorial_taskflow_api.py
[2025-09-19T03:14:05.672+0000] {processor.py:840} INFO - DAG(s) 'tutorial_taskflow_api' retrieved from /home/airflow/.local/lib/python3.8/site-packages/airflow/example_dags/tutorial_taskflow_api.py
[2025-09-19T03:12:06.833+0000] {logging_mixin.py:188} INFO - [2025-09-19T03:12:06.832+0000] {dag.py:3036} INFO - Sync 1 DAGs
[2025-09-19T03:12:06.866+0000] {logging_mixin.py:188} INFO - [2025-09-19T03:12:06.865+0000] {dag.py:3823} INFO - Setting next_dagrun for tutorial_taskflow_api to None, run_after=None
[2025-09-19T03:12:06.908+0000] {processor.py:183} INFO - Processing /home/airflow/.local/lib/python3.8/site-packages/airflow/example_dags/tutorial_taskflow_api.py took 0.208 seconds
[2025-09-19T03:12:19.115+0000] {processor.py:161} INFO - Started process (PID=251) to work on /home/airflow/.local/lib/python3.8/site-packages/airflow/example_dags/tutorial_taskflow_api.py
[2025-09-19T03:12:19.121+0000] {processor.py:830} INFO - Processing file /home/airflow/.local/lib/python3.8/site-packages/airflow/example_dags/tutorial_taskflow_api.py for tasks to queue
[2025-09-19T03:12:19.123+0000] {logging_mixin.py:188} INFO - [2025-09-19T03:12:19.122+0000] {dagbag.py:538} INFO - Filling up the DagBag from /home/airflow/.local/lib/python3.8/site-packages/airflow/example_dags/tutorial_taskflow_api.py
[2025-09-19T03:12:19.136+0000] {processor.py:840} INFO - DAG(s) 'tutorial_taskflow_api' retrieved from /home/airflow/.local/lib/python3.8/site-packages/airflow/example_dags/tutorial_taskflow_api.py
[2025-09-19T03:12:19.177+0000] {logging_mixin.py:188} INFO - [2025-09-19T03:12:19.176+0000] {dag.py:3036} INFO - Sync 1 DAGs
[2025-09-19T03:12:19.202+0000] {logging_mixin.py:188} INFO - [2025-09-19T03:12:19.202+0000] {dag.py:3823} INFO - Setting next_dagrun for tutorial_taskflow_api to None, run_after=None
[2025-09-19T03:12:19.238+0000] {processor.py:183} INFO - Processing /home/airflow/.local/lib/python3.8/site-packages/airflow/example_dags/tutorial_taskflow_api.py took 0.131 seconds
[2025-09-19T03:16:27.535+0000] {processor.py:161} INFO - Started process (PID=63) to work on /home/airflow/.local/lib/python3.8/site-packages/airflow/example_dags/tutorial_taskflow_api.py
[2025-09-19T03:16:27.541+0000] {processor.py:830} INFO - Processing file /home/airflow/.local/lib/python3.8/site-packages/airflow/example_dags/tutorial_taskflow_api.py for tasks to queue
[2025-09-19T03:16:27.572+0000] {logging_mixin.py:188} INFO - [2025-09-19T03:16:27.572+0000] {dagbag.py:538} INFO - Filling up the DagBag from /home/airflow/.local/lib/python3.8/site-packages/airflow/example_dags/tutorial_taskflow_api.py
[2025-09-19T03:16:27.632+0000] {processor.py:840} INFO - DAG(s) 'tutorial_taskflow_api' retrieved from /home/airflow/.local/lib/python3.8/site-packages/airflow/example_dags/tutorial_taskflow_api.py
[2025-09-19T03:16:27.754+0000] {logging_mixin.py:188} INFO - [2025-09-19T03:16:27.753+0000] {dag.py:3036} INFO - Sync 1 DAGs
[2025-09-19T03:16:27.803+0000] {logging_mixin.py:188} INFO - [2025-09-19T03:16:27.802+0000] {dag.py:3823} INFO - Setting next_dagrun for tutorial_taskflow_api to None, run_after=None
[2025-09-19T03:16:27.861+0000] {processor.py:183} INFO - Processing /home/airflow/.local/lib/python3.8/site-packages/airflow/example_dags/tutorial_taskflow_api.py took 0.350 seconds
