[2025-09-22T00:32:22.526+0000] {taskinstance.py:1956} INFO - Dependencies all met for dep_context=non-requeueable deps ti=<TaskInstance: processamento_silver.geolocation_to_silver manual__2025-09-22T00:32:12.586757+00:00 [queued]>
[2025-09-22T00:32:22.538+0000] {taskinstance.py:1956} INFO - Dependencies all met for dep_context=requeueable deps ti=<TaskInstance: processamento_silver.geolocation_to_silver manual__2025-09-22T00:32:12.586757+00:00 [queued]>
[2025-09-22T00:32:22.539+0000] {taskinstance.py:2170} INFO - Starting attempt 1 of 2
[2025-09-22T00:32:22.560+0000] {taskinstance.py:2191} INFO - Executing <Task(PostgresOperator): geolocation_to_silver> on 2025-09-22 00:32:12.586757+00:00
[2025-09-22T00:32:22.570+0000] {standard_task_runner.py:60} INFO - Started process 853 to run task
[2025-09-22T00:32:22.580+0000] {standard_task_runner.py:87} INFO - Running: ['***', 'tasks', 'run', 'processamento_silver', 'geolocation_to_silver', 'manual__2025-09-22T00:32:12.586757+00:00', '--job-id', '92', '--raw', '--subdir', 'DAGS_FOLDER/processamento_silver.py', '--cfg-path', '/tmp/tmppkr2kzzo']
[2025-09-22T00:32:22.584+0000] {standard_task_runner.py:88} INFO - Job 92: Subtask geolocation_to_silver
[2025-09-22T00:32:22.667+0000] {task_command.py:423} INFO - Running <TaskInstance: processamento_silver.geolocation_to_silver manual__2025-09-22T00:32:12.586757+00:00 [running]> on host e833383cbb8e
[2025-09-22T00:32:22.788+0000] {taskinstance.py:2480} INFO - Exporting env vars: AIRFLOW_CTX_DAG_OWNER='***' AIRFLOW_CTX_DAG_ID='processamento_silver' AIRFLOW_CTX_TASK_ID='geolocation_to_silver' AIRFLOW_CTX_EXECUTION_DATE='2025-09-22T00:32:12.586757+00:00' AIRFLOW_CTX_TRY_NUMBER='1' AIRFLOW_CTX_DAG_RUN_ID='manual__2025-09-22T00:32:12.586757+00:00'
[2025-09-22T00:32:22.791+0000] {sql.py:276} INFO - Executing: CREATE SCHEMA IF NOT EXISTS silver;

DROP TABLE IF EXISTS silver.olist_geolocation_dataset;

CREATE TABLE silver.olist_geolocation_dataset AS
SELECT
    regexp_replace(geolocation_zip_code_prefix, '[^0-9]', '', 'g') AS geolocation_zip_code_prefix,
    CAST(geolocation_lat AS NUMERIC(18,6)) AS geolocation_lat,
    CAST(geolocation_lng AS NUMERIC(18,6)) AS geolocation_lng,
    lower(trim(geolocation_city)) AS geolocation_city,
    upper(trim(geolocation_state)) AS geolocation_state
FROM bronze.olist_geolocation_dataset;
[2025-09-22T00:32:22.819+0000] {taskinstance.py:2698} ERROR - Task failed with exception
Traceback (most recent call last):
  File "/home/airflow/.local/lib/python3.8/site-packages/airflow/models/taskinstance.py", line 433, in _execute_task
    result = execute_callable(context=context, **execute_callable_kwargs)
  File "/home/airflow/.local/lib/python3.8/site-packages/airflow/providers/common/sql/operators/sql.py", line 277, in execute
    hook = self.get_db_hook()
  File "/home/airflow/.local/lib/python3.8/site-packages/airflow/providers/common/sql/operators/sql.py", line 188, in get_db_hook
    return self._hook
  File "/usr/local/lib/python3.8/functools.py", line 967, in __get__
    val = self.func(instance)
  File "/home/airflow/.local/lib/python3.8/site-packages/airflow/providers/common/sql/operators/sql.py", line 150, in _hook
    conn = BaseHook.get_connection(conn_id)
  File "/home/airflow/.local/lib/python3.8/site-packages/airflow/hooks/base.py", line 82, in get_connection
    conn = Connection.get_connection_from_secrets(conn_id)
  File "/home/airflow/.local/lib/python3.8/site-packages/airflow/models/connection.py", line 479, in get_connection_from_secrets
    raise AirflowNotFoundException(f"The conn_id `{conn_id}` isn't defined")
airflow.exceptions.AirflowNotFoundException: The conn_id `***_db` isn't defined
[2025-09-22T00:32:22.828+0000] {taskinstance.py:1138} INFO - Marking task as UP_FOR_RETRY. dag_id=processamento_silver, task_id=geolocation_to_silver, execution_date=20250922T003212, start_date=20250922T003222, end_date=20250922T003222
[2025-09-22T00:32:22.846+0000] {standard_task_runner.py:107} ERROR - Failed to execute job 92 for task geolocation_to_silver (The conn_id `***_db` isn't defined; 853)
[2025-09-22T00:32:22.876+0000] {local_task_job_runner.py:234} INFO - Task exited with return code 1
[2025-09-22T00:32:22.901+0000] {taskinstance.py:3280} INFO - 0 downstream tasks scheduled from follow-on schedule check
