[2025-09-22T00:40:56.511+0000] {taskinstance.py:1956} INFO - Dependencies all met for dep_context=non-requeueable deps ti=<TaskInstance: processamento_silver.orders_to_silver manual__2025-09-22T00:40:46.287154+00:00 [queued]>
[2025-09-22T00:40:56.575+0000] {taskinstance.py:1956} INFO - Dependencies all met for dep_context=requeueable deps ti=<TaskInstance: processamento_silver.orders_to_silver manual__2025-09-22T00:40:46.287154+00:00 [queued]>
[2025-09-22T00:40:56.582+0000] {taskinstance.py:2170} INFO - Starting attempt 1 of 2
[2025-09-22T00:40:56.670+0000] {taskinstance.py:2191} INFO - Executing <Task(PostgresOperator): orders_to_silver> on 2025-09-22 00:40:46.287154+00:00
[2025-09-22T00:40:56.691+0000] {standard_task_runner.py:60} INFO - Started process 1029 to run task
[2025-09-22T00:40:56.726+0000] {standard_task_runner.py:87} INFO - Running: ['***', 'tasks', 'run', 'processamento_silver', 'orders_to_silver', 'manual__2025-09-22T00:40:46.287154+00:00', '--job-id', '109', '--raw', '--subdir', 'DAGS_FOLDER/processamento_silver.py', '--cfg-path', '/tmp/tmpdzmeb1bu']
[2025-09-22T00:40:56.755+0000] {standard_task_runner.py:88} INFO - Job 109: Subtask orders_to_silver
[2025-09-22T00:40:56.961+0000] {task_command.py:423} INFO - Running <TaskInstance: processamento_silver.orders_to_silver manual__2025-09-22T00:40:46.287154+00:00 [running]> on host e833383cbb8e
[2025-09-22T00:40:57.399+0000] {taskinstance.py:2480} INFO - Exporting env vars: AIRFLOW_CTX_DAG_OWNER='***' AIRFLOW_CTX_DAG_ID='processamento_silver' AIRFLOW_CTX_TASK_ID='orders_to_silver' AIRFLOW_CTX_EXECUTION_DATE='2025-09-22T00:40:46.287154+00:00' AIRFLOW_CTX_TRY_NUMBER='1' AIRFLOW_CTX_DAG_RUN_ID='manual__2025-09-22T00:40:46.287154+00:00'
[2025-09-22T00:40:57.402+0000] {sql.py:276} INFO - Executing: CREATE SCHEMA IF NOT EXISTS silver;

DROP TABLE IF EXISTS silver.olist_orders_dataset;

CREATE TABLE silver.olist_orders_dataset AS
SELECT
    order_id,
    customer_id,
    lower(trim(order_status)) AS order_status,
    CAST(order_purchase_timestamp AS TIMESTAMP) AS order_purchase_timestamp,
    CAST(order_approved_at AS TIMESTAMP) AS order_approved_at,
    CAST(order_delivered_carrier_date AS TIMESTAMP) AS order_delivered_carrier_date,
    CAST(order_delivered_customer_date AS TIMESTAMP) AS order_delivered_customer_date,
    CAST(order_estimated_delivery_date AS TIMESTAMP) AS order_estimated_delivery_date
FROM bronze.olist_orders_dataset;
[2025-09-22T00:40:57.453+0000] {base.py:83} INFO - Using connection ID '***_db' for task execution.
[2025-09-22T00:40:57.499+0000] {base.py:83} INFO - Using connection ID '***_db' for task execution.
[2025-09-22T00:40:57.528+0000] {sql.py:450} INFO - Running statement: CREATE SCHEMA IF NOT EXISTS silver;

DROP TABLE IF EXISTS silver.olist_orders_dataset;

CREATE TABLE silver.olist_orders_dataset AS
SELECT
    order_id,
    customer_id,
    lower(trim(order_status)) AS order_status,
    CAST(order_purchase_timestamp AS TIMESTAMP) AS order_purchase_timestamp,
    CAST(order_approved_at AS TIMESTAMP) AS order_approved_at,
    CAST(order_delivered_carrier_date AS TIMESTAMP) AS order_delivered_carrier_date,
    CAST(order_delivered_customer_date AS TIMESTAMP) AS order_delivered_customer_date,
    CAST(order_estimated_delivery_date AS TIMESTAMP) AS order_estimated_delivery_date
FROM bronze.olist_orders_dataset;, parameters: None
[2025-09-22T00:40:58.625+0000] {sql.py:459} INFO - Rows affected: 99441
[2025-09-22T00:40:58.705+0000] {taskinstance.py:1138} INFO - Marking task as SUCCESS. dag_id=processamento_silver, task_id=orders_to_silver, execution_date=20250922T004046, start_date=20250922T004056, end_date=20250922T004058
[2025-09-22T00:40:58.898+0000] {local_task_job_runner.py:234} INFO - Task exited with return code 0
[2025-09-22T00:40:59.018+0000] {taskinstance.py:3280} INFO - 0 downstream tasks scheduled from follow-on schedule check
