[2025-09-22T00:49:00.538+0000] {taskinstance.py:1956} INFO - Dependencies all met for dep_context=non-requeueable deps ti=<TaskInstance: processamento_silver.geolocation_to_silver manual__2025-09-22T00:48:47.181291+00:00 [queued]>
[2025-09-22T00:49:00.622+0000] {taskinstance.py:1956} INFO - Dependencies all met for dep_context=requeueable deps ti=<TaskInstance: processamento_silver.geolocation_to_silver manual__2025-09-22T00:48:47.181291+00:00 [queued]>
[2025-09-22T00:49:00.623+0000] {taskinstance.py:2170} INFO - Starting attempt 1 of 2
[2025-09-22T00:49:00.782+0000] {taskinstance.py:2191} INFO - Executing <Task(PostgresOperator): geolocation_to_silver> on 2025-09-22 00:48:47.181291+00:00
[2025-09-22T00:49:00.817+0000] {standard_task_runner.py:60} INFO - Started process 1183 to run task
[2025-09-22T00:49:00.828+0000] {standard_task_runner.py:87} INFO - Running: ['***', 'tasks', 'run', 'processamento_silver', 'geolocation_to_silver', 'manual__2025-09-22T00:48:47.181291+00:00', '--job-id', '124', '--raw', '--subdir', 'DAGS_FOLDER/processamento_silver.py', '--cfg-path', '/tmp/tmp_w14ccz6']
[2025-09-22T00:49:00.845+0000] {standard_task_runner.py:88} INFO - Job 124: Subtask geolocation_to_silver
[2025-09-22T00:49:01.228+0000] {task_command.py:423} INFO - Running <TaskInstance: processamento_silver.geolocation_to_silver manual__2025-09-22T00:48:47.181291+00:00 [running]> on host e833383cbb8e
[2025-09-22T00:49:01.943+0000] {taskinstance.py:2480} INFO - Exporting env vars: AIRFLOW_CTX_DAG_OWNER='***' AIRFLOW_CTX_DAG_ID='processamento_silver' AIRFLOW_CTX_TASK_ID='geolocation_to_silver' AIRFLOW_CTX_EXECUTION_DATE='2025-09-22T00:48:47.181291+00:00' AIRFLOW_CTX_TRY_NUMBER='1' AIRFLOW_CTX_DAG_RUN_ID='manual__2025-09-22T00:48:47.181291+00:00'
[2025-09-22T00:49:01.946+0000] {sql.py:276} INFO - Executing: CREATE SCHEMA IF NOT EXISTS silver;

DROP TABLE IF EXISTS silver.olist_geolocation_dataset;

CREATE TABLE silver.olist_geolocation_dataset AS
SELECT
    regexp_replace(geolocation_zip_code_prefix::text, '[^0-9]', '', 'g') AS geolocation_zip_code_prefix,
    CAST(geolocation_lat AS NUMERIC(18,6)) AS geolocation_lat,
    CAST(geolocation_lng AS NUMERIC(18,6)) AS geolocation_lng,
    lower(trim(geolocation_city)) AS geolocation_city,
    upper(trim(geolocation_state)) AS geolocation_state
FROM bronze.olist_geolocation_dataset;
[2025-09-22T00:49:02.043+0000] {base.py:83} INFO - Using connection ID '***_db' for task execution.
[2025-09-22T00:49:02.159+0000] {base.py:83} INFO - Using connection ID '***_db' for task execution.
[2025-09-22T00:49:02.245+0000] {sql.py:450} INFO - Running statement: CREATE SCHEMA IF NOT EXISTS silver;

DROP TABLE IF EXISTS silver.olist_geolocation_dataset;

CREATE TABLE silver.olist_geolocation_dataset AS
SELECT
    regexp_replace(geolocation_zip_code_prefix::text, '[^0-9]', '', 'g') AS geolocation_zip_code_prefix,
    CAST(geolocation_lat AS NUMERIC(18,6)) AS geolocation_lat,
    CAST(geolocation_lng AS NUMERIC(18,6)) AS geolocation_lng,
    lower(trim(geolocation_city)) AS geolocation_city,
    upper(trim(geolocation_state)) AS geolocation_state
FROM bronze.olist_geolocation_dataset;, parameters: None
[2025-09-22T00:49:10.131+0000] {sql.py:459} INFO - Rows affected: 1000163
[2025-09-22T00:49:10.152+0000] {taskinstance.py:1138} INFO - Marking task as SUCCESS. dag_id=processamento_silver, task_id=geolocation_to_silver, execution_date=20250922T004847, start_date=20250922T004900, end_date=20250922T004910
[2025-09-22T00:49:10.175+0000] {local_task_job_runner.py:234} INFO - Task exited with return code 0
[2025-09-22T00:49:10.194+0000] {taskinstance.py:3280} INFO - 0 downstream tasks scheduled from follow-on schedule check
